mode: set
github.com/endomorphosis/Mcp-Plus-Plus/tests-go/validators/base_mcp.go:22.46,31.2 3 1
github.com/endomorphosis/Mcp-Plus-Plus/tests-go/validators/base_mcp.go:34.48,37.2 2 1
github.com/endomorphosis/Mcp-Plus-Plus/tests-go/validators/base_mcp.go:42.98,44.51 2 1
github.com/endomorphosis/Mcp-Plus-Plus/tests-go/validators/base_mcp.go:44.51,46.3 1 0
github.com/endomorphosis/Mcp-Plus-Plus/tests-go/validators/base_mcp.go:48.2,48.47 1 1
github.com/endomorphosis/Mcp-Plus-Plus/tests-go/validators/base_mcp.go:48.47,50.3 1 1
github.com/endomorphosis/Mcp-Plus-Plus/tests-go/validators/base_mcp.go:53.2,53.26 1 1
github.com/endomorphosis/Mcp-Plus-Plus/tests-go/validators/base_mcp.go:53.26,55.3 1 0
github.com/endomorphosis/Mcp-Plus-Plus/tests-go/validators/base_mcp.go:57.2,57.18 1 1
github.com/endomorphosis/Mcp-Plus-Plus/tests-go/validators/base_mcp.go:63.100,65.52 2 1
github.com/endomorphosis/Mcp-Plus-Plus/tests-go/validators/base_mcp.go:65.52,67.3 1 0
github.com/endomorphosis/Mcp-Plus-Plus/tests-go/validators/base_mcp.go:69.2,69.48 1 1
github.com/endomorphosis/Mcp-Plus-Plus/tests-go/validators/base_mcp.go:69.48,71.3 1 0
github.com/endomorphosis/Mcp-Plus-Plus/tests-go/validators/base_mcp.go:74.2,77.27 3 1
github.com/endomorphosis/Mcp-Plus-Plus/tests-go/validators/base_mcp.go:77.27,79.3 1 1
github.com/endomorphosis/Mcp-Plus-Plus/tests-go/validators/base_mcp.go:80.2,80.29 1 1
github.com/endomorphosis/Mcp-Plus-Plus/tests-go/validators/base_mcp.go:80.29,82.3 1 1
github.com/endomorphosis/Mcp-Plus-Plus/tests-go/validators/base_mcp.go:84.2,84.19 1 1
github.com/endomorphosis/Mcp-Plus-Plus/tests-go/validators/base_mcp.go:90.108,92.53 2 1
github.com/endomorphosis/Mcp-Plus-Plus/tests-go/validators/base_mcp.go:92.53,94.3 1 0
github.com/endomorphosis/Mcp-Plus-Plus/tests-go/validators/base_mcp.go:96.2,96.49 1 1
github.com/endomorphosis/Mcp-Plus-Plus/tests-go/validators/base_mcp.go:96.49,98.3 1 0
github.com/endomorphosis/Mcp-Plus-Plus/tests-go/validators/base_mcp.go:101.2,101.69 1 1
github.com/endomorphosis/Mcp-Plus-Plus/tests-go/validators/base_mcp.go:101.69,103.3 1 1
github.com/endomorphosis/Mcp-Plus-Plus/tests-go/validators/base_mcp.go:105.2,105.20 1 1
github.com/endomorphosis/Mcp-Plus-Plus/tests-go/validators/base_mcp.go:111.103,113.51 2 1
github.com/endomorphosis/Mcp-Plus-Plus/tests-go/validators/base_mcp.go:113.51,115.3 1 0
github.com/endomorphosis/Mcp-Plus-Plus/tests-go/validators/base_mcp.go:117.2,117.32 1 1
github.com/endomorphosis/Mcp-Plus-Plus/tests-go/validators/base_mcp.go:117.32,119.3 1 0
github.com/endomorphosis/Mcp-Plus-Plus/tests-go/validators/base_mcp.go:122.2,123.16 2 1
github.com/endomorphosis/Mcp-Plus-Plus/tests-go/validators/base_mcp.go:123.16,125.3 1 0
github.com/endomorphosis/Mcp-Plus-Plus/tests-go/validators/base_mcp.go:127.2,128.60 2 1
github.com/endomorphosis/Mcp-Plus-Plus/tests-go/validators/base_mcp.go:128.60,130.3 1 0
github.com/endomorphosis/Mcp-Plus-Plus/tests-go/validators/base_mcp.go:132.2,132.50 1 1
github.com/endomorphosis/Mcp-Plus-Plus/tests-go/validators/base_mcp.go:132.50,134.3 1 1
github.com/endomorphosis/Mcp-Plus-Plus/tests-go/validators/base_mcp.go:136.2,136.21 1 1
github.com/endomorphosis/Mcp-Plus-Plus/tests-go/validators/base_mcp.go:142.92,144.51 2 1
github.com/endomorphosis/Mcp-Plus-Plus/tests-go/validators/base_mcp.go:144.51,146.3 1 0
github.com/endomorphosis/Mcp-Plus-Plus/tests-go/validators/base_mcp.go:148.2,148.32 1 1
github.com/endomorphosis/Mcp-Plus-Plus/tests-go/validators/base_mcp.go:148.32,150.3 1 0
github.com/endomorphosis/Mcp-Plus-Plus/tests-go/validators/base_mcp.go:153.2,154.16 2 1
github.com/endomorphosis/Mcp-Plus-Plus/tests-go/validators/base_mcp.go:154.16,156.3 1 0
github.com/endomorphosis/Mcp-Plus-Plus/tests-go/validators/base_mcp.go:158.2,159.60 2 1
github.com/endomorphosis/Mcp-Plus-Plus/tests-go/validators/base_mcp.go:159.60,161.3 1 0
github.com/endomorphosis/Mcp-Plus-Plus/tests-go/validators/base_mcp.go:163.2,163.50 1 1
github.com/endomorphosis/Mcp-Plus-Plus/tests-go/validators/base_mcp.go:163.50,165.3 1 0
github.com/endomorphosis/Mcp-Plus-Plus/tests-go/validators/base_mcp.go:167.2,167.21 1 1
github.com/endomorphosis/Mcp-Plus-Plus/tests-go/validators/base_mcp.go:173.100,175.51 2 1
github.com/endomorphosis/Mcp-Plus-Plus/tests-go/validators/base_mcp.go:175.51,177.3 1 0
github.com/endomorphosis/Mcp-Plus-Plus/tests-go/validators/base_mcp.go:179.2,179.36 1 1
github.com/endomorphosis/Mcp-Plus-Plus/tests-go/validators/base_mcp.go:179.36,181.3 1 0
github.com/endomorphosis/Mcp-Plus-Plus/tests-go/validators/base_mcp.go:184.2,185.16 2 1
github.com/endomorphosis/Mcp-Plus-Plus/tests-go/validators/base_mcp.go:185.16,187.3 1 0
github.com/endomorphosis/Mcp-Plus-Plus/tests-go/validators/base_mcp.go:189.2,190.60 2 1
github.com/endomorphosis/Mcp-Plus-Plus/tests-go/validators/base_mcp.go:190.60,192.3 1 0
github.com/endomorphosis/Mcp-Plus-Plus/tests-go/validators/base_mcp.go:194.2,194.50 1 1
github.com/endomorphosis/Mcp-Plus-Plus/tests-go/validators/base_mcp.go:194.50,196.3 1 0
github.com/endomorphosis/Mcp-Plus-Plus/tests-go/validators/base_mcp.go:198.2,198.21 1 1
github.com/endomorphosis/Mcp-Plus-Plus/tests-go/validators/base_mcp.go:204.94,206.51 2 1
github.com/endomorphosis/Mcp-Plus-Plus/tests-go/validators/base_mcp.go:206.51,208.3 1 0
github.com/endomorphosis/Mcp-Plus-Plus/tests-go/validators/base_mcp.go:210.2,210.33 1 1
github.com/endomorphosis/Mcp-Plus-Plus/tests-go/validators/base_mcp.go:210.33,212.3 1 0
github.com/endomorphosis/Mcp-Plus-Plus/tests-go/validators/base_mcp.go:215.2,216.16 2 1
github.com/endomorphosis/Mcp-Plus-Plus/tests-go/validators/base_mcp.go:216.16,218.3 1 0
github.com/endomorphosis/Mcp-Plus-Plus/tests-go/validators/base_mcp.go:220.2,221.60 2 1
github.com/endomorphosis/Mcp-Plus-Plus/tests-go/validators/base_mcp.go:221.60,223.3 1 0
github.com/endomorphosis/Mcp-Plus-Plus/tests-go/validators/base_mcp.go:225.2,225.50 1 1
github.com/endomorphosis/Mcp-Plus-Plus/tests-go/validators/base_mcp.go:225.50,227.3 1 0
github.com/endomorphosis/Mcp-Plus-Plus/tests-go/validators/base_mcp.go:229.2,229.21 1 1
github.com/endomorphosis/Mcp-Plus-Plus/tests-go/validators/cid_artifacts.go:19.38,23.2 1 1
github.com/endomorphosis/Mcp-Plus-Plus/tests-go/validators/cid_artifacts.go:28.100,30.56 2 1
github.com/endomorphosis/Mcp-Plus-Plus/tests-go/validators/cid_artifacts.go:30.56,32.3 1 0
github.com/endomorphosis/Mcp-Plus-Plus/tests-go/validators/cid_artifacts.go:34.2,34.57 1 1
github.com/endomorphosis/Mcp-Plus-Plus/tests-go/validators/cid_artifacts.go:34.57,36.3 1 0
github.com/endomorphosis/Mcp-Plus-Plus/tests-go/validators/cid_artifacts.go:39.2,39.74 1 1
github.com/endomorphosis/Mcp-Plus-Plus/tests-go/validators/cid_artifacts.go:39.74,41.3 1 0
github.com/endomorphosis/Mcp-Plus-Plus/tests-go/validators/cid_artifacts.go:42.2,42.70 1 1
github.com/endomorphosis/Mcp-Plus-Plus/tests-go/validators/cid_artifacts.go:42.70,44.3 1 0
github.com/endomorphosis/Mcp-Plus-Plus/tests-go/validators/cid_artifacts.go:46.2,46.23 1 1
github.com/endomorphosis/Mcp-Plus-Plus/tests-go/validators/cid_artifacts.go:52.98,54.55 2 1
github.com/endomorphosis/Mcp-Plus-Plus/tests-go/validators/cid_artifacts.go:54.55,56.3 1 0
github.com/endomorphosis/Mcp-Plus-Plus/tests-go/validators/cid_artifacts.go:58.2,58.56 1 1
github.com/endomorphosis/Mcp-Plus-Plus/tests-go/validators/cid_artifacts.go:58.56,60.3 1 0
github.com/endomorphosis/Mcp-Plus-Plus/tests-go/validators/cid_artifacts.go:63.2,63.72 1 1
github.com/endomorphosis/Mcp-Plus-Plus/tests-go/validators/cid_artifacts.go:63.72,65.3 1 0
github.com/endomorphosis/Mcp-Plus-Plus/tests-go/validators/cid_artifacts.go:66.2,66.70 1 1
github.com/endomorphosis/Mcp-Plus-Plus/tests-go/validators/cid_artifacts.go:66.70,68.3 1 0
github.com/endomorphosis/Mcp-Plus-Plus/tests-go/validators/cid_artifacts.go:71.2,71.64 1 1
github.com/endomorphosis/Mcp-Plus-Plus/tests-go/validators/cid_artifacts.go:71.64,73.3 1 0
github.com/endomorphosis/Mcp-Plus-Plus/tests-go/validators/cid_artifacts.go:75.2,75.22 1 1
github.com/endomorphosis/Mcp-Plus-Plus/tests-go/validators/event_dag.go:19.48,23.2 1 1
github.com/endomorphosis/Mcp-Plus-Plus/tests-go/validators/event_dag.go:28.81,30.53 2 1
github.com/endomorphosis/Mcp-Plus-Plus/tests-go/validators/event_dag.go:30.53,32.3 1 0
github.com/endomorphosis/Mcp-Plus-Plus/tests-go/validators/event_dag.go:34.2,34.54 1 1
github.com/endomorphosis/Mcp-Plus-Plus/tests-go/validators/event_dag.go:34.54,36.3 1 0
github.com/endomorphosis/Mcp-Plus-Plus/tests-go/validators/event_dag.go:39.2,39.67 1 1
github.com/endomorphosis/Mcp-Plus-Plus/tests-go/validators/event_dag.go:39.67,41.3 1 0
github.com/endomorphosis/Mcp-Plus-Plus/tests-go/validators/event_dag.go:44.2,44.39 1 1
github.com/endomorphosis/Mcp-Plus-Plus/tests-go/validators/event_dag.go:44.39,45.60 1 0
github.com/endomorphosis/Mcp-Plus-Plus/tests-go/validators/event_dag.go:45.60,47.4 1 0
github.com/endomorphosis/Mcp-Plus-Plus/tests-go/validators/event_dag.go:50.2,50.20 1 1
github.com/endomorphosis/Mcp-Plus-Plus/tests-go/validators/event_dag.go:56.87,58.51 2 1
github.com/endomorphosis/Mcp-Plus-Plus/tests-go/validators/event_dag.go:58.51,60.3 1 0
github.com/endomorphosis/Mcp-Plus-Plus/tests-go/validators/event_dag.go:62.2,62.52 1 1
github.com/endomorphosis/Mcp-Plus-Plus/tests-go/validators/event_dag.go:62.52,64.3 1 0
github.com/endomorphosis/Mcp-Plus-Plus/tests-go/validators/event_dag.go:67.2,67.36 1 1
github.com/endomorphosis/Mcp-Plus-Plus/tests-go/validators/event_dag.go:67.36,68.48 1 1
github.com/endomorphosis/Mcp-Plus-Plus/tests-go/validators/event_dag.go:68.48,70.4 1 0
github.com/endomorphosis/Mcp-Plus-Plus/tests-go/validators/event_dag.go:74.2,74.42 1 1
github.com/endomorphosis/Mcp-Plus-Plus/tests-go/validators/event_dag.go:74.42,75.43 1 1
github.com/endomorphosis/Mcp-Plus-Plus/tests-go/validators/event_dag.go:75.43,76.51 1 0
github.com/endomorphosis/Mcp-Plus-Plus/tests-go/validators/event_dag.go:76.51,78.5 1 0
github.com/endomorphosis/Mcp-Plus-Plus/tests-go/validators/event_dag.go:83.2,83.47 1 1
github.com/endomorphosis/Mcp-Plus-Plus/tests-go/validators/event_dag.go:83.47,85.3 1 0
github.com/endomorphosis/Mcp-Plus-Plus/tests-go/validators/event_dag.go:87.2,87.18 1 1
github.com/endomorphosis/Mcp-Plus-Plus/tests-go/validators/event_dag.go:91.74,96.36 4 1
github.com/endomorphosis/Mcp-Plus-Plus/tests-go/validators/event_dag.go:96.36,101.43 4 1
github.com/endomorphosis/Mcp-Plus-Plus/tests-go/validators/event_dag.go:101.43,102.27 1 1
github.com/endomorphosis/Mcp-Plus-Plus/tests-go/validators/event_dag.go:102.27,103.42 1 1
github.com/endomorphosis/Mcp-Plus-Plus/tests-go/validators/event_dag.go:103.42,105.6 1 1
github.com/endomorphosis/Mcp-Plus-Plus/tests-go/validators/event_dag.go:106.10,106.34 1 1
github.com/endomorphosis/Mcp-Plus-Plus/tests-go/validators/event_dag.go:106.34,108.5 1 1
github.com/endomorphosis/Mcp-Plus-Plus/tests-go/validators/event_dag.go:111.3,112.13 2 1
github.com/endomorphosis/Mcp-Plus-Plus/tests-go/validators/event_dag.go:116.2,116.36 1 1
github.com/endomorphosis/Mcp-Plus-Plus/tests-go/validators/event_dag.go:116.36,117.24 1 1
github.com/endomorphosis/Mcp-Plus-Plus/tests-go/validators/event_dag.go:117.24,118.39 1 1
github.com/endomorphosis/Mcp-Plus-Plus/tests-go/validators/event_dag.go:118.39,120.5 1 1
github.com/endomorphosis/Mcp-Plus-Plus/tests-go/validators/event_dag.go:124.2,124.12 1 1
github.com/endomorphosis/Mcp-Plus-Plus/tests-go/validators/mcp_idl.go:19.44,23.2 1 1
github.com/endomorphosis/Mcp-Plus-Plus/tests-go/validators/mcp_idl.go:28.107,30.58 2 1
github.com/endomorphosis/Mcp-Plus-Plus/tests-go/validators/mcp_idl.go:30.58,32.3 1 0
github.com/endomorphosis/Mcp-Plus-Plus/tests-go/validators/mcp_idl.go:34.2,34.59 1 1
github.com/endomorphosis/Mcp-Plus-Plus/tests-go/validators/mcp_idl.go:34.59,36.3 1 0
github.com/endomorphosis/Mcp-Plus-Plus/tests-go/validators/mcp_idl.go:39.2,39.44 1 1
github.com/endomorphosis/Mcp-Plus-Plus/tests-go/validators/mcp_idl.go:39.44,40.24 1 1
github.com/endomorphosis/Mcp-Plus-Plus/tests-go/validators/mcp_idl.go:40.24,42.4 1 0
github.com/endomorphosis/Mcp-Plus-Plus/tests-go/validators/mcp_idl.go:43.3,43.30 1 1
github.com/endomorphosis/Mcp-Plus-Plus/tests-go/validators/mcp_idl.go:43.30,45.4 1 0
github.com/endomorphosis/Mcp-Plus-Plus/tests-go/validators/mcp_idl.go:48.2,48.25 1 1
github.com/endomorphosis/Mcp-Plus-Plus/tests-go/validators/mcp_idl.go:54.109,56.54 2 0
github.com/endomorphosis/Mcp-Plus-Plus/tests-go/validators/mcp_idl.go:56.54,58.3 1 0
github.com/endomorphosis/Mcp-Plus-Plus/tests-go/validators/mcp_idl.go:60.2,60.55 1 0
github.com/endomorphosis/Mcp-Plus-Plus/tests-go/validators/mcp_idl.go:60.55,62.3 1 0
github.com/endomorphosis/Mcp-Plus-Plus/tests-go/validators/mcp_idl.go:64.2,64.21 1 0
github.com/endomorphosis/Mcp-Plus-Plus/tests-go/validators/policy_evaluation.go:19.44,23.2 1 1
github.com/endomorphosis/Mcp-Plus-Plus/tests-go/validators/policy_evaluation.go:28.101,30.54 2 1
github.com/endomorphosis/Mcp-Plus-Plus/tests-go/validators/policy_evaluation.go:30.54,32.3 1 0
github.com/endomorphosis/Mcp-Plus-Plus/tests-go/validators/policy_evaluation.go:34.2,34.55 1 1
github.com/endomorphosis/Mcp-Plus-Plus/tests-go/validators/policy_evaluation.go:34.55,36.3 1 0
github.com/endomorphosis/Mcp-Plus-Plus/tests-go/validators/policy_evaluation.go:39.2,39.69 1 1
github.com/endomorphosis/Mcp-Plus-Plus/tests-go/validators/policy_evaluation.go:39.69,41.3 1 0
github.com/endomorphosis/Mcp-Plus-Plus/tests-go/validators/policy_evaluation.go:44.2,49.30 2 1
github.com/endomorphosis/Mcp-Plus-Plus/tests-go/validators/policy_evaluation.go:49.30,51.3 1 0
github.com/endomorphosis/Mcp-Plus-Plus/tests-go/validators/policy_evaluation.go:53.2,53.21 1 1
github.com/endomorphosis/Mcp-Plus-Plus/tests-go/validators/policy_evaluation.go:59.97,61.56 2 1
github.com/endomorphosis/Mcp-Plus-Plus/tests-go/validators/policy_evaluation.go:61.56,63.3 1 0
github.com/endomorphosis/Mcp-Plus-Plus/tests-go/validators/policy_evaluation.go:65.2,65.57 1 1
github.com/endomorphosis/Mcp-Plus-Plus/tests-go/validators/policy_evaluation.go:65.57,67.3 1 0
github.com/endomorphosis/Mcp-Plus-Plus/tests-go/validators/policy_evaluation.go:70.2,70.73 1 1
github.com/endomorphosis/Mcp-Plus-Plus/tests-go/validators/policy_evaluation.go:70.73,72.3 1 0
github.com/endomorphosis/Mcp-Plus-Plus/tests-go/validators/policy_evaluation.go:73.2,73.71 1 1
github.com/endomorphosis/Mcp-Plus-Plus/tests-go/validators/policy_evaluation.go:73.71,75.3 1 0
github.com/endomorphosis/Mcp-Plus-Plus/tests-go/validators/policy_evaluation.go:78.2,83.40 2 1
github.com/endomorphosis/Mcp-Plus-Plus/tests-go/validators/policy_evaluation.go:83.40,85.3 1 0
github.com/endomorphosis/Mcp-Plus-Plus/tests-go/validators/policy_evaluation.go:88.2,88.98 1 1
github.com/endomorphosis/Mcp-Plus-Plus/tests-go/validators/policy_evaluation.go:88.98,90.3 1 0
github.com/endomorphosis/Mcp-Plus-Plus/tests-go/validators/policy_evaluation.go:92.2,92.23 1 1
github.com/endomorphosis/Mcp-Plus-Plus/tests-go/validators/transport.go:19.50,23.2 1 1
github.com/endomorphosis/Mcp-Plus-Plus/tests-go/validators/transport.go:28.104,30.51 2 1
github.com/endomorphosis/Mcp-Plus-Plus/tests-go/validators/transport.go:30.51,32.3 1 0
github.com/endomorphosis/Mcp-Plus-Plus/tests-go/validators/transport.go:34.2,34.52 1 1
github.com/endomorphosis/Mcp-Plus-Plus/tests-go/validators/transport.go:34.52,36.3 1 0
github.com/endomorphosis/Mcp-Plus-Plus/tests-go/validators/transport.go:39.2,39.40 1 1
github.com/endomorphosis/Mcp-Plus-Plus/tests-go/validators/transport.go:39.40,41.3 1 0
github.com/endomorphosis/Mcp-Plus-Plus/tests-go/validators/transport.go:44.2,45.67 2 1
github.com/endomorphosis/Mcp-Plus-Plus/tests-go/validators/transport.go:45.67,47.3 1 0
github.com/endomorphosis/Mcp-Plus-Plus/tests-go/validators/transport.go:49.2,49.18 1 1
github.com/endomorphosis/Mcp-Plus-Plus/tests-go/validators/transport.go:55.94,57.52 2 0
github.com/endomorphosis/Mcp-Plus-Plus/tests-go/validators/transport.go:57.52,59.3 1 0
github.com/endomorphosis/Mcp-Plus-Plus/tests-go/validators/transport.go:61.2,61.53 1 0
github.com/endomorphosis/Mcp-Plus-Plus/tests-go/validators/transport.go:61.53,63.3 1 0
github.com/endomorphosis/Mcp-Plus-Plus/tests-go/validators/transport.go:65.2,65.19 1 0
github.com/endomorphosis/Mcp-Plus-Plus/tests-go/validators/ucan_delegation.go:19.40,23.2 1 1
github.com/endomorphosis/Mcp-Plus-Plus/tests-go/validators/ucan_delegation.go:28.85,30.53 2 1
github.com/endomorphosis/Mcp-Plus-Plus/tests-go/validators/ucan_delegation.go:30.53,32.3 1 0
github.com/endomorphosis/Mcp-Plus-Plus/tests-go/validators/ucan_delegation.go:34.2,34.54 1 1
github.com/endomorphosis/Mcp-Plus-Plus/tests-go/validators/ucan_delegation.go:34.54,36.3 1 0
github.com/endomorphosis/Mcp-Plus-Plus/tests-go/validators/ucan_delegation.go:39.2,39.34 1 1
github.com/endomorphosis/Mcp-Plus-Plus/tests-go/validators/ucan_delegation.go:39.34,41.3 1 0
github.com/endomorphosis/Mcp-Plus-Plus/tests-go/validators/ucan_delegation.go:44.2,44.41 1 1
github.com/endomorphosis/Mcp-Plus-Plus/tests-go/validators/ucan_delegation.go:44.41,45.21 1 1
github.com/endomorphosis/Mcp-Plus-Plus/tests-go/validators/ucan_delegation.go:45.21,47.4 1 0
github.com/endomorphosis/Mcp-Plus-Plus/tests-go/validators/ucan_delegation.go:48.3,48.20 1 1
github.com/endomorphosis/Mcp-Plus-Plus/tests-go/validators/ucan_delegation.go:48.20,50.4 1 0
github.com/endomorphosis/Mcp-Plus-Plus/tests-go/validators/ucan_delegation.go:53.2,53.20 1 1
github.com/endomorphosis/Mcp-Plus-Plus/tests-go/validators/ucan_delegation.go:59.97,61.53 2 0
github.com/endomorphosis/Mcp-Plus-Plus/tests-go/validators/ucan_delegation.go:61.53,63.3 1 0
github.com/endomorphosis/Mcp-Plus-Plus/tests-go/validators/ucan_delegation.go:65.2,65.54 1 0
github.com/endomorphosis/Mcp-Plus-Plus/tests-go/validators/ucan_delegation.go:65.54,67.3 1 0
github.com/endomorphosis/Mcp-Plus-Plus/tests-go/validators/ucan_delegation.go:70.2,71.57 2 0
github.com/endomorphosis/Mcp-Plus-Plus/tests-go/validators/ucan_delegation.go:71.57,73.3 1 0
github.com/endomorphosis/Mcp-Plus-Plus/tests-go/validators/ucan_delegation.go:76.2,76.37 1 0
github.com/endomorphosis/Mcp-Plus-Plus/tests-go/validators/ucan_delegation.go:76.37,78.59 2 0
github.com/endomorphosis/Mcp-Plus-Plus/tests-go/validators/ucan_delegation.go:78.59,80.4 1 0
github.com/endomorphosis/Mcp-Plus-Plus/tests-go/validators/ucan_delegation.go:83.2,83.20 1 0
