SF:/home/runner/work/Mcp-Plus-Plus/Mcp-Plus-Plus/tests-rs/src/validators/base_mcp.rs
FN:58,_RNvMNtNtCs4N6kI5JLQmX_14mcp_validators10validators8base_mcpNtB2_16ValidationResult11add_warning
FN:44,_RNvMNtNtCs4N6kI5JLQmX_14mcp_validators10validators8base_mcpNtB2_16ValidationResult3new
FN:53,_RNvMNtNtCs4N6kI5JLQmX_14mcp_validators10validators8base_mcpNtB2_16ValidationResult9add_error
FN:270,_RNvMs0_NtNtCs4N6kI5JLQmX_14mcp_validators10validators8base_mcpNtB5_12MCPValidator10is_request
FN:281,_RNvMs0_NtNtCs4N6kI5JLQmX_14mcp_validators10validators8base_mcpNtB5_12MCPValidator11is_response
FN:287,_RNvMs0_NtNtCs4N6kI5JLQmX_14mcp_validators10validators8base_mcpNtB5_12MCPValidator15is_notification
FN:119,_RNvMs0_NtNtCs4N6kI5JLQmX_14mcp_validators10validators8base_mcpNtB5_12MCPValidator16validate_request
FN:178,_RNvMs0_NtNtCs4N6kI5JLQmX_14mcp_validators10validators8base_mcpNtB5_12MCPValidator17validate_response
FN:210,_RNvMs0_NtNtCs4N6kI5JLQmX_14mcp_validators10validators8base_mcpNtB5_12MCPValidator21validate_notification
FN:243,_RNvMs0_NtNtCs4N6kI5JLQmX_14mcp_validators10validators8base_mcpNtB5_12MCPValidator25validate_tool_call_params
FN:234,_RNvMs0_NtNtCs4N6kI5JLQmX_14mcp_validators10validators8base_mcpNtB5_12MCPValidator26validate_initialize_params
FN:261,_RNvMs0_NtNtCs4N6kI5JLQmX_14mcp_validators10validators8base_mcpNtB5_12MCPValidator26validate_prompt_get_params
FN:252,_RNvMs0_NtNtCs4N6kI5JLQmX_14mcp_validators10validators8base_mcpNtB5_12MCPValidator29validate_resource_read_params
FN:79,_RNvMs0_NtNtCs4N6kI5JLQmX_14mcp_validators10validators8base_mcpNtB5_12MCPValidator3new
FN:72,_RNvXs_NtNtCs4N6kI5JLQmX_14mcp_validators10validators8base_mcpNtB4_12MCPValidatorNtNtCslH02haMvknO_4core7default7Default7default
FN:247,_RNCNvMs0_NtNtCs4N6kI5JLQmX_14mcp_validators10validators8base_mcpNtB7_12MCPValidator25validate_tool_call_params0Bb_
FN:238,_RNCNvMs0_NtNtCs4N6kI5JLQmX_14mcp_validators10validators8base_mcpNtB7_12MCPValidator26validate_initialize_params0Bb_
FN:265,_RNCNvMs0_NtNtCs4N6kI5JLQmX_14mcp_validators10validators8base_mcpNtB7_12MCPValidator26validate_prompt_get_params0Bb_
FN:256,_RNCNvMs0_NtNtCs4N6kI5JLQmX_14mcp_validators10validators8base_mcpNtB7_12MCPValidator29validate_resource_read_params0Bb_
FN:339,_RNvNtNtNtCsjgtEJkoBHnr_14mcp_validators10validators8base_mcp5testss_15test_is_request
FN:348,_RNvNtNtNtCsjgtEJkoBHnr_14mcp_validators10validators8base_mcp5testss_16test_is_response
FN:298,_RNvNtNtNtCsjgtEJkoBHnr_14mcp_validators10validators8base_mcp5testss_18test_valid_request
FN:326,_RNvNtNtNtCsjgtEJkoBHnr_14mcp_validators10validators8base_mcp5testss_19test_valid_response
FN:357,_RNvNtNtNtCsjgtEJkoBHnr_14mcp_validators10validators8base_mcp5testss_20test_is_notification
FN:812,_RNvNtNtNtCsjgtEJkoBHnr_14mcp_validators10validators8base_mcp5testss_21test_all_tool_methods
FN:870,_RNvNtNtNtCsjgtEJkoBHnr_14mcp_validators10validators8base_mcp5testss_22test_validator_default
FN:703,_RNvNtNtNtCsjgtEJkoBHnr_14mcp_validators10validators8base_mcp5testss_23test_notification_valid
FN:391,_RNvNtNtNtCsjgtEJkoBHnr_14mcp_validators10validators8base_mcp5testss_23test_request_missing_id
FN:447,_RNvNtNtNtCsjgtEJkoBHnr_14mcp_validators10validators8base_mcp5testss_24test_request_with_params
FN:691,_RNvNtNtNtCsjgtEJkoBHnr_14mcp_validators10validators8base_mcp5testss_24test_response_missing_id
FN:616,_RNvNtNtNtCsjgtEJkoBHnr_14mcp_validators10validators8base_mcp5testss_24test_response_with_error
FN:828,_RNvNtNtNtCsjgtEJkoBHnr_14mcp_validators10validators8base_mcp5testss_25test_all_resource_methods
FN:403,_RNvNtNtNtCsjgtEJkoBHnr_14mcp_validators10validators8base_mcp5testss_25test_request_empty_method
FN:796,_RNvNtNtNtCsjgtEJkoBHnr_14mcp_validators10validators8base_mcp5testss_26test_all_lifecycle_methods
FN:761,_RNvNtNtNtCsjgtEJkoBHnr_14mcp_validators10validators8base_mcp5testss_27test_is_response_with_error
FN:379,_RNvNtNtNtCsjgtEJkoBHnr_14mcp_validators10validators8base_mcp5testss_27test_request_missing_method
FN:420,_RNvNtNtNtCsjgtEJkoBHnr_14mcp_validators10validators8base_mcp5testss_27test_request_with_string_id
FN:312,_RNvNtNtNtCsjgtEJkoBHnr_14mcp_validators10validators8base_mcp5testss_28test_invalid_jsonrpc_version
FN:367,_RNvNtNtNtCsjgtEJkoBHnr_14mcp_validators10validators8base_mcp5testss_28test_request_missing_jsonrpc
FN:850,_RNvNtNtNtCsjgtEJkoBHnr_14mcp_validators10validators8base_mcp5testss_29test_all_notification_methods
FN:876,_RNvNtNtNtCsjgtEJkoBHnr_14mcp_validators10validators8base_mcp5testss_29test_error_with_valid_message
FN:461,_RNvNtNtNtCsjgtEJkoBHnr_14mcp_validators10validators8base_mcp5testss_29test_initialize_request_valid
FN:715,_RNvNtNtNtCsjgtEJkoBHnr_14mcp_validators10validators8base_mcp5testss_29test_notification_with_params
FN:523,_RNvNtNtNtCsjgtEJkoBHnr_14mcp_validators10validators8base_mcp5testss_29test_tools_call_request_valid
FN:770,_RNvNtNtNtCsjgtEJkoBHnr_14mcp_validators10validators8base_mcp5testss_30test_is_notification_no_method
FN:586,_RNvNtNtNtCsjgtEJkoBHnr_14mcp_validators10validators8base_mcp5testss_30test_prompts_get_request_valid
FN:740,_RNvNtNtNtCsjgtEJkoBHnr_14mcp_validators10validators8base_mcp5testss_32test_notification_missing_method
FN:778,_RNvNtNtNtCsjgtEJkoBHnr_14mcp_validators10validators8base_mcp5testss_32test_validation_result_add_error
FN:728,_RNvNtNtNtCsjgtEJkoBHnr_14mcp_validators10validators8base_mcp5testss_33test_notification_invalid_version
FN:556,_RNvNtNtNtCsjgtEJkoBHnr_14mcp_validators10validators8base_mcp5testss_33test_resources_read_request_valid
FN:632,_RNvNtNtNtCsjgtEJkoBHnr_14mcp_validators10validators8base_mcp5testss_33test_response_with_error_and_data
FN:788,_RNvNtNtNtCsjgtEJkoBHnr_14mcp_validators10validators8base_mcp5testss_34test_validation_result_add_warning
FN:433,_RNvNtNtNtCsjgtEJkoBHnr_14mcp_validators10validators8base_mcp5testss_35test_request_unknown_method_warning
FN:540,_RNvNtNtNtCsjgtEJkoBHnr_14mcp_validators10validators8base_mcp5testss_36test_tools_call_request_missing_name
FN:602,_RNvNtNtNtCsjgtEJkoBHnr_14mcp_validators10validators8base_mcp5testss_37test_prompts_get_request_missing_name
FN:678,_RNvNtNtNtCsjgtEJkoBHnr_14mcp_validators10validators8base_mcp5testss_37test_response_invalid_jsonrpc_version
FN:572,_RNvNtNtNtCsjgtEJkoBHnr_14mcp_validators10validators8base_mcp5testss_39test_resources_read_request_missing_uri
FN:751,_RNvNtNtNtCsjgtEJkoBHnr_14mcp_validators10validators8base_mcp5testss_40test_is_request_with_notification_method
FN:649,_RNvNtNtNtCsjgtEJkoBHnr_14mcp_validators10validators8base_mcp5testss_40test_response_with_both_result_and_error
FN:666,_RNvNtNtNtCsjgtEJkoBHnr_14mcp_validators10validators8base_mcp5testss_43test_response_with_neither_result_nor_error
FN:502,_RNvNtNtNtCsjgtEJkoBHnr_14mcp_validators10validators8base_mcp5testss_46test_initialize_request_invalid_version_format
FN:482,_RNvNtNtNtCsjgtEJkoBHnr_14mcp_validators10validators8base_mcp5testss_48test_initialize_request_missing_protocol_version
FN:247,_RNCNvMs0_NtNtCsjgtEJkoBHnr_14mcp_validators10validators8base_mcpNtB7_12MCPValidator25validate_tool_call_params0Bb_
FN:238,_RNCNvMs0_NtNtCsjgtEJkoBHnr_14mcp_validators10validators8base_mcpNtB7_12MCPValidator26validate_initialize_params0Bb_
FN:265,_RNCNvMs0_NtNtCsjgtEJkoBHnr_14mcp_validators10validators8base_mcpNtB7_12MCPValidator26validate_prompt_get_params0Bb_
FN:256,_RNCNvMs0_NtNtCsjgtEJkoBHnr_14mcp_validators10validators8base_mcpNtB7_12MCPValidator29validate_resource_read_params0Bb_
FN:58,_RNvMNtNtCsjgtEJkoBHnr_14mcp_validators10validators8base_mcpNtB2_16ValidationResult11add_warning
FN:44,_RNvMNtNtCsjgtEJkoBHnr_14mcp_validators10validators8base_mcpNtB2_16ValidationResult3new
FN:53,_RNvMNtNtCsjgtEJkoBHnr_14mcp_validators10validators8base_mcpNtB2_16ValidationResult9add_error
FN:270,_RNvMs0_NtNtCsjgtEJkoBHnr_14mcp_validators10validators8base_mcpNtB5_12MCPValidator10is_request
FN:281,_RNvMs0_NtNtCsjgtEJkoBHnr_14mcp_validators10validators8base_mcpNtB5_12MCPValidator11is_response
FN:287,_RNvMs0_NtNtCsjgtEJkoBHnr_14mcp_validators10validators8base_mcpNtB5_12MCPValidator15is_notification
FN:119,_RNvMs0_NtNtCsjgtEJkoBHnr_14mcp_validators10validators8base_mcpNtB5_12MCPValidator16validate_request
FN:178,_RNvMs0_NtNtCsjgtEJkoBHnr_14mcp_validators10validators8base_mcpNtB5_12MCPValidator17validate_response
FN:210,_RNvMs0_NtNtCsjgtEJkoBHnr_14mcp_validators10validators8base_mcpNtB5_12MCPValidator21validate_notification
FN:243,_RNvMs0_NtNtCsjgtEJkoBHnr_14mcp_validators10validators8base_mcpNtB5_12MCPValidator25validate_tool_call_params
FN:234,_RNvMs0_NtNtCsjgtEJkoBHnr_14mcp_validators10validators8base_mcpNtB5_12MCPValidator26validate_initialize_params
FN:261,_RNvMs0_NtNtCsjgtEJkoBHnr_14mcp_validators10validators8base_mcpNtB5_12MCPValidator26validate_prompt_get_params
FN:252,_RNvMs0_NtNtCsjgtEJkoBHnr_14mcp_validators10validators8base_mcpNtB5_12MCPValidator29validate_resource_read_params
FN:79,_RNvMs0_NtNtCsjgtEJkoBHnr_14mcp_validators10validators8base_mcpNtB5_12MCPValidator3new
FN:72,_RNvXs_NtNtCsjgtEJkoBHnr_14mcp_validators10validators8base_mcpNtB4_12MCPValidatorNtNtCslH02haMvknO_4core7default7Default7default
FNDA:0,_RNvMNtNtCs4N6kI5JLQmX_14mcp_validators10validators8base_mcpNtB2_16ValidationResult11add_warning
FNDA:14,_RNvMNtNtCs4N6kI5JLQmX_14mcp_validators10validators8base_mcpNtB2_16ValidationResult3new
FNDA:0,_RNvMNtNtCs4N6kI5JLQmX_14mcp_validators10validators8base_mcpNtB2_16ValidationResult9add_error
FNDA:0,_RNvMs0_NtNtCs4N6kI5JLQmX_14mcp_validators10validators8base_mcpNtB5_12MCPValidator10is_request
FNDA:0,_RNvMs0_NtNtCs4N6kI5JLQmX_14mcp_validators10validators8base_mcpNtB5_12MCPValidator11is_response
FNDA:0,_RNvMs0_NtNtCs4N6kI5JLQmX_14mcp_validators10validators8base_mcpNtB5_12MCPValidator15is_notification
FNDA:1,_RNvMs0_NtNtCs4N6kI5JLQmX_14mcp_validators10validators8base_mcpNtB5_12MCPValidator16validate_request
FNDA:1,_RNvMs0_NtNtCs4N6kI5JLQmX_14mcp_validators10validators8base_mcpNtB5_12MCPValidator17validate_response
FNDA:1,_RNvMs0_NtNtCs4N6kI5JLQmX_14mcp_validators10validators8base_mcpNtB5_12MCPValidator21validate_notification
FNDA:0,_RNvMs0_NtNtCs4N6kI5JLQmX_14mcp_validators10validators8base_mcpNtB5_12MCPValidator25validate_tool_call_params
FNDA:0,_RNvMs0_NtNtCs4N6kI5JLQmX_14mcp_validators10validators8base_mcpNtB5_12MCPValidator26validate_initialize_params
FNDA:0,_RNvMs0_NtNtCs4N6kI5JLQmX_14mcp_validators10validators8base_mcpNtB5_12MCPValidator26validate_prompt_get_params
FNDA:0,_RNvMs0_NtNtCs4N6kI5JLQmX_14mcp_validators10validators8base_mcpNtB5_12MCPValidator29validate_resource_read_params
FNDA:3,_RNvMs0_NtNtCs4N6kI5JLQmX_14mcp_validators10validators8base_mcpNtB5_12MCPValidator3new
FNDA:0,_RNvXs_NtNtCs4N6kI5JLQmX_14mcp_validators10validators8base_mcpNtB4_12MCPValidatorNtNtCslH02haMvknO_4core7default7Default7default
FNDA:0,_RNCNvMs0_NtNtCs4N6kI5JLQmX_14mcp_validators10validators8base_mcpNtB7_12MCPValidator25validate_tool_call_params0Bb_
FNDA:0,_RNCNvMs0_NtNtCs4N6kI5JLQmX_14mcp_validators10validators8base_mcpNtB7_12MCPValidator26validate_initialize_params0Bb_
FNDA:0,_RNCNvMs0_NtNtCs4N6kI5JLQmX_14mcp_validators10validators8base_mcpNtB7_12MCPValidator26validate_prompt_get_params0Bb_
FNDA:0,_RNCNvMs0_NtNtCs4N6kI5JLQmX_14mcp_validators10validators8base_mcpNtB7_12MCPValidator29validate_resource_read_params0Bb_
FNDA:1,_RNvNtNtNtCsjgtEJkoBHnr_14mcp_validators10validators8base_mcp5testss_15test_is_request
FNDA:1,_RNvNtNtNtCsjgtEJkoBHnr_14mcp_validators10validators8base_mcp5testss_16test_is_response
FNDA:1,_RNvNtNtNtCsjgtEJkoBHnr_14mcp_validators10validators8base_mcp5testss_18test_valid_request
FNDA:1,_RNvNtNtNtCsjgtEJkoBHnr_14mcp_validators10validators8base_mcp5testss_19test_valid_response
FNDA:1,_RNvNtNtNtCsjgtEJkoBHnr_14mcp_validators10validators8base_mcp5testss_20test_is_notification
FNDA:1,_RNvNtNtNtCsjgtEJkoBHnr_14mcp_validators10validators8base_mcp5testss_21test_all_tool_methods
FNDA:1,_RNvNtNtNtCsjgtEJkoBHnr_14mcp_validators10validators8base_mcp5testss_22test_validator_default
FNDA:1,_RNvNtNtNtCsjgtEJkoBHnr_14mcp_validators10validators8base_mcp5testss_23test_notification_valid
FNDA:1,_RNvNtNtNtCsjgtEJkoBHnr_14mcp_validators10validators8base_mcp5testss_23test_request_missing_id
FNDA:1,_RNvNtNtNtCsjgtEJkoBHnr_14mcp_validators10validators8base_mcp5testss_24test_request_with_params
FNDA:1,_RNvNtNtNtCsjgtEJkoBHnr_14mcp_validators10validators8base_mcp5testss_24test_response_missing_id
FNDA:1,_RNvNtNtNtCsjgtEJkoBHnr_14mcp_validators10validators8base_mcp5testss_24test_response_with_error
FNDA:1,_RNvNtNtNtCsjgtEJkoBHnr_14mcp_validators10validators8base_mcp5testss_25test_all_resource_methods
FNDA:1,_RNvNtNtNtCsjgtEJkoBHnr_14mcp_validators10validators8base_mcp5testss_25test_request_empty_method
FNDA:1,_RNvNtNtNtCsjgtEJkoBHnr_14mcp_validators10validators8base_mcp5testss_26test_all_lifecycle_methods
FNDA:1,_RNvNtNtNtCsjgtEJkoBHnr_14mcp_validators10validators8base_mcp5testss_27test_is_response_with_error
FNDA:1,_RNvNtNtNtCsjgtEJkoBHnr_14mcp_validators10validators8base_mcp5testss_27test_request_missing_method
FNDA:1,_RNvNtNtNtCsjgtEJkoBHnr_14mcp_validators10validators8base_mcp5testss_27test_request_with_string_id
FNDA:1,_RNvNtNtNtCsjgtEJkoBHnr_14mcp_validators10validators8base_mcp5testss_28test_invalid_jsonrpc_version
FNDA:1,_RNvNtNtNtCsjgtEJkoBHnr_14mcp_validators10validators8base_mcp5testss_28test_request_missing_jsonrpc
FNDA:1,_RNvNtNtNtCsjgtEJkoBHnr_14mcp_validators10validators8base_mcp5testss_29test_all_notification_methods
FNDA:1,_RNvNtNtNtCsjgtEJkoBHnr_14mcp_validators10validators8base_mcp5testss_29test_error_with_valid_message
FNDA:1,_RNvNtNtNtCsjgtEJkoBHnr_14mcp_validators10validators8base_mcp5testss_29test_initialize_request_valid
FNDA:1,_RNvNtNtNtCsjgtEJkoBHnr_14mcp_validators10validators8base_mcp5testss_29test_notification_with_params
FNDA:1,_RNvNtNtNtCsjgtEJkoBHnr_14mcp_validators10validators8base_mcp5testss_29test_tools_call_request_valid
FNDA:1,_RNvNtNtNtCsjgtEJkoBHnr_14mcp_validators10validators8base_mcp5testss_30test_is_notification_no_method
FNDA:1,_RNvNtNtNtCsjgtEJkoBHnr_14mcp_validators10validators8base_mcp5testss_30test_prompts_get_request_valid
FNDA:1,_RNvNtNtNtCsjgtEJkoBHnr_14mcp_validators10validators8base_mcp5testss_32test_notification_missing_method
FNDA:1,_RNvNtNtNtCsjgtEJkoBHnr_14mcp_validators10validators8base_mcp5testss_32test_validation_result_add_error
FNDA:1,_RNvNtNtNtCsjgtEJkoBHnr_14mcp_validators10validators8base_mcp5testss_33test_notification_invalid_version
FNDA:1,_RNvNtNtNtCsjgtEJkoBHnr_14mcp_validators10validators8base_mcp5testss_33test_resources_read_request_valid
FNDA:1,_RNvNtNtNtCsjgtEJkoBHnr_14mcp_validators10validators8base_mcp5testss_33test_response_with_error_and_data
FNDA:1,_RNvNtNtNtCsjgtEJkoBHnr_14mcp_validators10validators8base_mcp5testss_34test_validation_result_add_warning
FNDA:1,_RNvNtNtNtCsjgtEJkoBHnr_14mcp_validators10validators8base_mcp5testss_35test_request_unknown_method_warning
FNDA:1,_RNvNtNtNtCsjgtEJkoBHnr_14mcp_validators10validators8base_mcp5testss_36test_tools_call_request_missing_name
FNDA:1,_RNvNtNtNtCsjgtEJkoBHnr_14mcp_validators10validators8base_mcp5testss_37test_prompts_get_request_missing_name
FNDA:1,_RNvNtNtNtCsjgtEJkoBHnr_14mcp_validators10validators8base_mcp5testss_37test_response_invalid_jsonrpc_version
FNDA:1,_RNvNtNtNtCsjgtEJkoBHnr_14mcp_validators10validators8base_mcp5testss_39test_resources_read_request_missing_uri
FNDA:1,_RNvNtNtNtCsjgtEJkoBHnr_14mcp_validators10validators8base_mcp5testss_40test_is_request_with_notification_method
FNDA:1,_RNvNtNtNtCsjgtEJkoBHnr_14mcp_validators10validators8base_mcp5testss_40test_response_with_both_result_and_error
FNDA:1,_RNvNtNtNtCsjgtEJkoBHnr_14mcp_validators10validators8base_mcp5testss_43test_response_with_neither_result_nor_error
FNDA:1,_RNvNtNtNtCsjgtEJkoBHnr_14mcp_validators10validators8base_mcp5testss_46test_initialize_request_invalid_version_format
FNDA:1,_RNvNtNtNtCsjgtEJkoBHnr_14mcp_validators10validators8base_mcp5testss_48test_initialize_request_missing_protocol_version
FNDA:0,_RNCNvMs0_NtNtCsjgtEJkoBHnr_14mcp_validators10validators8base_mcpNtB7_12MCPValidator25validate_tool_call_params0Bb_
FNDA:1,_RNCNvMs0_NtNtCsjgtEJkoBHnr_14mcp_validators10validators8base_mcpNtB7_12MCPValidator26validate_initialize_params0Bb_
FNDA:0,_RNCNvMs0_NtNtCsjgtEJkoBHnr_14mcp_validators10validators8base_mcpNtB7_12MCPValidator26validate_prompt_get_params0Bb_
FNDA:0,_RNCNvMs0_NtNtCsjgtEJkoBHnr_14mcp_validators10validators8base_mcpNtB7_12MCPValidator29validate_resource_read_params0Bb_
FNDA:6,_RNvMNtNtCsjgtEJkoBHnr_14mcp_validators10validators8base_mcpNtB2_16ValidationResult11add_warning
FNDA:117,_RNvMNtNtCsjgtEJkoBHnr_14mcp_validators10validators8base_mcpNtB2_16ValidationResult3new
FNDA:25,_RNvMNtNtCsjgtEJkoBHnr_14mcp_validators10validators8base_mcpNtB2_16ValidationResult9add_error
FNDA:2,_RNvMs0_NtNtCsjgtEJkoBHnr_14mcp_validators10validators8base_mcpNtB5_12MCPValidator10is_request
FNDA:2,_RNvMs0_NtNtCsjgtEJkoBHnr_14mcp_validators10validators8base_mcpNtB5_12MCPValidator11is_response
FNDA:2,_RNvMs0_NtNtCsjgtEJkoBHnr_14mcp_validators10validators8base_mcpNtB5_12MCPValidator15is_notification
FNDA:28,_RNvMs0_NtNtCsjgtEJkoBHnr_14mcp_validators10validators8base_mcpNtB5_12MCPValidator16validate_request
FNDA:8,_RNvMs0_NtNtCsjgtEJkoBHnr_14mcp_validators10validators8base_mcpNtB5_12MCPValidator17validate_response
FNDA:8,_RNvMs0_NtNtCsjgtEJkoBHnr_14mcp_validators10validators8base_mcpNtB5_12MCPValidator21validate_notification
FNDA:2,_RNvMs0_NtNtCsjgtEJkoBHnr_14mcp_validators10validators8base_mcpNtB5_12MCPValidator25validate_tool_call_params
FNDA:3,_RNvMs0_NtNtCsjgtEJkoBHnr_14mcp_validators10validators8base_mcpNtB5_12MCPValidator26validate_initialize_params
FNDA:2,_RNvMs0_NtNtCsjgtEJkoBHnr_14mcp_validators10validators8base_mcpNtB5_12MCPValidator26validate_prompt_get_params
FNDA:2,_RNvMs0_NtNtCsjgtEJkoBHnr_14mcp_validators10validators8base_mcpNtB5_12MCPValidator29validate_resource_read_params
FNDA:35,_RNvMs0_NtNtCsjgtEJkoBHnr_14mcp_validators10validators8base_mcpNtB5_12MCPValidator3new
FNDA:1,_RNvXs_NtNtCsjgtEJkoBHnr_14mcp_validators10validators8base_mcpNtB4_12MCPValidatorNtNtCslH02haMvknO_4core7default7Default7default
FNF:62
FNH:59
DA:44,131
DA:45,131
DA:46,131
DA:47,131
DA:48,131
DA:49,131
DA:50,131
DA:51,131
DA:53,25
DA:54,25
DA:55,25
DA:56,25
DA:58,6
DA:59,6
DA:60,6
DA:72,1
DA:73,1
DA:74,1
DA:79,38
DA:80,38
DA:83,38
DA:84,38
DA:86,38
DA:88,38
DA:89,38
DA:91,38
DA:92,38
DA:93,38
DA:94,38
DA:95,38
DA:97,38
DA:98,38
DA:100,38
DA:101,38
DA:102,38
DA:103,38
DA:105,38
DA:107,38
DA:109,38
DA:111,38
DA:112,38
DA:113,38
DA:115,38
DA:116,38
DA:119,29
DA:120,29
DA:123,29
DA:126,26
DA:127,2
DA:128,2
DA:129,24
DA:132,24
DA:133,0
DA:134,24
DA:137,24
DA:138,1
DA:139,23
DA:142,24
DA:143,24
DA:144,4
DA:145,3
DA:146,2
DA:147,2
DA:148,1
DA:150,20
DA:151,3
DA:152,2
DA:153,1
DA:154,1
DA:155,1
DA:157,17
DA:158,3
DA:159,2
DA:160,1
DA:161,1
DA:162,1
DA:164,14
DA:165,2
DA:166,2
DA:167,1
DA:168,1
DA:169,0
DA:171,12
DA:174,24
DA:175,29
DA:178,9
DA:179,9
DA:182,9
DA:185,8
DA:186,1
DA:187,1
DA:188,7
DA:191,7
DA:192,0
DA:193,7
DA:196,7
DA:197,1
DA:198,1
DA:199,1
DA:200,1
DA:201,1
DA:202,1
DA:203,5
DA:206,7
DA:207,9
DA:210,9
DA:211,9
DA:212,9
DA:213,9
DA:214,9
DA:217,9
DA:220,8
DA:221,1
DA:222,1
DA:223,7
DA:226,7
DA:227,0
DA:228,7
DA:230,7
DA:231,9
DA:234,3
DA:235,3
DA:236,2
DA:237,2
DA:238,2
DA:239,1
DA:240,3
DA:243,2
DA:244,2
DA:245,1
DA:246,1
DA:247,1
DA:248,1
DA:249,2
DA:252,2
DA:253,2
DA:254,1
DA:255,1
DA:256,1
DA:257,1
DA:258,2
DA:261,2
DA:262,2
DA:263,1
DA:264,1
DA:265,1
DA:266,1
DA:267,2
DA:270,2
DA:271,2
DA:272,2
DA:273,2
DA:274,2
DA:275,2
DA:276,2
DA:277,2
DA:278,2
DA:281,2
DA:282,2
DA:283,2
DA:284,2
DA:287,2
DA:288,2
DA:289,2
DA:298,1
DA:299,1
DA:300,1
DA:301,1
DA:302,1
DA:303,1
DA:306,1
DA:307,1
DA:308,1
DA:309,1
DA:312,1
DA:313,1
DA:314,1
DA:315,1
DA:316,1
DA:317,1
DA:321,1
DA:322,1
DA:323,1
DA:326,1
DA:327,1
DA:328,1
DA:329,1
DA:330,1
DA:331,1
DA:334,1
DA:335,1
DA:336,1
DA:339,1
DA:340,1
DA:341,1
DA:342,1
DA:344,1
DA:345,1
DA:348,1
DA:349,1
DA:350,1
DA:351,1
DA:353,1
DA:354,1
DA:357,1
DA:358,1
DA:359,1
DA:361,1
DA:362,1
DA:367,1
DA:368,1
DA:369,1
DA:370,1
DA:371,1
DA:374,1
DA:375,1
DA:376,1
DA:379,1
DA:380,1
DA:381,1
DA:382,1
DA:383,1
DA:386,1
DA:387,1
DA:388,1
DA:391,1
DA:392,1
DA:393,1
DA:394,1
DA:395,1
DA:398,1
DA:399,1
DA:400,1
DA:403,1
DA:404,1
DA:405,1
DA:406,1
DA:407,1
DA:408,1
DA:411,1
DA:413,1
DA:414,1
DA:415,0
DA:417,1
DA:420,1
DA:421,1
DA:422,1
DA:423,1
DA:424,1
DA:425,1
DA:428,1
DA:429,1
DA:430,1
DA:433,1
DA:434,1
DA:435,1
DA:436,1
DA:437,1
DA:438,1
DA:441,1
DA:442,1
DA:443,1
DA:444,1
DA:447,1
DA:448,1
DA:449,1
DA:450,1
DA:451,1
DA:452,1
DA:453,1
DA:456,1
DA:457,1
DA:458,1
DA:461,1
DA:462,1
DA:463,1
DA:464,1
DA:465,1
DA:466,1
DA:467,1
DA:468,1
DA:469,1
DA:470,1
DA:472,1
DA:474,1
DA:477,1
DA:478,1
DA:479,1
DA:482,1
DA:483,1
DA:484,1
DA:485,1
DA:486,1
DA:487,1
DA:488,1
DA:489,1
DA:490,1
DA:492,1
DA:494,1
DA:497,1
DA:498,1
DA:499,1
DA:502,1
DA:503,1
DA:504,1
DA:505,1
DA:506,1
DA:507,1
DA:508,1
DA:509,1
DA:510,1
DA:511,1
DA:513,1
DA:515,1
DA:518,1
DA:519,1
DA:520,1
DA:523,1
DA:524,1
DA:525,1
DA:526,1
DA:527,1
DA:528,1
DA:529,1
DA:530,1
DA:532,1
DA:535,1
DA:536,1
DA:537,1
DA:540,1
DA:541,1
DA:542,1
DA:543,1
DA:544,1
DA:545,1
DA:546,1
DA:548,1
DA:551,1
DA:552,1
DA:553,1
DA:556,1
DA:557,1
DA:558,1
DA:559,1
DA:560,1
DA:561,1
DA:562,1
DA:564,1
DA:567,1
DA:568,1
DA:569,1
DA:572,1
DA:573,1
DA:574,1
DA:575,1
DA:576,1
DA:577,1
DA:578,1
DA:581,1
DA:582,1
DA:583,1
DA:586,1
DA:587,1
DA:588,1
DA:589,1
DA:590,1
DA:591,1
DA:592,1
DA:594,1
DA:597,1
DA:598,1
DA:599,1
DA:602,1
DA:603,1
DA:604,1
DA:605,1
DA:606,1
DA:607,1
DA:608,1
DA:611,1
DA:612,1
DA:613,1
DA:616,1
DA:617,1
DA:618,1
DA:619,1
DA:620,1
DA:621,1
DA:622,1
DA:624,1
DA:627,1
DA:628,1
DA:629,1
DA:632,1
DA:633,1
DA:634,1
DA:635,1
DA:636,1
DA:637,1
DA:638,1
DA:639,1
DA:641,1
DA:644,1
DA:645,1
DA:646,1
DA:649,1
DA:650,1
DA:651,1
DA:652,1
DA:653,1
DA:654,1
DA:655,1
DA:656,1
DA:658,1
DA:661,1
DA:662,1
DA:663,1
DA:666,1
DA:667,1
DA:668,1
DA:669,1
DA:670,1
DA:673,1
DA:674,1
DA:675,1
DA:678,1
DA:679,1
DA:680,1
DA:681,1
DA:682,1
DA:683,1
DA:686,1
DA:687,1
DA:688,1
DA:691,1
DA:692,1
DA:693,1
DA:694,1
DA:695,1
DA:698,1
DA:699,1
DA:700,1
DA:703,1
DA:704,1
DA:705,1
DA:706,1
DA:707,1
DA:710,1
DA:711,1
DA:712,1
DA:715,1
DA:716,1
DA:717,1
DA:718,1
DA:719,1
DA:720,1
DA:723,1
DA:724,1
DA:725,1
DA:728,1
DA:729,1
DA:730,1
DA:731,1
DA:732,1
DA:735,1
DA:736,1
DA:737,1
DA:740,1
DA:741,1
DA:742,1
DA:743,1
DA:746,1
DA:747,1
DA:748,1
DA:751,1
DA:752,1
DA:753,1
DA:754,1
DA:757,1
DA:758,1
DA:761,1
DA:762,1
DA:763,1
DA:764,1
DA:766,1
DA:767,1
DA:770,1
DA:771,1
DA:772,1
DA:774,1
DA:775,1
DA:778,1
DA:779,1
DA:780,1
DA:782,1
DA:783,1
DA:784,1
DA:785,1
DA:788,1
DA:789,1
DA:790,1
DA:791,1
DA:792,1
DA:793,1
DA:796,1
DA:797,1
DA:798,1
DA:800,3
DA:801,3
DA:802,3
DA:803,3
DA:804,3
DA:806,3
DA:807,3
DA:809,1
DA:812,1
DA:813,1
DA:814,1
DA:816,2
DA:817,2
DA:818,2
DA:819,2
DA:820,2
DA:822,2
DA:823,2
DA:825,1
DA:828,1
DA:829,1
DA:830,1
DA:832,1
DA:833,1
DA:834,1
DA:835,1
DA:838,5
DA:839,5
DA:840,5
DA:841,5
DA:842,5
DA:844,5
DA:845,5
DA:847,1
DA:850,1
DA:851,1
DA:852,1
DA:854,1
DA:855,1
DA:856,1
DA:859,4
DA:860,4
DA:861,4
DA:862,4
DA:864,4
DA:865,4
DA:867,1
DA:870,1
DA:871,1
DA:872,1
DA:873,1
DA:876,1
DA:877,1
DA:878,1
DA:879,1
DA:880,1
DA:881,1
DA:882,1
DA:884,1
DA:887,1
DA:888,1
DA:889,1
BRF:0
BRH:0
LF:573
LH:565
end_of_record
SF:/home/runner/work/Mcp-Plus-Plus/Mcp-Plus-Plus/tests-rs/src/validators/cid_artifacts.rs
FN:44,_RNvMNtNtCs4N6kI5JLQmX_14mcp_validators10validators13cid_artifactsNtB2_21CIDArtifactsValidator16validate_receipt
FN:21,_RNvMNtNtCs4N6kI5JLQmX_14mcp_validators10validators13cid_artifactsNtB2_21CIDArtifactsValidator17validate_envelope
FN:15,_RNvMNtNtCs4N6kI5JLQmX_14mcp_validators10validators13cid_artifactsNtB2_21CIDArtifactsValidator3new
FN:59,_RNvXs_NtNtCs4N6kI5JLQmX_14mcp_validators10validators13cid_artifactsNtB4_21CIDArtifactsValidatorNtNtCslH02haMvknO_4core7default7Default7default
FN:44,_RNvMNtNtCsjgtEJkoBHnr_14mcp_validators10validators13cid_artifactsNtB2_21CIDArtifactsValidator16validate_receipt
FN:21,_RNvMNtNtCsjgtEJkoBHnr_14mcp_validators10validators13cid_artifactsNtB2_21CIDArtifactsValidator17validate_envelope
FN:15,_RNvMNtNtCsjgtEJkoBHnr_14mcp_validators10validators13cid_artifactsNtB2_21CIDArtifactsValidator3new
FN:59,_RNvXs_NtNtCsjgtEJkoBHnr_14mcp_validators10validators13cid_artifactsNtB4_21CIDArtifactsValidatorNtNtCslH02haMvknO_4core7default7Default7default
FN:84,_RNvNtNtNtCsjgtEJkoBHnr_14mcp_validators10validators13cid_artifacts5testss_18test_valid_receipt
FN:70,_RNvNtNtNtCsjgtEJkoBHnr_14mcp_validators10validators13cid_artifacts5testss_19test_valid_envelope
FN:273,_RNvNtNtNtCsjgtEJkoBHnr_14mcp_validators10validators13cid_artifacts5testss_22test_validator_default
FN:186,_RNvNtNtNtCsjgtEJkoBHnr_14mcp_validators10validators13cid_artifacts5testss_30test_envelope_multiple_parents
FN:229,_RNvNtNtNtCsjgtEJkoBHnr_14mcp_validators10validators13cid_artifacts5testss_30test_receipt_missing_signature
FN:128,_RNvNtNtNtCsjgtEJkoBHnr_14mcp_validators10validators13cid_artifacts5testss_31test_envelope_missing_input_cid
FN:141,_RNvNtNtNtCsjgtEJkoBHnr_14mcp_validators10validators13cid_artifacts5testss_31test_envelope_missing_timestamp
FN:255,_RNvNtNtNtCsjgtEJkoBHnr_14mcp_validators10validators13cid_artifacts5testss_31test_receipt_invalid_cid_format
FN:216,_RNvNtNtNtCsjgtEJkoBHnr_14mcp_validators10validators13cid_artifacts5testss_31test_receipt_missing_output_cid
FN:100,_RNvNtNtNtCsjgtEJkoBHnr_14mcp_validators10validators13cid_artifacts5testss_32test_envelope_genesis_no_parents
FN:154,_RNvNtNtNtCsjgtEJkoBHnr_14mcp_validators10validators13cid_artifacts5testss_32test_envelope_invalid_cid_format
FN:242,_RNvNtNtNtCsjgtEJkoBHnr_14mcp_validators10validators13cid_artifacts5testss_32test_receipt_missing_receipt_cid
FN:203,_RNvNtNtNtCsjgtEJkoBHnr_14mcp_validators10validators13cid_artifacts5testss_33test_receipt_missing_envelope_cid
FN:115,_RNvNtNtNtCsjgtEJkoBHnr_14mcp_validators10validators13cid_artifacts5testss_35test_envelope_missing_interface_cid
FN:172,_RNvNtNtNtCsjgtEJkoBHnr_14mcp_validators10validators13cid_artifacts5testss_36test_envelope_with_complex_timestamp
FNDA:1,_RNvMNtNtCs4N6kI5JLQmX_14mcp_validators10validators13cid_artifactsNtB2_21CIDArtifactsValidator16validate_receipt
FNDA:1,_RNvMNtNtCs4N6kI5JLQmX_14mcp_validators10validators13cid_artifactsNtB2_21CIDArtifactsValidator17validate_envelope
FNDA:2,_RNvMNtNtCs4N6kI5JLQmX_14mcp_validators10validators13cid_artifactsNtB2_21CIDArtifactsValidator3new
FNDA:0,_RNvXs_NtNtCs4N6kI5JLQmX_14mcp_validators10validators13cid_artifactsNtB4_21CIDArtifactsValidatorNtNtCslH02haMvknO_4core7default7Default7default
FNDA:6,_RNvMNtNtCsjgtEJkoBHnr_14mcp_validators10validators13cid_artifactsNtB2_21CIDArtifactsValidator16validate_receipt
FNDA:9,_RNvMNtNtCsjgtEJkoBHnr_14mcp_validators10validators13cid_artifactsNtB2_21CIDArtifactsValidator17validate_envelope
FNDA:15,_RNvMNtNtCsjgtEJkoBHnr_14mcp_validators10validators13cid_artifactsNtB2_21CIDArtifactsValidator3new
FNDA:1,_RNvXs_NtNtCsjgtEJkoBHnr_14mcp_validators10validators13cid_artifactsNtB4_21CIDArtifactsValidatorNtNtCslH02haMvknO_4core7default7Default7default
FNDA:1,_RNvNtNtNtCsjgtEJkoBHnr_14mcp_validators10validators13cid_artifacts5testss_18test_valid_receipt
FNDA:1,_RNvNtNtNtCsjgtEJkoBHnr_14mcp_validators10validators13cid_artifacts5testss_19test_valid_envelope
FNDA:1,_RNvNtNtNtCsjgtEJkoBHnr_14mcp_validators10validators13cid_artifacts5testss_22test_validator_default
FNDA:1,_RNvNtNtNtCsjgtEJkoBHnr_14mcp_validators10validators13cid_artifacts5testss_30test_envelope_multiple_parents
FNDA:1,_RNvNtNtNtCsjgtEJkoBHnr_14mcp_validators10validators13cid_artifacts5testss_30test_receipt_missing_signature
FNDA:1,_RNvNtNtNtCsjgtEJkoBHnr_14mcp_validators10validators13cid_artifacts5testss_31test_envelope_missing_input_cid
FNDA:1,_RNvNtNtNtCsjgtEJkoBHnr_14mcp_validators10validators13cid_artifacts5testss_31test_envelope_missing_timestamp
FNDA:1,_RNvNtNtNtCsjgtEJkoBHnr_14mcp_validators10validators13cid_artifacts5testss_31test_receipt_invalid_cid_format
FNDA:1,_RNvNtNtNtCsjgtEJkoBHnr_14mcp_validators10validators13cid_artifacts5testss_31test_receipt_missing_output_cid
FNDA:1,_RNvNtNtNtCsjgtEJkoBHnr_14mcp_validators10validators13cid_artifacts5testss_32test_envelope_genesis_no_parents
FNDA:1,_RNvNtNtNtCsjgtEJkoBHnr_14mcp_validators10validators13cid_artifacts5testss_32test_envelope_invalid_cid_format
FNDA:1,_RNvNtNtNtCsjgtEJkoBHnr_14mcp_validators10validators13cid_artifacts5testss_32test_receipt_missing_receipt_cid
FNDA:1,_RNvNtNtNtCsjgtEJkoBHnr_14mcp_validators10validators13cid_artifacts5testss_33test_receipt_missing_envelope_cid
FNDA:1,_RNvNtNtNtCsjgtEJkoBHnr_14mcp_validators10validators13cid_artifacts5testss_35test_envelope_missing_interface_cid
FNDA:1,_RNvNtNtNtCsjgtEJkoBHnr_14mcp_validators10validators13cid_artifacts5testss_36test_envelope_with_complex_timestamp
FNF:19
FNH:19
DA:15,17
DA:16,17
DA:17,17
DA:21,10
DA:22,10
DA:23,10
DA:24,10
DA:25,10
DA:27,10
DA:29,7
DA:30,1
DA:31,1
DA:32,6
DA:35,6
DA:36,1
DA:37,5
DA:39,6
DA:40,10
DA:44,7
DA:45,7
DA:47,7
DA:49,3
DA:50,1
DA:51,1
DA:52,2
DA:54,2
DA:55,7
DA:59,1
DA:60,1
DA:61,1
DA:70,1
DA:71,1
DA:72,1
DA:73,1
DA:74,1
DA:75,1
DA:76,1
DA:79,1
DA:80,1
DA:81,1
DA:84,1
DA:85,1
DA:86,1
DA:87,1
DA:88,1
DA:89,1
DA:90,1
DA:93,1
DA:94,1
DA:95,1
DA:100,1
DA:101,1
DA:102,1
DA:103,1
DA:104,1
DA:105,1
DA:106,1
DA:109,1
DA:110,1
DA:111,1
DA:112,1
DA:115,1
DA:116,1
DA:117,1
DA:118,1
DA:119,1
DA:120,1
DA:123,1
DA:124,1
DA:125,1
DA:128,1
DA:129,1
DA:130,1
DA:131,1
DA:132,1
DA:133,1
DA:136,1
DA:137,1
DA:138,1
DA:141,1
DA:142,1
DA:143,1
DA:144,1
DA:145,1
DA:146,1
DA:149,1
DA:150,1
DA:151,1
DA:154,1
DA:155,1
DA:156,1
DA:157,1
DA:158,1
DA:159,1
DA:160,1
DA:163,1
DA:165,1
DA:166,1
DA:167,0
DA:169,1
DA:172,1
DA:173,1
DA:174,1
DA:175,1
DA:176,1
DA:177,1
DA:178,1
DA:181,1
DA:182,1
DA:183,1
DA:186,1
DA:187,1
DA:188,1
DA:189,1
DA:190,1
DA:191,1
DA:195,1
DA:198,1
DA:199,1
DA:200,1
DA:203,1
DA:204,1
DA:205,1
DA:206,1
DA:207,1
DA:208,1
DA:211,1
DA:212,1
DA:213,1
DA:216,1
DA:217,1
DA:218,1
DA:219,1
DA:220,1
DA:221,1
DA:224,1
DA:225,1
DA:226,1
DA:229,1
DA:230,1
DA:231,1
DA:232,1
DA:233,1
DA:234,1
DA:237,1
DA:238,1
DA:239,1
DA:242,1
DA:243,1
DA:244,1
DA:245,1
DA:246,1
DA:247,1
DA:250,1
DA:251,1
DA:252,1
DA:255,1
DA:256,1
DA:257,1
DA:258,1
DA:259,1
DA:260,1
DA:261,1
DA:264,1
DA:266,1
DA:267,1
DA:268,0
DA:270,1
DA:273,1
DA:274,1
DA:275,1
DA:276,1
DA:277,1
DA:278,1
DA:279,1
DA:282,1
DA:283,1
DA:284,1
BRF:0
BRH:0
LF:178
LH:176
end_of_record
SF:/home/runner/work/Mcp-Plus-Plus/Mcp-Plus-Plus/tests-rs/src/validators/event_dag.rs
FN:22,_RNvMNtNtCs4N6kI5JLQmX_14mcp_validators10validators9event_dagNtB2_17EventDAGValidator14validate_event
FN:42,_RNvMNtNtCs4N6kI5JLQmX_14mcp_validators10validators9event_dagNtB2_17EventDAGValidator16check_acyclicity
FN:16,_RNvMNtNtCs4N6kI5JLQmX_14mcp_validators10validators9event_dagNtB2_17EventDAGValidator3new
FN:65,_RNvMNtNtCs4N6kI5JLQmX_14mcp_validators10validators9event_dagNtB2_17EventDAGValidator9has_cycle
FN:93,_RNvXs_NtNtCs4N6kI5JLQmX_14mcp_validators10validators9event_dagNtB4_17EventDAGValidatorNtNtCslH02haMvknO_4core7default7Default7default
FN:22,_RNvMNtNtCsjgtEJkoBHnr_14mcp_validators10validators9event_dagNtB2_17EventDAGValidator14validate_event
FN:42,_RNvMNtNtCsjgtEJkoBHnr_14mcp_validators10validators9event_dagNtB2_17EventDAGValidator16check_acyclicity
FN:16,_RNvMNtNtCsjgtEJkoBHnr_14mcp_validators10validators9event_dagNtB2_17EventDAGValidator3new
FN:65,_RNvMNtNtCsjgtEJkoBHnr_14mcp_validators10validators9event_dagNtB2_17EventDAGValidator9has_cycle
FN:93,_RNvXs_NtNtCsjgtEJkoBHnr_14mcp_validators10validators9event_dagNtB4_17EventDAGValidatorNtNtCslH02haMvknO_4core7default7Default7default
FN:104,_RNvNtNtNtCsjgtEJkoBHnr_14mcp_validators10validators9event_dag5testss_16test_valid_event
FN:118,_RNvNtNtNtCsjgtEJkoBHnr_14mcp_validators10validators9event_dag5testss_21test_acyclicity_valid
FN:156,_RNvNtNtNtCsjgtEJkoBHnr_14mcp_validators10validators9event_dag5testss_22test_event_missing_cid
FN:307,_RNvNtNtNtCsjgtEJkoBHnr_14mcp_validators10validators9event_dag5testss_22test_validator_default
FN:229,_RNvNtNtNtCsjgtEJkoBHnr_14mcp_validators10validators9event_dag5testss_26test_acyclicity_with_cycle
FN:182,_RNvNtNtNtCsjgtEJkoBHnr_14mcp_validators10validators9event_dag5testss_26test_event_missing_payload
FN:251,_RNvNtNtNtCsjgtEJkoBHnr_14mcp_validators10validators9event_dag5testss_27test_acyclicity_complex_dag
FN:212,_RNvNtNtNtCsjgtEJkoBHnr_14mcp_validators10validators9event_dag5testss_27test_event_multiple_parents
FN:284,_RNvNtNtNtCsjgtEJkoBHnr_14mcp_validators10validators9event_dag5testss_28test_acyclicity_empty_events
FN:292,_RNvNtNtNtCsjgtEJkoBHnr_14mcp_validators10validators9event_dag5testss_28test_acyclicity_single_event
FN:169,_RNvNtNtNtCsjgtEJkoBHnr_14mcp_validators10validators9event_dag5testss_28test_event_missing_timestamp
FN:141,_RNvNtNtNtCsjgtEJkoBHnr_14mcp_validators10validators9event_dag5testss_29test_event_genesis_no_parents
FN:195,_RNvNtNtNtCsjgtEJkoBHnr_14mcp_validators10validators9event_dag5testss_29test_event_invalid_cid_format
FNDA:1,_RNvMNtNtCs4N6kI5JLQmX_14mcp_validators10validators9event_dagNtB2_17EventDAGValidator14validate_event
FNDA:0,_RNvMNtNtCs4N6kI5JLQmX_14mcp_validators10validators9event_dagNtB2_17EventDAGValidator16check_acyclicity
FNDA:1,_RNvMNtNtCs4N6kI5JLQmX_14mcp_validators10validators9event_dagNtB2_17EventDAGValidator3new
FNDA:0,_RNvMNtNtCs4N6kI5JLQmX_14mcp_validators10validators9event_dagNtB2_17EventDAGValidator9has_cycle
FNDA:0,_RNvXs_NtNtCs4N6kI5JLQmX_14mcp_validators10validators9event_dagNtB4_17EventDAGValidatorNtNtCslH02haMvknO_4core7default7Default7default
FNDA:8,_RNvMNtNtCsjgtEJkoBHnr_14mcp_validators10validators9event_dagNtB2_17EventDAGValidator14validate_event
FNDA:5,_RNvMNtNtCsjgtEJkoBHnr_14mcp_validators10validators9event_dagNtB2_17EventDAGValidator16check_acyclicity
FNDA:13,_RNvMNtNtCsjgtEJkoBHnr_14mcp_validators10validators9event_dagNtB2_17EventDAGValidator3new
FNDA:9,_RNvMNtNtCsjgtEJkoBHnr_14mcp_validators10validators9event_dagNtB2_17EventDAGValidator9has_cycle
FNDA:1,_RNvXs_NtNtCsjgtEJkoBHnr_14mcp_validators10validators9event_dagNtB4_17EventDAGValidatorNtNtCslH02haMvknO_4core7default7Default7default
FNDA:1,_RNvNtNtNtCsjgtEJkoBHnr_14mcp_validators10validators9event_dag5testss_16test_valid_event
FNDA:1,_RNvNtNtNtCsjgtEJkoBHnr_14mcp_validators10validators9event_dag5testss_21test_acyclicity_valid
FNDA:1,_RNvNtNtNtCsjgtEJkoBHnr_14mcp_validators10validators9event_dag5testss_22test_event_missing_cid
FNDA:1,_RNvNtNtNtCsjgtEJkoBHnr_14mcp_validators10validators9event_dag5testss_22test_validator_default
FNDA:1,_RNvNtNtNtCsjgtEJkoBHnr_14mcp_validators10validators9event_dag5testss_26test_acyclicity_with_cycle
FNDA:1,_RNvNtNtNtCsjgtEJkoBHnr_14mcp_validators10validators9event_dag5testss_26test_event_missing_payload
FNDA:1,_RNvNtNtNtCsjgtEJkoBHnr_14mcp_validators10validators9event_dag5testss_27test_acyclicity_complex_dag
FNDA:1,_RNvNtNtNtCsjgtEJkoBHnr_14mcp_validators10validators9event_dag5testss_27test_event_multiple_parents
FNDA:1,_RNvNtNtNtCsjgtEJkoBHnr_14mcp_validators10validators9event_dag5testss_28test_acyclicity_empty_events
FNDA:1,_RNvNtNtNtCsjgtEJkoBHnr_14mcp_validators10validators9event_dag5testss_28test_acyclicity_single_event
FNDA:1,_RNvNtNtNtCsjgtEJkoBHnr_14mcp_validators10validators9event_dag5testss_28test_event_missing_timestamp
FNDA:1,_RNvNtNtNtCsjgtEJkoBHnr_14mcp_validators10validators9event_dag5testss_29test_event_genesis_no_parents
FNDA:1,_RNvNtNtNtCsjgtEJkoBHnr_14mcp_validators10validators9event_dag5testss_29test_event_invalid_cid_format
FNF:18
FNH:18
DA:16,14
DA:17,14
DA:18,14
DA:22,9
DA:23,9
DA:25,9
DA:27,6
DA:28,1
DA:29,1
DA:30,5
DA:33,5
DA:34,2
DA:35,3
DA:37,5
DA:38,9
DA:42,5
DA:43,5
DA:46,9
DA:47,9
DA:48,9
DA:51,5
DA:52,5
DA:54,8
DA:55,8
DA:56,8
DA:57,1
DA:58,7
DA:59,0
DA:62,4
DA:63,5
DA:65,9
DA:66,9
DA:67,9
DA:68,9
DA:69,9
DA:70,9
DA:71,9
DA:72,9
DA:73,9
DA:75,9
DA:76,9
DA:77,7
DA:78,1
DA:79,1
DA:80,0
DA:81,6
DA:82,1
DA:83,5
DA:85,0
DA:87,7
DA:88,7
DA:89,9
DA:93,1
DA:94,1
DA:95,1
DA:104,1
DA:105,1
DA:106,1
DA:107,1
DA:108,1
DA:109,1
DA:110,1
DA:113,1
DA:114,1
DA:115,1
DA:118,1
DA:119,1
DA:120,1
DA:121,1
DA:122,1
DA:123,1
DA:124,1
DA:125,1
DA:126,1
DA:127,1
DA:128,1
DA:129,1
DA:130,1
DA:131,1
DA:132,1
DA:135,1
DA:136,1
DA:141,1
DA:142,1
DA:143,1
DA:144,1
DA:145,1
DA:146,1
DA:147,1
DA:150,1
DA:151,1
DA:152,1
DA:153,1
DA:156,1
DA:157,1
DA:158,1
DA:159,1
DA:160,1
DA:161,1
DA:164,1
DA:165,1
DA:166,1
DA:169,1
DA:170,1
DA:171,1
DA:172,1
DA:173,1
DA:174,1
DA:177,1
DA:178,1
DA:179,1
DA:182,1
DA:183,1
DA:184,1
DA:185,1
DA:186,1
DA:187,1
DA:190,1
DA:191,1
DA:192,1
DA:195,1
DA:196,1
DA:197,1
DA:198,1
DA:199,1
DA:200,1
DA:201,1
DA:204,1
DA:205,1
DA:206,1
DA:207,0
DA:209,1
DA:212,1
DA:213,1
DA:214,1
DA:215,1
DA:216,1
DA:220,1
DA:221,1
DA:224,1
DA:225,1
DA:226,1
DA:229,1
DA:230,1
DA:231,1
DA:232,1
DA:233,1
DA:234,1
DA:235,1
DA:236,1
DA:237,1
DA:238,1
DA:239,1
DA:240,1
DA:241,1
DA:242,1
DA:243,1
DA:246,1
DA:247,1
DA:248,1
DA:251,1
DA:252,1
DA:253,1
DA:254,1
DA:255,1
DA:256,1
DA:257,1
DA:258,1
DA:259,1
DA:260,1
DA:261,1
DA:262,1
DA:263,1
DA:264,1
DA:265,1
DA:266,1
DA:267,1
DA:268,1
DA:269,1
DA:270,1
DA:271,1
DA:272,1
DA:273,1
DA:274,1
DA:275,1
DA:276,1
DA:277,1
DA:280,1
DA:281,1
DA:284,1
DA:285,1
DA:286,1
DA:288,1
DA:289,1
DA:292,1
DA:293,1
DA:294,1
DA:295,1
DA:296,1
DA:297,1
DA:298,1
DA:299,1
DA:300,1
DA:303,1
DA:304,1
DA:307,1
DA:308,1
DA:309,1
DA:310,1
DA:311,1
DA:312,1
DA:313,1
DA:316,1
DA:317,1
DA:318,1
BRF:0
BRH:0
LF:215
LH:211
end_of_record
SF:/home/runner/work/Mcp-Plus-Plus/Mcp-Plus-Plus/tests-rs/src/validators/mcp_idl.rs
FN:54,_RNvMNtNtCs4N6kI5JLQmX_14mcp_validators10validators7mcp_idlNtB2_15MCPIDLValidator19validate_cid_format
FN:27,_RNvMNtNtCs4N6kI5JLQmX_14mcp_validators10validators7mcp_idlNtB2_15MCPIDLValidator29validate_interface_descriptor
FN:21,_RNvMNtNtCs4N6kI5JLQmX_14mcp_validators10validators7mcp_idlNtB2_15MCPIDLValidator3new
FN:60,_RNvXs_NtNtCs4N6kI5JLQmX_14mcp_validators10validators7mcp_idlNtB4_15MCPIDLValidatorNtNtCslH02haMvknO_4core7default7Default7default
FN:54,_RNvMNtNtCsjgtEJkoBHnr_14mcp_validators10validators7mcp_idlNtB2_15MCPIDLValidator19validate_cid_format
FN:27,_RNvMNtNtCsjgtEJkoBHnr_14mcp_validators10validators7mcp_idlNtB2_15MCPIDLValidator29validate_interface_descriptor
FN:21,_RNvMNtNtCsjgtEJkoBHnr_14mcp_validators10validators7mcp_idlNtB2_15MCPIDLValidator3new
FN:60,_RNvXs_NtNtCsjgtEJkoBHnr_14mcp_validators10validators7mcp_idlNtB4_15MCPIDLValidatorNtNtCslH02haMvknO_4core7default7Default7default
FN:225,_RNvNtNtNtCsjgtEJkoBHnr_14mcp_validators10validators7mcp_idl5testss_21test_cid_format_empty
FN:207,_RNvNtNtNtCsjgtEJkoBHnr_14mcp_validators10validators7mcp_idl5testss_22test_cid_format_base32
FN:201,_RNvNtNtNtCsjgtEJkoBHnr_14mcp_validators10validators7mcp_idl5testss_22test_cid_format_base58
FN:231,_RNvNtNtNtCsjgtEJkoBHnr_14mcp_validators10validators7mcp_idl5testss_22test_validator_default
FN:88,_RNvNtNtNtCsjgtEJkoBHnr_14mcp_validators10validators7mcp_idl5testss_24test_validate_cid_format
FN:213,_RNvNtNtNtCsjgtEJkoBHnr_14mcp_validators10validators7mcp_idl5testss_29test_cid_format_invalid_short
FN:219,_RNvNtNtNtCsjgtEJkoBHnr_14mcp_validators10validators7mcp_idl5testss_30test_cid_format_invalid_prefix
FN:71,_RNvNtNtNtCsjgtEJkoBHnr_14mcp_validators10validators7mcp_idl5testss_31test_valid_interface_descriptor
FN:98,_RNvNtNtNtCsjgtEJkoBHnr_14mcp_validators10validators7mcp_idl5testss_34test_interface_descriptor_no_tools
FN:113,_RNvNtNtNtCsjgtEJkoBHnr_14mcp_validators10validators7mcp_idl5testss_37test_interface_descriptor_invalid_cid
FN:162,_RNvNtNtNtCsjgtEJkoBHnr_14mcp_validators10validators7mcp_idl5testss_37test_interface_descriptor_missing_cid
FN:130,_RNvNtNtNtCsjgtEJkoBHnr_14mcp_validators10validators7mcp_idl5testss_38test_interface_descriptor_missing_name
FN:178,_RNvNtNtNtCsjgtEJkoBHnr_14mcp_validators10validators7mcp_idl5testss_40test_interface_descriptor_multiple_tools
FN:146,_RNvNtNtNtCsjgtEJkoBHnr_14mcp_validators10validators7mcp_idl5testss_41test_interface_descriptor_missing_version
FNDA:0,_RNvMNtNtCs4N6kI5JLQmX_14mcp_validators10validators7mcp_idlNtB2_15MCPIDLValidator19validate_cid_format
FNDA:1,_RNvMNtNtCs4N6kI5JLQmX_14mcp_validators10validators7mcp_idlNtB2_15MCPIDLValidator29validate_interface_descriptor
FNDA:1,_RNvMNtNtCs4N6kI5JLQmX_14mcp_validators10validators7mcp_idlNtB2_15MCPIDLValidator3new
FNDA:0,_RNvXs_NtNtCs4N6kI5JLQmX_14mcp_validators10validators7mcp_idlNtB4_15MCPIDLValidatorNtNtCslH02haMvknO_4core7default7Default7default
FNDA:9,_RNvMNtNtCsjgtEJkoBHnr_14mcp_validators10validators7mcp_idlNtB2_15MCPIDLValidator19validate_cid_format
FNDA:7,_RNvMNtNtCsjgtEJkoBHnr_14mcp_validators10validators7mcp_idlNtB2_15MCPIDLValidator29validate_interface_descriptor
FNDA:14,_RNvMNtNtCsjgtEJkoBHnr_14mcp_validators10validators7mcp_idlNtB2_15MCPIDLValidator3new
FNDA:1,_RNvXs_NtNtCsjgtEJkoBHnr_14mcp_validators10validators7mcp_idlNtB4_15MCPIDLValidatorNtNtCslH02haMvknO_4core7default7Default7default
FNDA:1,_RNvNtNtNtCsjgtEJkoBHnr_14mcp_validators10validators7mcp_idl5testss_21test_cid_format_empty
FNDA:1,_RNvNtNtNtCsjgtEJkoBHnr_14mcp_validators10validators7mcp_idl5testss_22test_cid_format_base32
FNDA:1,_RNvNtNtNtCsjgtEJkoBHnr_14mcp_validators10validators7mcp_idl5testss_22test_cid_format_base58
FNDA:1,_RNvNtNtNtCsjgtEJkoBHnr_14mcp_validators10validators7mcp_idl5testss_22test_validator_default
FNDA:1,_RNvNtNtNtCsjgtEJkoBHnr_14mcp_validators10validators7mcp_idl5testss_24test_validate_cid_format
FNDA:1,_RNvNtNtNtCsjgtEJkoBHnr_14mcp_validators10validators7mcp_idl5testss_29test_cid_format_invalid_short
FNDA:1,_RNvNtNtNtCsjgtEJkoBHnr_14mcp_validators10validators7mcp_idl5testss_30test_cid_format_invalid_prefix
FNDA:1,_RNvNtNtNtCsjgtEJkoBHnr_14mcp_validators10validators7mcp_idl5testss_31test_valid_interface_descriptor
FNDA:1,_RNvNtNtNtCsjgtEJkoBHnr_14mcp_validators10validators7mcp_idl5testss_34test_interface_descriptor_no_tools
FNDA:1,_RNvNtNtNtCsjgtEJkoBHnr_14mcp_validators10validators7mcp_idl5testss_37test_interface_descriptor_invalid_cid
FNDA:1,_RNvNtNtNtCsjgtEJkoBHnr_14mcp_validators10validators7mcp_idl5testss_37test_interface_descriptor_missing_cid
FNDA:1,_RNvNtNtNtCsjgtEJkoBHnr_14mcp_validators10validators7mcp_idl5testss_38test_interface_descriptor_missing_name
FNDA:1,_RNvNtNtNtCsjgtEJkoBHnr_14mcp_validators10validators7mcp_idl5testss_40test_interface_descriptor_multiple_tools
FNDA:1,_RNvNtNtNtCsjgtEJkoBHnr_14mcp_validators10validators7mcp_idl5testss_41test_interface_descriptor_missing_version
FNF:18
FNH:18
DA:21,15
DA:22,15
DA:23,15
DA:27,8
DA:28,8
DA:29,8
DA:30,8
DA:31,8
DA:33,8
DA:35,5
DA:36,1
DA:37,1
DA:38,4
DA:41,4
DA:42,0
DA:43,4
DA:46,4
DA:47,1
DA:48,3
DA:50,4
DA:51,8
DA:54,9
DA:55,9
DA:56,9
DA:60,1
DA:61,1
DA:62,1
DA:71,1
DA:72,1
DA:73,1
DA:74,1
DA:75,1
DA:76,1
DA:77,1
DA:78,1
DA:80,1
DA:83,1
DA:84,1
DA:85,1
DA:88,1
DA:89,1
DA:90,1
DA:91,1
DA:92,1
DA:93,1
DA:98,1
DA:99,1
DA:100,1
DA:101,1
DA:102,1
DA:103,1
DA:104,1
DA:107,1
DA:108,1
DA:109,1
DA:110,1
DA:113,1
DA:114,1
DA:115,1
DA:116,1
DA:117,1
DA:118,1
DA:119,1
DA:120,1
DA:122,1
DA:125,1
DA:126,1
DA:127,1
DA:130,1
DA:131,1
DA:132,1
DA:133,1
DA:134,1
DA:135,1
DA:136,1
DA:138,1
DA:141,1
DA:142,1
DA:143,1
DA:146,1
DA:147,1
DA:148,1
DA:149,1
DA:150,1
DA:151,1
DA:152,1
DA:154,1
DA:157,1
DA:158,1
DA:159,1
DA:162,1
DA:163,1
DA:164,1
DA:165,1
DA:166,1
DA:167,1
DA:168,1
DA:169,1
DA:173,1
DA:174,1
DA:175,1
DA:178,1
DA:179,1
DA:180,1
DA:181,1
DA:182,1
DA:183,1
DA:185,1
DA:186,1
DA:189,1
DA:190,1
DA:193,1
DA:196,1
DA:197,1
DA:198,1
DA:201,1
DA:202,1
DA:203,1
DA:204,1
DA:207,1
DA:208,1
DA:209,1
DA:210,1
DA:213,1
DA:214,1
DA:215,1
DA:216,1
DA:219,1
DA:220,1
DA:221,1
DA:222,1
DA:225,1
DA:226,1
DA:227,1
DA:228,1
DA:231,1
DA:232,1
DA:233,1
DA:234,1
BRF:0
BRH:0
LF:139
LH:138
end_of_record
SF:/home/runner/work/Mcp-Plus-Plus/Mcp-Plus-Plus/tests-rs/src/validators/policy_evaluation.rs
FN:21,_RNvMNtNtCs4N6kI5JLQmX_14mcp_validators10validators17policy_evaluationNtB2_25PolicyEvaluationValidator15validate_policy
FN:41,_RNvMNtNtCs4N6kI5JLQmX_14mcp_validators10validators17policy_evaluationNtB2_25PolicyEvaluationValidator17validate_decision
FN:15,_RNvMNtNtCs4N6kI5JLQmX_14mcp_validators10validators17policy_evaluationNtB2_25PolicyEvaluationValidator3new
FN:69,_RNvXs_NtNtCs4N6kI5JLQmX_14mcp_validators10validators17policy_evaluationNtB4_25PolicyEvaluationValidatorNtNtCslH02haMvknO_4core7default7Default7default
FN:80,_RNvNtNtNtCsjgtEJkoBHnr_14mcp_validators10validators17policy_evaluation5testss_17test_valid_policy
FN:209,_RNvNtNtNtCsjgtEJkoBHnr_14mcp_validators10validators17policy_evaluation5testss_18test_decision_deny
FN:96,_RNvNtNtNtCsjgtEJkoBHnr_14mcp_validators10validators17policy_evaluation5testss_19test_valid_decision
FN:252,_RNvNtNtNtCsjgtEJkoBHnr_14mcp_validators10validators17policy_evaluation5testss_22test_decision_with_cid
FN:264,_RNvNtNtNtCsjgtEJkoBHnr_14mcp_validators10validators17policy_evaluation5testss_22test_validator_default
FN:124,_RNvNtNtNtCsjgtEJkoBHnr_14mcp_validators10validators17policy_evaluation5testss_23test_policy_empty_rules
FN:137,_RNvNtNtNtCsjgtEJkoBHnr_14mcp_validators10validators17policy_evaluation5testss_23test_policy_missing_cid
FN:152,_RNvNtNtNtCsjgtEJkoBHnr_14mcp_validators10validators17policy_evaluation5testss_24test_policy_missing_type
FN:167,_RNvNtNtNtCsjgtEJkoBHnr_14mcp_validators10validators17policy_evaluation5testss_25test_policy_with_temporal
FN:187,_RNvNtNtNtCsjgtEJkoBHnr_14mcp_validators10validators17policy_evaluation5testss_26test_policy_multiple_rules
FN:220,_RNvNtNtNtCsjgtEJkoBHnr_14mcp_validators10validators17policy_evaluation5testss_27test_decision_missing_field
FN:107,_RNvNtNtNtCsjgtEJkoBHnr_14mcp_validators10validators17policy_evaluation5testss_30test_decision_with_obligations
FN:241,_RNvNtNtNtCsjgtEJkoBHnr_14mcp_validators10validators17policy_evaluation5testss_38test_decision_with_obligations_missing
FN:229,_RNvNtNtNtCsjgtEJkoBHnr_14mcp_validators10validators17policy_evaluation5testss_40test_decision_with_obligations_but_empty
FN:21,_RNvMNtNtCsjgtEJkoBHnr_14mcp_validators10validators17policy_evaluationNtB2_25PolicyEvaluationValidator15validate_policy
FN:41,_RNvMNtNtCsjgtEJkoBHnr_14mcp_validators10validators17policy_evaluationNtB2_25PolicyEvaluationValidator17validate_decision
FN:15,_RNvMNtNtCsjgtEJkoBHnr_14mcp_validators10validators17policy_evaluationNtB2_25PolicyEvaluationValidator3new
FN:69,_RNvXs_NtNtCsjgtEJkoBHnr_14mcp_validators10validators17policy_evaluationNtB4_25PolicyEvaluationValidatorNtNtCslH02haMvknO_4core7default7Default7default
FNDA:1,_RNvMNtNtCs4N6kI5JLQmX_14mcp_validators10validators17policy_evaluationNtB2_25PolicyEvaluationValidator15validate_policy
FNDA:2,_RNvMNtNtCs4N6kI5JLQmX_14mcp_validators10validators17policy_evaluationNtB2_25PolicyEvaluationValidator17validate_decision
FNDA:3,_RNvMNtNtCs4N6kI5JLQmX_14mcp_validators10validators17policy_evaluationNtB2_25PolicyEvaluationValidator3new
FNDA:0,_RNvXs_NtNtCs4N6kI5JLQmX_14mcp_validators10validators17policy_evaluationNtB4_25PolicyEvaluationValidatorNtNtCslH02haMvknO_4core7default7Default7default
FNDA:1,_RNvNtNtNtCsjgtEJkoBHnr_14mcp_validators10validators17policy_evaluation5testss_17test_valid_policy
FNDA:1,_RNvNtNtNtCsjgtEJkoBHnr_14mcp_validators10validators17policy_evaluation5testss_18test_decision_deny
FNDA:1,_RNvNtNtNtCsjgtEJkoBHnr_14mcp_validators10validators17policy_evaluation5testss_19test_valid_decision
FNDA:1,_RNvNtNtNtCsjgtEJkoBHnr_14mcp_validators10validators17policy_evaluation5testss_22test_decision_with_cid
FNDA:1,_RNvNtNtNtCsjgtEJkoBHnr_14mcp_validators10validators17policy_evaluation5testss_22test_validator_default
FNDA:1,_RNvNtNtNtCsjgtEJkoBHnr_14mcp_validators10validators17policy_evaluation5testss_23test_policy_empty_rules
FNDA:1,_RNvNtNtNtCsjgtEJkoBHnr_14mcp_validators10validators17policy_evaluation5testss_23test_policy_missing_cid
FNDA:1,_RNvNtNtNtCsjgtEJkoBHnr_14mcp_validators10validators17policy_evaluation5testss_24test_policy_missing_type
FNDA:1,_RNvNtNtNtCsjgtEJkoBHnr_14mcp_validators10validators17policy_evaluation5testss_25test_policy_with_temporal
FNDA:1,_RNvNtNtNtCsjgtEJkoBHnr_14mcp_validators10validators17policy_evaluation5testss_26test_policy_multiple_rules
FNDA:1,_RNvNtNtNtCsjgtEJkoBHnr_14mcp_validators10validators17policy_evaluation5testss_27test_decision_missing_field
FNDA:1,_RNvNtNtNtCsjgtEJkoBHnr_14mcp_validators10validators17policy_evaluation5testss_30test_decision_with_obligations
FNDA:1,_RNvNtNtNtCsjgtEJkoBHnr_14mcp_validators10validators17policy_evaluation5testss_38test_decision_with_obligations_missing
FNDA:1,_RNvNtNtNtCsjgtEJkoBHnr_14mcp_validators10validators17policy_evaluation5testss_40test_decision_with_obligations_but_empty
FNDA:6,_RNvMNtNtCsjgtEJkoBHnr_14mcp_validators10validators17policy_evaluationNtB2_25PolicyEvaluationValidator15validate_policy
FNDA:8,_RNvMNtNtCsjgtEJkoBHnr_14mcp_validators10validators17policy_evaluationNtB2_25PolicyEvaluationValidator17validate_decision
FNDA:14,_RNvMNtNtCsjgtEJkoBHnr_14mcp_validators10validators17policy_evaluationNtB2_25PolicyEvaluationValidator3new
FNDA:1,_RNvXs_NtNtCsjgtEJkoBHnr_14mcp_validators10validators17policy_evaluationNtB4_25PolicyEvaluationValidatorNtNtCslH02haMvknO_4core7default7Default7default
FNF:18
FNH:18
DA:15,17
DA:16,17
DA:17,17
DA:21,7
DA:22,7
DA:24,7
DA:26,5
DA:27,0
DA:28,0
DA:29,5
DA:32,5
DA:33,1
DA:34,4
DA:36,5
DA:37,7
DA:41,10
DA:42,10
DA:43,10
DA:44,10
DA:45,10
DA:47,10
DA:49,9
DA:50,0
DA:51,0
DA:52,9
DA:55,9
DA:56,4
DA:57,2
DA:58,2
DA:59,2
DA:60,2
DA:61,2
DA:62,5
DA:64,9
DA:65,10
DA:69,1
DA:70,1
DA:71,1
DA:80,1
DA:81,1
DA:82,1
DA:83,1
DA:84,1
DA:85,1
DA:86,1
DA:87,1
DA:91,1
DA:92,1
DA:93,1
DA:96,1
DA:97,1
DA:98,1
DA:99,1
DA:102,1
DA:103,1
DA:104,1
DA:107,1
DA:108,1
DA:109,1
DA:110,1
DA:111,1
DA:112,1
DA:113,1
DA:117,1
DA:118,1
DA:119,1
DA:124,1
DA:125,1
DA:126,1
DA:127,1
DA:128,1
DA:129,1
DA:132,1
DA:133,1
DA:134,1
DA:137,1
DA:138,1
DA:139,1
DA:140,1
DA:141,1
DA:142,1
DA:143,1
DA:147,1
DA:148,1
DA:149,1
DA:152,1
DA:153,1
DA:154,1
DA:155,1
DA:156,1
DA:157,1
DA:158,1
DA:162,1
DA:163,1
DA:164,1
DA:167,1
DA:168,1
DA:169,1
DA:170,1
DA:171,1
DA:172,1
DA:173,1
DA:174,1
DA:176,1
DA:177,1
DA:178,1
DA:182,1
DA:183,1
DA:184,1
DA:187,1
DA:188,1
DA:189,1
DA:190,1
DA:191,1
DA:192,1
DA:194,1
DA:195,1
DA:198,1
DA:199,1
DA:204,1
DA:205,1
DA:206,1
DA:209,1
DA:210,1
DA:211,1
DA:212,1
DA:215,1
DA:216,1
DA:217,1
DA:220,1
DA:221,1
DA:222,1
DA:224,1
DA:225,1
DA:226,1
DA:229,1
DA:230,1
DA:231,1
DA:232,1
DA:233,1
DA:236,1
DA:237,1
DA:238,1
DA:241,1
DA:242,1
DA:243,1
DA:244,1
DA:247,1
DA:248,1
DA:249,1
DA:252,1
DA:253,1
DA:254,1
DA:255,1
DA:256,1
DA:259,1
DA:260,1
DA:261,1
DA:264,1
DA:265,1
DA:266,1
DA:267,1
DA:270,1
DA:271,1
DA:272,1
BRF:0
BRH:0
LF:165
LH:161
end_of_record
SF:/home/runner/work/Mcp-Plus-Plus/Mcp-Plus-Plus/tests-rs/src/validators/transport.rs
FN:49,_RNvMNtNtCs4N6kI5JLQmX_14mcp_validators10validators9transportNtB2_18TransportValidator16validate_session
FN:21,_RNvMNtNtCs4N6kI5JLQmX_14mcp_validators10validators9transportNtB2_18TransportValidator26validate_transport_message
FN:15,_RNvMNtNtCs4N6kI5JLQmX_14mcp_validators10validators9transportNtB2_18TransportValidator3new
FN:67,_RNvXs_NtNtCs4N6kI5JLQmX_14mcp_validators10validators9transportNtB4_18TransportValidatorNtNtCslH02haMvknO_4core7default7Default7default
FN:91,_RNvNtNtNtCsjgtEJkoBHnr_14mcp_validators10validators9transport5testss_18test_valid_session
FN:226,_RNvNtNtNtCsjgtEJkoBHnr_14mcp_validators10validators9transport5testss_22test_validator_default
FN:180,_RNvNtNtNtCsjgtEJkoBHnr_14mcp_validators10validators9transport5testss_23test_session_missing_id
FN:214,_RNvNtNtNtCsjgtEJkoBHnr_14mcp_validators10validators9transport5testss_24test_session_with_p2p_id
FN:202,_RNvNtNtNtCsjgtEJkoBHnr_14mcp_validators10validators9transport5testss_25test_session_ipv6_address
FN:78,_RNvNtNtNtCsjgtEJkoBHnr_14mcp_validators10validators9transport5testss_28test_valid_transport_message
FN:191,_RNvNtNtNtCsjgtEJkoBHnr_14mcp_validators10validators9transport5testss_30test_session_missing_peer_addr
FN:118,_RNvNtNtNtCsjgtEJkoBHnr_14mcp_validators10validators9transport5testss_34test_transport_message_zero_length
FN:167,_RNvNtNtNtCsjgtEJkoBHnr_14mcp_validators10validators9transport5testss_35test_transport_message_large_length
FN:143,_RNvNtNtNtCsjgtEJkoBHnr_14mcp_validators10validators9transport5testss_37test_transport_message_missing_length
FN:155,_RNvNtNtNtCsjgtEJkoBHnr_14mcp_validators10validators9transport5testss_38test_transport_message_missing_payload
FN:105,_RNvNtNtNtCsjgtEJkoBHnr_14mcp_validators10validators9transport5testss_42test_transport_message_invalid_protocol_id
FN:131,_RNvNtNtNtCsjgtEJkoBHnr_14mcp_validators10validators9transport5testss_42test_transport_message_missing_protocol_id
FN:49,_RNvMNtNtCsjgtEJkoBHnr_14mcp_validators10validators9transportNtB2_18TransportValidator16validate_session
FN:21,_RNvMNtNtCsjgtEJkoBHnr_14mcp_validators10validators9transportNtB2_18TransportValidator26validate_transport_message
FN:15,_RNvMNtNtCsjgtEJkoBHnr_14mcp_validators10validators9transportNtB2_18TransportValidator3new
FN:67,_RNvXs_NtNtCsjgtEJkoBHnr_14mcp_validators10validators9transportNtB4_18TransportValidatorNtNtCslH02haMvknO_4core7default7Default7default
FNDA:1,_RNvMNtNtCs4N6kI5JLQmX_14mcp_validators10validators9transportNtB2_18TransportValidator16validate_session
FNDA:1,_RNvMNtNtCs4N6kI5JLQmX_14mcp_validators10validators9transportNtB2_18TransportValidator26validate_transport_message
FNDA:2,_RNvMNtNtCs4N6kI5JLQmX_14mcp_validators10validators9transportNtB2_18TransportValidator3new
FNDA:0,_RNvXs_NtNtCs4N6kI5JLQmX_14mcp_validators10validators9transportNtB4_18TransportValidatorNtNtCslH02haMvknO_4core7default7Default7default
FNDA:1,_RNvNtNtNtCsjgtEJkoBHnr_14mcp_validators10validators9transport5testss_18test_valid_session
FNDA:1,_RNvNtNtNtCsjgtEJkoBHnr_14mcp_validators10validators9transport5testss_22test_validator_default
FNDA:1,_RNvNtNtNtCsjgtEJkoBHnr_14mcp_validators10validators9transport5testss_23test_session_missing_id
FNDA:1,_RNvNtNtNtCsjgtEJkoBHnr_14mcp_validators10validators9transport5testss_24test_session_with_p2p_id
FNDA:1,_RNvNtNtNtCsjgtEJkoBHnr_14mcp_validators10validators9transport5testss_25test_session_ipv6_address
FNDA:1,_RNvNtNtNtCsjgtEJkoBHnr_14mcp_validators10validators9transport5testss_28test_valid_transport_message
FNDA:1,_RNvNtNtNtCsjgtEJkoBHnr_14mcp_validators10validators9transport5testss_30test_session_missing_peer_addr
FNDA:1,_RNvNtNtNtCsjgtEJkoBHnr_14mcp_validators10validators9transport5testss_34test_transport_message_zero_length
FNDA:1,_RNvNtNtNtCsjgtEJkoBHnr_14mcp_validators10validators9transport5testss_35test_transport_message_large_length
FNDA:1,_RNvNtNtNtCsjgtEJkoBHnr_14mcp_validators10validators9transport5testss_37test_transport_message_missing_length
FNDA:1,_RNvNtNtNtCsjgtEJkoBHnr_14mcp_validators10validators9transport5testss_38test_transport_message_missing_payload
FNDA:1,_RNvNtNtNtCsjgtEJkoBHnr_14mcp_validators10validators9transport5testss_42test_transport_message_invalid_protocol_id
FNDA:1,_RNvNtNtNtCsjgtEJkoBHnr_14mcp_validators10validators9transport5testss_42test_transport_message_missing_protocol_id
FNDA:6,_RNvMNtNtCsjgtEJkoBHnr_14mcp_validators10validators9transportNtB2_18TransportValidator16validate_session
FNDA:7,_RNvMNtNtCsjgtEJkoBHnr_14mcp_validators10validators9transportNtB2_18TransportValidator26validate_transport_message
FNDA:13,_RNvMNtNtCsjgtEJkoBHnr_14mcp_validators10validators9transportNtB2_18TransportValidator3new
FNDA:1,_RNvXs_NtNtCsjgtEJkoBHnr_14mcp_validators10validators9transportNtB4_18TransportValidatorNtNtCslH02haMvknO_4core7default7Default7default
FNF:17
FNH:17
DA:15,15
DA:16,15
DA:17,15
DA:21,8
DA:22,8
DA:23,8
DA:24,8
DA:25,8
DA:27,8
DA:29,5
DA:30,2
DA:31,2
DA:32,3
DA:35,3
DA:36,0
DA:37,3
DA:40,3
DA:41,0
DA:42,3
DA:44,3
DA:45,8
DA:49,7
DA:50,7
DA:51,7
DA:52,7
DA:53,7
DA:55,7
DA:57,5
DA:58,0
DA:59,0
DA:60,5
DA:62,5
DA:63,7
DA:67,1
DA:68,1
DA:69,1
DA:78,1
DA:79,1
DA:80,1
DA:81,1
DA:82,1
DA:83,1
DA:86,1
DA:87,1
DA:88,1
DA:91,1
DA:92,1
DA:93,1
DA:94,1
DA:95,1
DA:98,1
DA:99,1
DA:100,1
DA:105,1
DA:106,1
DA:107,1
DA:108,1
DA:109,1
DA:110,1
DA:113,1
DA:114,1
DA:115,1
DA:118,1
DA:119,1
DA:120,1
DA:121,1
DA:122,1
DA:123,1
DA:126,1
DA:127,1
DA:128,1
DA:131,1
DA:132,1
DA:133,1
DA:134,1
DA:135,1
DA:138,1
DA:139,1
DA:140,1
DA:143,1
DA:144,1
DA:145,1
DA:146,1
DA:147,1
DA:150,1
DA:151,1
DA:152,1
DA:155,1
DA:156,1
DA:157,1
DA:158,1
DA:159,1
DA:162,1
DA:163,1
DA:164,1
DA:167,1
DA:168,1
DA:169,1
DA:170,1
DA:171,1
DA:172,1
DA:175,1
DA:176,1
DA:177,1
DA:180,1
DA:181,1
DA:182,1
DA:183,1
DA:186,1
DA:187,1
DA:188,1
DA:191,1
DA:192,1
DA:193,1
DA:194,1
DA:197,1
DA:198,1
DA:199,1
DA:202,1
DA:203,1
DA:204,1
DA:205,1
DA:206,1
DA:209,1
DA:210,1
DA:211,1
DA:214,1
DA:215,1
DA:216,1
DA:217,1
DA:218,1
DA:221,1
DA:222,1
DA:223,1
DA:226,1
DA:227,1
DA:228,1
DA:229,1
DA:230,1
DA:233,1
DA:234,1
DA:235,1
BRF:0
BRH:0
LF:142
LH:138
end_of_record
SF:/home/runner/work/Mcp-Plus-Plus/Mcp-Plus-Plus/tests-rs/src/validators/ucan_delegation.rs
FN:21,_RNvMNtNtCs4N6kI5JLQmX_14mcp_validators10validators15ucan_delegationNtB2_23UCANDelegationValidator19validate_ucan_token
FN:52,_RNvMNtNtCs4N6kI5JLQmX_14mcp_validators10validators15ucan_delegationNtB2_23UCANDelegationValidator25validate_delegation_chain
FN:15,_RNvMNtNtCs4N6kI5JLQmX_14mcp_validators10validators15ucan_delegationNtB2_23UCANDelegationValidator3new
FN:77,_RNvXs_NtNtCs4N6kI5JLQmX_14mcp_validators10validators15ucan_delegationNtB4_23UCANDelegationValidatorNtNtCslH02haMvknO_4core7default7Default7default
FN:88,_RNvNtNtNtCsjgtEJkoBHnr_14mcp_validators10validators15ucan_delegation5testss_21test_valid_ucan_token
FN:335,_RNvNtNtNtCsjgtEJkoBHnr_14mcp_validators10validators15ucan_delegation5testss_22test_validator_default
FN:245,_RNvNtNtNtCsjgtEJkoBHnr_14mcp_validators10validators15ucan_delegation5testss_26test_ucan_token_with_proof
FN:105,_RNvNtNtNtCsjgtEJkoBHnr_14mcp_validators10validators15ucan_delegation5testss_27test_valid_delegation_chain
FN:126,_RNvNtNtNtCsjgtEJkoBHnr_14mcp_validators10validators15ucan_delegation5testss_30test_ucan_token_invalid_issuer
FN:206,_RNvNtNtNtCsjgtEJkoBHnr_14mcp_validators10validators15ucan_delegation5testss_30test_ucan_token_missing_expiry
FN:174,_RNvNtNtNtCsjgtEJkoBHnr_14mcp_validators10validators15ucan_delegation5testss_30test_ucan_token_missing_issuer
FN:143,_RNvNtNtNtCsjgtEJkoBHnr_14mcp_validators10validators15ucan_delegation5testss_32test_ucan_token_invalid_audience
FN:190,_RNvNtNtNtCsjgtEJkoBHnr_14mcp_validators10validators15ucan_delegation5testss_32test_ucan_token_missing_audience
FN:293,_RNvNtNtNtCsjgtEJkoBHnr_14mcp_validators10validators15ucan_delegation5testss_34test_delegation_chain_single_token
FN:160,_RNvNtNtNtCsjgtEJkoBHnr_14mcp_validators10validators15ucan_delegation5testss_34test_ucan_token_empty_attenuations
FN:312,_RNvNtNtNtCsjgtEJkoBHnr_14mcp_validators10validators15ucan_delegation5testss_35test_delegation_chain_invalid_token
FN:263,_RNvNtNtNtCsjgtEJkoBHnr_14mcp_validators10validators15ucan_delegation5testss_37test_delegation_chain_multiple_tokens
FN:222,_RNvNtNtNtCsjgtEJkoBHnr_14mcp_validators10validators15ucan_delegation5testss_37test_ucan_token_multiple_attenuations
FN:21,_RNvMNtNtCsjgtEJkoBHnr_14mcp_validators10validators15ucan_delegationNtB2_23UCANDelegationValidator19validate_ucan_token
FN:52,_RNvMNtNtCsjgtEJkoBHnr_14mcp_validators10validators15ucan_delegationNtB2_23UCANDelegationValidator25validate_delegation_chain
FN:15,_RNvMNtNtCsjgtEJkoBHnr_14mcp_validators10validators15ucan_delegationNtB2_23UCANDelegationValidator3new
FN:77,_RNvXs_NtNtCsjgtEJkoBHnr_14mcp_validators10validators15ucan_delegationNtB4_23UCANDelegationValidatorNtNtCslH02haMvknO_4core7default7Default7default
FNDA:1,_RNvMNtNtCs4N6kI5JLQmX_14mcp_validators10validators15ucan_delegationNtB2_23UCANDelegationValidator19validate_ucan_token
FNDA:1,_RNvMNtNtCs4N6kI5JLQmX_14mcp_validators10validators15ucan_delegationNtB2_23UCANDelegationValidator25validate_delegation_chain
FNDA:2,_RNvMNtNtCs4N6kI5JLQmX_14mcp_validators10validators15ucan_delegationNtB2_23UCANDelegationValidator3new
FNDA:0,_RNvXs_NtNtCs4N6kI5JLQmX_14mcp_validators10validators15ucan_delegationNtB4_23UCANDelegationValidatorNtNtCslH02haMvknO_4core7default7Default7default
FNDA:1,_RNvNtNtNtCsjgtEJkoBHnr_14mcp_validators10validators15ucan_delegation5testss_21test_valid_ucan_token
FNDA:1,_RNvNtNtNtCsjgtEJkoBHnr_14mcp_validators10validators15ucan_delegation5testss_22test_validator_default
FNDA:1,_RNvNtNtNtCsjgtEJkoBHnr_14mcp_validators10validators15ucan_delegation5testss_26test_ucan_token_with_proof
FNDA:1,_RNvNtNtNtCsjgtEJkoBHnr_14mcp_validators10validators15ucan_delegation5testss_27test_valid_delegation_chain
FNDA:1,_RNvNtNtNtCsjgtEJkoBHnr_14mcp_validators10validators15ucan_delegation5testss_30test_ucan_token_invalid_issuer
FNDA:1,_RNvNtNtNtCsjgtEJkoBHnr_14mcp_validators10validators15ucan_delegation5testss_30test_ucan_token_missing_expiry
FNDA:1,_RNvNtNtNtCsjgtEJkoBHnr_14mcp_validators10validators15ucan_delegation5testss_30test_ucan_token_missing_issuer
FNDA:1,_RNvNtNtNtCsjgtEJkoBHnr_14mcp_validators10validators15ucan_delegation5testss_32test_ucan_token_invalid_audience
FNDA:1,_RNvNtNtNtCsjgtEJkoBHnr_14mcp_validators10validators15ucan_delegation5testss_32test_ucan_token_missing_audience
FNDA:1,_RNvNtNtNtCsjgtEJkoBHnr_14mcp_validators10validators15ucan_delegation5testss_34test_delegation_chain_single_token
FNDA:1,_RNvNtNtNtCsjgtEJkoBHnr_14mcp_validators10validators15ucan_delegation5testss_34test_ucan_token_empty_attenuations
FNDA:1,_RNvNtNtNtCsjgtEJkoBHnr_14mcp_validators10validators15ucan_delegation5testss_35test_delegation_chain_invalid_token
FNDA:1,_RNvNtNtNtCsjgtEJkoBHnr_14mcp_validators10validators15ucan_delegation5testss_37test_delegation_chain_multiple_tokens
FNDA:1,_RNvNtNtNtCsjgtEJkoBHnr_14mcp_validators10validators15ucan_delegation5testss_37test_ucan_token_multiple_attenuations
FNDA:10,_RNvMNtNtCsjgtEJkoBHnr_14mcp_validators10validators15ucan_delegationNtB2_23UCANDelegationValidator19validate_ucan_token
FNDA:4,_RNvMNtNtCsjgtEJkoBHnr_14mcp_validators10validators15ucan_delegationNtB2_23UCANDelegationValidator25validate_delegation_chain
FNDA:14,_RNvMNtNtCsjgtEJkoBHnr_14mcp_validators10validators15ucan_delegationNtB2_23UCANDelegationValidator3new
FNDA:1,_RNvXs_NtNtCsjgtEJkoBHnr_14mcp_validators10validators15ucan_delegationNtB4_23UCANDelegationValidatorNtNtCslH02haMvknO_4core7default7Default7default
FNF:18
FNH:18
DA:15,16
DA:16,16
DA:17,16
DA:21,11
DA:22,11
DA:23,11
DA:24,11
DA:25,11
DA:27,11
DA:29,8
DA:30,2
DA:31,2
DA:32,6
DA:35,6
DA:36,0
DA:37,6
DA:38,6
DA:39,0
DA:40,6
DA:43,6
DA:44,1
DA:45,5
DA:47,6
DA:48,11
DA:52,5
DA:53,5
DA:54,5
DA:55,5
DA:56,5
DA:58,5
DA:60,5
DA:61,0
DA:62,0
DA:63,5
DA:66,6
DA:67,6
DA:68,1
DA:69,5
DA:72,5
DA:73,5
DA:77,1
DA:78,1
DA:79,1
DA:88,1
DA:89,1
DA:90,1
DA:91,1
DA:92,1
DA:93,1
DA:94,1
DA:95,1
DA:97,1
DA:100,1
DA:101,1
DA:102,1
DA:105,1
DA:106,1
DA:107,1
DA:108,1
DA:109,1
DA:110,1
DA:111,1
DA:112,1
DA:113,1
DA:115,1
DA:119,1
DA:120,1
DA:121,1
DA:126,1
DA:127,1
DA:128,1
DA:129,1
DA:130,1
DA:131,1
DA:132,1
DA:133,1
DA:135,1
DA:138,1
DA:139,1
DA:140,1
DA:143,1
DA:144,1
DA:145,1
DA:146,1
DA:147,1
DA:148,1
DA:149,1
DA:150,1
DA:152,1
DA:155,1
DA:156,1
DA:157,1
DA:160,1
DA:161,1
DA:162,1
DA:163,1
DA:164,1
DA:165,1
DA:166,1
DA:169,1
DA:170,1
DA:171,1
DA:174,1
DA:175,1
DA:176,1
DA:177,1
DA:178,1
DA:179,1
DA:180,1
DA:182,1
DA:185,1
DA:186,1
DA:187,1
DA:190,1
DA:191,1
DA:192,1
DA:193,1
DA:194,1
DA:195,1
DA:196,1
DA:198,1
DA:201,1
DA:202,1
DA:203,1
DA:206,1
DA:207,1
DA:208,1
DA:209,1
DA:210,1
DA:211,1
DA:212,1
DA:213,1
DA:217,1
DA:218,1
DA:219,1
DA:222,1
DA:223,1
DA:224,1
DA:225,1
DA:226,1
DA:227,1
DA:229,1
DA:230,1
DA:233,1
DA:234,1
DA:237,1
DA:240,1
DA:241,1
DA:242,1
DA:245,1
DA:246,1
DA:247,1
DA:248,1
DA:249,1
DA:250,1
DA:251,1
DA:252,1
DA:254,1
DA:255,1
DA:258,1
DA:259,1
DA:260,1
DA:263,1
DA:264,1
DA:265,1
DA:266,1
DA:268,1
DA:269,1
DA:270,1
DA:271,1
DA:272,1
DA:274,1
DA:277,1
DA:278,1
DA:279,1
DA:280,1
DA:281,1
DA:283,1
DA:288,1
DA:289,1
DA:290,1
DA:293,1
DA:294,1
DA:295,1
DA:296,1
DA:297,1
DA:298,1
DA:299,1
DA:300,1
DA:301,1
DA:303,1
DA:307,1
DA:308,1
DA:309,1
DA:312,1
DA:313,1
DA:314,1
DA:315,1
DA:316,1
DA:317,1
DA:318,1
DA:319,1
DA:320,1
DA:322,1
DA:326,1
DA:328,1
DA:329,1
DA:330,0
DA:332,1
DA:335,1
DA:336,1
DA:337,1
DA:338,1
DA:339,1
DA:340,1
DA:341,1
DA:342,1
DA:344,1
DA:347,1
DA:348,1
DA:349,1
BRF:0
BRH:0
LF:221
LH:216
end_of_record