{"/home/runner/work/Mcp-Plus-Plus/Mcp-Plus-Plus/tests-ts/vitest.coverage.config.ts": {"path":"/home/runner/work/Mcp-Plus-Plus/Mcp-Plus-Plus/tests-ts/vitest.coverage.config.ts","all":true,"statementMap":{"0":{"start":{"line":1,"column":0},"end":{"line":1,"column":45}},"1":{"start":{"line":2,"column":0},"end":{"line":2,"column":0}},"2":{"start":{"line":3,"column":0},"end":{"line":3,"column":29}},"3":{"start":{"line":4,"column":0},"end":{"line":4,"column":9}},"4":{"start":{"line":5,"column":0},"end":{"line":5,"column":15}},"5":{"start":{"line":6,"column":0},"end":{"line":6,"column":21}},"6":{"start":{"line":7,"column":0},"end":{"line":7,"column":49}},"7":{"start":{"line":8,"column":0},"end":{"line":8,"column":59}},"8":{"start":{"line":9,"column":0},"end":{"line":9,"column":52}},"9":{"start":{"line":10,"column":0},"end":{"line":10,"column":16}},"10":{"start":{"line":11,"column":0},"end":{"line":11,"column":17}},"11":{"start":{"line":12,"column":0},"end":{"line":12,"column":21}},"12":{"start":{"line":13,"column":0},"end":{"line":13,"column":20}},"13":{"start":{"line":14,"column":0},"end":{"line":14,"column":22}},"14":{"start":{"line":15,"column":0},"end":{"line":15,"column":6}},"15":{"start":{"line":16,"column":0},"end":{"line":16,"column":4}},"16":{"start":{"line":17,"column":0},"end":{"line":17,"column":3}}},"s":{"0":0,"1":0,"2":0,"3":0,"4":0,"5":0,"6":0,"7":0,"8":0,"9":0,"10":0,"11":0,"12":0,"13":0,"14":0,"15":0,"16":0},"branchMap":{"0":{"type":"branch","line":1,"loc":{"start":{"line":1,"column":0},"end":{"line":17,"column":-114}},"locations":[{"start":{"line":1,"column":0},"end":{"line":17,"column":-114}}]}},"b":{"0":[0]},"fnMap":{"0":{"name":"(empty-report)","decl":{"start":{"line":1,"column":0},"end":{"line":17,"column":-114}},"loc":{"start":{"line":1,"column":0},"end":{"line":17,"column":-114}},"line":1}},"f":{"0":0}}
,"/home/runner/work/Mcp-Plus-Plus/Mcp-Plus-Plus/tests-ts/src/index.ts": {"path":"/home/runner/work/Mcp-Plus-Plus/Mcp-Plus-Plus/tests-ts/src/index.ts","all":true,"statementMap":{"0":{"start":{"line":1,"column":0},"end":{"line":1,"column":3}},"1":{"start":{"line":2,"column":0},"end":{"line":2,"column":51}},"2":{"start":{"line":3,"column":0},"end":{"line":3,"column":3}},"3":{"start":{"line":4,"column":0},"end":{"line":4,"column":0}},"4":{"start":{"line":5,"column":0},"end":{"line":5,"column":28}},"5":{"start":{"line":6,"column":0},"end":{"line":6,"column":40}},"6":{"start":{"line":7,"column":0},"end":{"line":7,"column":57}},"7":{"start":{"line":8,"column":0},"end":{"line":8,"column":60}},"8":{"start":{"line":9,"column":0},"end":{"line":9,"column":63}},"9":{"start":{"line":10,"column":0},"end":{"line":10,"column":67}},"10":{"start":{"line":11,"column":0},"end":{"line":11,"column":63}},"11":{"start":{"line":12,"column":0},"end":{"line":12,"column":61}}},"s":{"0":0,"1":0,"2":0,"3":0,"4":0,"5":0,"6":0,"7":0,"8":0,"9":0,"10":0,"11":0},"branchMap":{"0":{"type":"branch","line":1,"loc":{"start":{"line":1,"column":507},"end":{"line":12,"column":61}},"locations":[{"start":{"line":1,"column":507},"end":{"line":12,"column":61}}]}},"b":{"0":[0]},"fnMap":{"0":{"name":"(empty-report)","decl":{"start":{"line":1,"column":507},"end":{"line":12,"column":61}},"loc":{"start":{"line":1,"column":507},"end":{"line":12,"column":61}},"line":1}},"f":{"0":0}}
,"/home/runner/work/Mcp-Plus-Plus/Mcp-Plus-Plus/tests-ts/src/models.ts": {"path":"/home/runner/work/Mcp-Plus-Plus/Mcp-Plus-Plus/tests-ts/src/models.ts","all":false,"statementMap":{"0":{"start":{"line":1,"column":0},"end":{"line":1,"column":3}},"1":{"start":{"line":2,"column":0},"end":{"line":2,"column":50}},"2":{"start":{"line":3,"column":0},"end":{"line":3,"column":3}},"3":{"start":{"line":4,"column":0},"end":{"line":4,"column":53}},"4":{"start":{"line":5,"column":0},"end":{"line":5,"column":61}},"5":{"start":{"line":6,"column":0},"end":{"line":6,"column":56}},"6":{"start":{"line":7,"column":0},"end":{"line":7,"column":3}},"7":{"start":{"line":8,"column":0},"end":{"line":8,"column":0}},"8":{"start":{"line":9,"column":0},"end":{"line":9,"column":24}},"9":{"start":{"line":10,"column":0},"end":{"line":10,"column":0}},"10":{"start":{"line":11,"column":0},"end":{"line":11,"column":79}},"11":{"start":{"line":12,"column":0},"end":{"line":12,"column":23}},"12":{"start":{"line":13,"column":0},"end":{"line":13,"column":79}},"13":{"start":{"line":14,"column":0},"end":{"line":14,"column":0}},"14":{"start":{"line":15,"column":0},"end":{"line":15,"column":53}},"15":{"start":{"line":16,"column":0},"end":{"line":16,"column":66}},"16":{"start":{"line":17,"column":0},"end":{"line":17,"column":0}},"17":{"start":{"line":18,"column":0},"end":{"line":18,"column":44}},"18":{"start":{"line":19,"column":0},"end":{"line":19,"column":25}},"19":{"start":{"line":20,"column":0},"end":{"line":20,"column":22}},"20":{"start":{"line":21,"column":0},"end":{"line":21,"column":37}},"21":{"start":{"line":22,"column":0},"end":{"line":22,"column":12}},"22":{"start":{"line":23,"column":0},"end":{"line":23,"column":62}},"23":{"start":{"line":24,"column":0},"end":{"line":24,"column":0}},"24":{"start":{"line":25,"column":0},"end":{"line":25,"column":46}},"25":{"start":{"line":26,"column":0},"end":{"line":26,"column":32}},"26":{"start":{"line":27,"column":0},"end":{"line":27,"column":28}},"27":{"start":{"line":28,"column":0},"end":{"line":28,"column":51}},"28":{"start":{"line":29,"column":0},"end":{"line":29,"column":40}},"29":{"start":{"line":30,"column":0},"end":{"line":30,"column":12}},"30":{"start":{"line":31,"column":0},"end":{"line":31,"column":66}},"31":{"start":{"line":32,"column":0},"end":{"line":32,"column":0}},"32":{"start":{"line":33,"column":0},"end":{"line":33,"column":51}},"33":{"start":{"line":34,"column":0},"end":{"line":34,"column":32}},"34":{"start":{"line":35,"column":0},"end":{"line":35,"column":47}},"35":{"start":{"line":36,"column":0},"end":{"line":36,"column":51}},"36":{"start":{"line":37,"column":0},"end":{"line":37,"column":12}},"37":{"start":{"line":38,"column":0},"end":{"line":38,"column":76}},"38":{"start":{"line":39,"column":0},"end":{"line":39,"column":0}},"39":{"start":{"line":40,"column":0},"end":{"line":40,"column":47}},"40":{"start":{"line":41,"column":0},"end":{"line":41,"column":32}},"41":{"start":{"line":42,"column":0},"end":{"line":42,"column":40}},"42":{"start":{"line":43,"column":0},"end":{"line":43,"column":29}},"43":{"start":{"line":44,"column":0},"end":{"line":44,"column":39}},"44":{"start":{"line":45,"column":0},"end":{"line":45,"column":19}},"45":{"start":{"line":46,"column":0},"end":{"line":46,"column":13}},"46":{"start":{"line":47,"column":0},"end":{"line":47,"column":48}},"47":{"start":{"line":48,"column":0},"end":{"line":48,"column":46}},"48":{"start":{"line":49,"column":0},"end":{"line":49,"column":64}},"49":{"start":{"line":50,"column":0},"end":{"line":50,"column":4}},"50":{"start":{"line":51,"column":0},"end":{"line":51,"column":3}},"51":{"start":{"line":52,"column":0},"end":{"line":52,"column":69}},"52":{"start":{"line":53,"column":0},"end":{"line":53,"column":3}},"53":{"start":{"line":54,"column":0},"end":{"line":54,"column":2}},"54":{"start":{"line":55,"column":0},"end":{"line":55,"column":68}},"55":{"start":{"line":56,"column":0},"end":{"line":56,"column":0}},"56":{"start":{"line":57,"column":0},"end":{"line":57,"column":79}},"57":{"start":{"line":58,"column":0},"end":{"line":58,"column":22}},"58":{"start":{"line":59,"column":0},"end":{"line":59,"column":79}},"59":{"start":{"line":60,"column":0},"end":{"line":60,"column":0}},"60":{"start":{"line":61,"column":0},"end":{"line":61,"column":42}},"61":{"start":{"line":62,"column":0},"end":{"line":62,"column":26}},"62":{"start":{"line":63,"column":0},"end":{"line":63,"column":29}},"63":{"start":{"line":64,"column":0},"end":{"line":64,"column":48}},"64":{"start":{"line":65,"column":0},"end":{"line":65,"column":58}},"65":{"start":{"line":66,"column":0},"end":{"line":66,"column":0}},"66":{"start":{"line":67,"column":0},"end":{"line":67,"column":42}},"67":{"start":{"line":68,"column":0},"end":{"line":68,"column":26}},"68":{"start":{"line":69,"column":0},"end":{"line":69,"column":29}},"69":{"start":{"line":70,"column":0},"end":{"line":70,"column":17}},"70":{"start":{"line":71,"column":0},"end":{"line":71,"column":58}},"71":{"start":{"line":72,"column":0},"end":{"line":72,"column":0}},"72":{"start":{"line":73,"column":0},"end":{"line":73,"column":44}},"73":{"start":{"line":74,"column":0},"end":{"line":74,"column":38}},"74":{"start":{"line":75,"column":0},"end":{"line":75,"column":42}},"75":{"start":{"line":76,"column":0},"end":{"line":76,"column":40}},"76":{"start":{"line":77,"column":0},"end":{"line":77,"column":17}},"77":{"start":{"line":78,"column":0},"end":{"line":78,"column":62}},"78":{"start":{"line":79,"column":0},"end":{"line":79,"column":0}},"79":{"start":{"line":80,"column":0},"end":{"line":80,"column":48}},"80":{"start":{"line":81,"column":0},"end":{"line":81,"column":30}},"81":{"start":{"line":82,"column":0},"end":{"line":82,"column":35}},"82":{"start":{"line":83,"column":0},"end":{"line":83,"column":31}},"83":{"start":{"line":84,"column":0},"end":{"line":84,"column":17}},"84":{"start":{"line":85,"column":0},"end":{"line":85,"column":70}},"85":{"start":{"line":86,"column":0},"end":{"line":86,"column":0}},"86":{"start":{"line":87,"column":0},"end":{"line":87,"column":46}},"87":{"start":{"line":88,"column":0},"end":{"line":88,"column":26}},"88":{"start":{"line":89,"column":0},"end":{"line":89,"column":43}},"89":{"start":{"line":90,"column":0},"end":{"line":90,"column":12}},"90":{"start":{"line":91,"column":0},"end":{"line":91,"column":66}},"91":{"start":{"line":92,"column":0},"end":{"line":92,"column":0}},"92":{"start":{"line":93,"column":0},"end":{"line":93,"column":50}},"93":{"start":{"line":94,"column":0},"end":{"line":94,"column":25}},"94":{"start":{"line":95,"column":0},"end":{"line":95,"column":12}},"95":{"start":{"line":96,"column":0},"end":{"line":96,"column":74}},"96":{"start":{"line":97,"column":0},"end":{"line":97,"column":0}},"97":{"start":{"line":98,"column":0},"end":{"line":98,"column":47}},"98":{"start":{"line":99,"column":0},"end":{"line":99,"column":26}},"99":{"start":{"line":100,"column":0},"end":{"line":100,"column":54}},"100":{"start":{"line":101,"column":0},"end":{"line":101,"column":12}},"101":{"start":{"line":102,"column":0},"end":{"line":102,"column":68}},"102":{"start":{"line":103,"column":0},"end":{"line":103,"column":0}},"103":{"start":{"line":104,"column":0},"end":{"line":104,"column":79}},"104":{"start":{"line":105,"column":0},"end":{"line":105,"column":29}},"105":{"start":{"line":106,"column":0},"end":{"line":106,"column":79}},"106":{"start":{"line":107,"column":0},"end":{"line":107,"column":0}},"107":{"start":{"line":108,"column":0},"end":{"line":108,"column":48}},"108":{"start":{"line":109,"column":0},"end":{"line":109,"column":26}},"109":{"start":{"line":110,"column":0},"end":{"line":110,"column":28}},"110":{"start":{"line":111,"column":0},"end":{"line":111,"column":29}},"111":{"start":{"line":112,"column":0},"end":{"line":112,"column":37}},"112":{"start":{"line":113,"column":0},"end":{"line":113,"column":17}},"113":{"start":{"line":114,"column":0},"end":{"line":114,"column":70}},"114":{"start":{"line":115,"column":0},"end":{"line":115,"column":0}},"115":{"start":{"line":116,"column":0},"end":{"line":116,"column":47}},"116":{"start":{"line":117,"column":0},"end":{"line":117,"column":25}},"117":{"start":{"line":118,"column":0},"end":{"line":118,"column":29}},"118":{"start":{"line":119,"column":0},"end":{"line":119,"column":44}},"119":{"start":{"line":120,"column":0},"end":{"line":120,"column":17}},"120":{"start":{"line":121,"column":0},"end":{"line":121,"column":68}},"121":{"start":{"line":122,"column":0},"end":{"line":122,"column":0}},"122":{"start":{"line":123,"column":0},"end":{"line":123,"column":51}},"123":{"start":{"line":124,"column":0},"end":{"line":124,"column":26}},"124":{"start":{"line":125,"column":0},"end":{"line":125,"column":31}},"125":{"start":{"line":126,"column":0},"end":{"line":126,"column":29}},"126":{"start":{"line":127,"column":0},"end":{"line":127,"column":50}},"127":{"start":{"line":128,"column":0},"end":{"line":128,"column":41}},"128":{"start":{"line":129,"column":0},"end":{"line":129,"column":44}},"129":{"start":{"line":130,"column":0},"end":{"line":130,"column":35}},"130":{"start":{"line":131,"column":0},"end":{"line":131,"column":48}},"131":{"start":{"line":132,"column":0},"end":{"line":132,"column":46}},"132":{"start":{"line":133,"column":0},"end":{"line":133,"column":55}},"133":{"start":{"line":134,"column":0},"end":{"line":134,"column":52}},"134":{"start":{"line":135,"column":0},"end":{"line":135,"column":17}},"135":{"start":{"line":136,"column":0},"end":{"line":136,"column":76}},"136":{"start":{"line":137,"column":0},"end":{"line":137,"column":0}},"137":{"start":{"line":138,"column":0},"end":{"line":138,"column":79}},"138":{"start":{"line":139,"column":0},"end":{"line":139,"column":35}},"139":{"start":{"line":140,"column":0},"end":{"line":140,"column":79}},"140":{"start":{"line":141,"column":0},"end":{"line":141,"column":0}},"141":{"start":{"line":142,"column":0},"end":{"line":142,"column":68}},"142":{"start":{"line":143,"column":0},"end":{"line":143,"column":0}},"143":{"start":{"line":144,"column":0},"end":{"line":144,"column":49}},"144":{"start":{"line":145,"column":0},"end":{"line":145,"column":46}},"145":{"start":{"line":146,"column":0},"end":{"line":146,"column":42}},"146":{"start":{"line":147,"column":0},"end":{"line":147,"column":31}},"147":{"start":{"line":148,"column":0},"end":{"line":148,"column":36}},"148":{"start":{"line":149,"column":0},"end":{"line":149,"column":41}},"149":{"start":{"line":150,"column":0},"end":{"line":150,"column":12}},"150":{"start":{"line":151,"column":0},"end":{"line":151,"column":72}},"151":{"start":{"line":152,"column":0},"end":{"line":152,"column":0}},"152":{"start":{"line":153,"column":0},"end":{"line":153,"column":48}},"153":{"start":{"line":154,"column":0},"end":{"line":154,"column":45}},"154":{"start":{"line":155,"column":0},"end":{"line":155,"column":43}},"155":{"start":{"line":156,"column":0},"end":{"line":156,"column":23}},"156":{"start":{"line":157,"column":0},"end":{"line":157,"column":56}},"157":{"start":{"line":158,"column":0},"end":{"line":158,"column":35}},"158":{"start":{"line":159,"column":0},"end":{"line":159,"column":12}},"159":{"start":{"line":160,"column":0},"end":{"line":160,"column":70}},"160":{"start":{"line":161,"column":0},"end":{"line":161,"column":0}},"161":{"start":{"line":162,"column":0},"end":{"line":162,"column":79}},"162":{"start":{"line":163,"column":0},"end":{"line":163,"column":37}},"163":{"start":{"line":164,"column":0},"end":{"line":164,"column":79}},"164":{"start":{"line":165,"column":0},"end":{"line":165,"column":0}},"165":{"start":{"line":166,"column":0},"end":{"line":166,"column":41}},"166":{"start":{"line":167,"column":0},"end":{"line":167,"column":25}},"167":{"start":{"line":168,"column":0},"end":{"line":168,"column":25}},"168":{"start":{"line":169,"column":0},"end":{"line":169,"column":41}},"169":{"start":{"line":170,"column":0},"end":{"line":170,"column":35}},"170":{"start":{"line":171,"column":0},"end":{"line":171,"column":38}},"171":{"start":{"line":172,"column":0},"end":{"line":172,"column":17}},"172":{"start":{"line":173,"column":0},"end":{"line":173,"column":56}},"173":{"start":{"line":174,"column":0},"end":{"line":174,"column":0}},"174":{"start":{"line":175,"column":0},"end":{"line":175,"column":47}},"175":{"start":{"line":176,"column":0},"end":{"line":176,"column":24}},"176":{"start":{"line":177,"column":0},"end":{"line":177,"column":46}},"177":{"start":{"line":178,"column":0},"end":{"line":178,"column":42}},"178":{"start":{"line":179,"column":0},"end":{"line":179,"column":12}},"179":{"start":{"line":180,"column":0},"end":{"line":180,"column":68}},"180":{"start":{"line":181,"column":0},"end":{"line":181,"column":0}},"181":{"start":{"line":182,"column":0},"end":{"line":182,"column":79}},"182":{"start":{"line":183,"column":0},"end":{"line":183,"column":39}},"183":{"start":{"line":184,"column":0},"end":{"line":184,"column":79}},"184":{"start":{"line":185,"column":0},"end":{"line":185,"column":0}},"185":{"start":{"line":186,"column":0},"end":{"line":186,"column":84}},"186":{"start":{"line":187,"column":0},"end":{"line":187,"column":58}},"187":{"start":{"line":188,"column":0},"end":{"line":188,"column":0}},"188":{"start":{"line":189,"column":0},"end":{"line":189,"column":86}},"189":{"start":{"line":190,"column":0},"end":{"line":190,"column":62}},"190":{"start":{"line":191,"column":0},"end":{"line":191,"column":0}},"191":{"start":{"line":192,"column":0},"end":{"line":192,"column":50}},"192":{"start":{"line":193,"column":0},"end":{"line":193,"column":48}},"193":{"start":{"line":194,"column":0},"end":{"line":194,"column":47}},"194":{"start":{"line":195,"column":0},"end":{"line":195,"column":55}},"195":{"start":{"line":196,"column":0},"end":{"line":196,"column":12}},"196":{"start":{"line":197,"column":0},"end":{"line":197,"column":74}},"197":{"start":{"line":198,"column":0},"end":{"line":198,"column":0}},"198":{"start":{"line":199,"column":0},"end":{"line":199,"column":38}},"199":{"start":{"line":200,"column":0},"end":{"line":200,"column":32}},"200":{"start":{"line":201,"column":0},"end":{"line":201,"column":28}},"201":{"start":{"line":202,"column":0},"end":{"line":202,"column":33}},"202":{"start":{"line":203,"column":0},"end":{"line":203,"column":34}},"203":{"start":{"line":204,"column":0},"end":{"line":204,"column":48}},"204":{"start":{"line":205,"column":0},"end":{"line":205,"column":43}},"205":{"start":{"line":206,"column":0},"end":{"line":206,"column":17}},"206":{"start":{"line":207,"column":0},"end":{"line":207,"column":50}},"207":{"start":{"line":208,"column":0},"end":{"line":208,"column":0}},"208":{"start":{"line":209,"column":0},"end":{"line":209,"column":46}},"209":{"start":{"line":210,"column":0},"end":{"line":210,"column":31}},"210":{"start":{"line":211,"column":0},"end":{"line":211,"column":43}},"211":{"start":{"line":212,"column":0},"end":{"line":212,"column":53}},"212":{"start":{"line":213,"column":0},"end":{"line":213,"column":40}},"213":{"start":{"line":214,"column":0},"end":{"line":214,"column":12}},"214":{"start":{"line":215,"column":0},"end":{"line":215,"column":66}},"215":{"start":{"line":216,"column":0},"end":{"line":216,"column":0}},"216":{"start":{"line":217,"column":0},"end":{"line":217,"column":79}},"217":{"start":{"line":218,"column":0},"end":{"line":218,"column":19}},"218":{"start":{"line":219,"column":0},"end":{"line":219,"column":79}},"219":{"start":{"line":220,"column":0},"end":{"line":220,"column":0}},"220":{"start":{"line":221,"column":0},"end":{"line":221,"column":39}},"221":{"start":{"line":222,"column":0},"end":{"line":222,"column":15}},"222":{"start":{"line":223,"column":0},"end":{"line":223,"column":11}},"223":{"start":{"line":224,"column":0},"end":{"line":224,"column":10}},"224":{"start":{"line":225,"column":0},"end":{"line":225,"column":15}},"225":{"start":{"line":226,"column":0},"end":{"line":226,"column":20}},"226":{"start":{"line":227,"column":0},"end":{"line":227,"column":3}},"227":{"start":{"line":228,"column":0},"end":{"line":228,"column":56}},"228":{"start":{"line":229,"column":0},"end":{"line":229,"column":0}},"229":{"start":{"line":230,"column":0},"end":{"line":230,"column":40}},"230":{"start":{"line":231,"column":0},"end":{"line":231,"column":30}},"231":{"start":{"line":232,"column":0},"end":{"line":232,"column":42}},"232":{"start":{"line":233,"column":0},"end":{"line":233,"column":31}},"233":{"start":{"line":234,"column":0},"end":{"line":234,"column":36}},"234":{"start":{"line":235,"column":0},"end":{"line":235,"column":29}},"235":{"start":{"line":236,"column":0},"end":{"line":236,"column":17}},"236":{"start":{"line":237,"column":0},"end":{"line":237,"column":54}},"237":{"start":{"line":238,"column":0},"end":{"line":238,"column":0}},"238":{"start":{"line":239,"column":0},"end":{"line":239,"column":79}},"239":{"start":{"line":240,"column":0},"end":{"line":240,"column":31}},"240":{"start":{"line":241,"column":0},"end":{"line":241,"column":79}},"241":{"start":{"line":242,"column":0},"end":{"line":242,"column":0}},"242":{"start":{"line":243,"column":0},"end":{"line":243,"column":67}},"243":{"start":{"line":244,"column":0},"end":{"line":244,"column":72}},"244":{"start":{"line":245,"column":0},"end":{"line":245,"column":0}},"245":{"start":{"line":246,"column":0},"end":{"line":246,"column":48}},"246":{"start":{"line":247,"column":0},"end":{"line":247,"column":39}},"247":{"start":{"line":248,"column":0},"end":{"line":248,"column":38}},"248":{"start":{"line":249,"column":0},"end":{"line":249,"column":93}},"249":{"start":{"line":250,"column":0},"end":{"line":250,"column":12}},"250":{"start":{"line":251,"column":0},"end":{"line":251,"column":70}},"251":{"start":{"line":252,"column":0},"end":{"line":252,"column":0}},"252":{"start":{"line":253,"column":0},"end":{"line":253,"column":42}},"253":{"start":{"line":254,"column":0},"end":{"line":254,"column":15}},"254":{"start":{"line":255,"column":0},"end":{"line":255,"column":11}},"255":{"start":{"line":256,"column":0},"end":{"line":256,"column":19}},"256":{"start":{"line":257,"column":0},"end":{"line":257,"column":10}},"257":{"start":{"line":258,"column":0},"end":{"line":258,"column":11}},"258":{"start":{"line":259,"column":0},"end":{"line":259,"column":3}},"259":{"start":{"line":260,"column":0},"end":{"line":260,"column":62}},"260":{"start":{"line":261,"column":0},"end":{"line":261,"column":0}},"261":{"start":{"line":262,"column":0},"end":{"line":262,"column":48}},"262":{"start":{"line":263,"column":0},"end":{"line":263,"column":32}},"263":{"start":{"line":264,"column":0},"end":{"line":264,"column":28}},"264":{"start":{"line":265,"column":0},"end":{"line":265,"column":27}},"265":{"start":{"line":266,"column":0},"end":{"line":266,"column":45}},"266":{"start":{"line":267,"column":0},"end":{"line":267,"column":17}},"267":{"start":{"line":268,"column":0},"end":{"line":268,"column":70}}},"s":{"0":1,"1":1,"2":1,"3":1,"4":1,"5":1,"6":1,"7":1,"8":1,"9":1,"10":1,"11":1,"12":1,"13":1,"14":1,"15":1,"16":1,"17":1,"18":1,"19":1,"20":1,"21":1,"22":1,"23":1,"24":1,"25":1,"26":1,"27":1,"28":1,"29":1,"30":1,"31":1,"32":1,"33":1,"34":1,"35":1,"36":1,"37":1,"38":1,"39":1,"40":1,"41":1,"42":1,"43":1,"44":1,"45":1,"46":1,"47":1,"48":1,"49":1,"50":1,"51":1,"52":1,"53":1,"54":1,"55":1,"56":1,"57":1,"58":1,"59":1,"60":1,"61":1,"62":1,"63":1,"64":1,"65":1,"66":1,"67":1,"68":1,"69":1,"70":1,"71":1,"72":1,"73":1,"74":1,"75":1,"76":1,"77":1,"78":1,"79":1,"80":1,"81":1,"82":1,"83":1,"84":1,"85":1,"86":1,"87":1,"88":1,"89":1,"90":1,"91":1,"92":1,"93":1,"94":1,"95":1,"96":1,"97":1,"98":1,"99":1,"100":1,"101":1,"102":1,"103":1,"104":1,"105":1,"106":1,"107":1,"108":1,"109":1,"110":1,"111":1,"112":1,"113":1,"114":1,"115":1,"116":1,"117":1,"118":1,"119":1,"120":1,"121":1,"122":1,"123":1,"124":1,"125":1,"126":1,"127":1,"128":1,"129":1,"130":1,"131":1,"132":1,"133":1,"134":1,"135":1,"136":1,"137":1,"138":1,"139":1,"140":1,"141":1,"142":1,"143":1,"144":1,"145":1,"146":1,"147":1,"148":1,"149":1,"150":1,"151":1,"152":1,"153":1,"154":1,"155":1,"156":1,"157":1,"158":1,"159":1,"160":1,"161":1,"162":1,"163":1,"164":1,"165":1,"166":1,"167":1,"168":1,"169":1,"170":1,"171":1,"172":1,"173":1,"174":1,"175":1,"176":1,"177":1,"178":1,"179":1,"180":1,"181":1,"182":1,"183":1,"184":1,"185":1,"186":1,"187":1,"188":1,"189":1,"190":1,"191":1,"192":1,"193":1,"194":1,"195":1,"196":1,"197":1,"198":1,"199":1,"200":1,"201":1,"202":1,"203":1,"204":1,"205":1,"206":1,"207":1,"208":1,"209":1,"210":1,"211":1,"212":1,"213":1,"214":1,"215":1,"216":1,"217":1,"218":1,"219":1,"220":1,"221":1,"222":1,"223":1,"224":1,"225":1,"226":1,"227":1,"228":1,"229":1,"230":1,"231":1,"232":1,"233":1,"234":1,"235":1,"236":1,"237":1,"238":1,"239":1,"240":1,"241":1,"242":1,"243":1,"244":1,"245":1,"246":1,"247":1,"248":1,"249":1,"250":1,"251":1,"252":1,"253":1,"254":1,"255":1,"256":1,"257":1,"258":1,"259":1,"260":1,"261":1,"262":1,"263":1,"264":1,"265":1,"266":1,"267":1},"branchMap":{"0":{"type":"branch","line":46,"loc":{"start":{"line":46,"column":2},"end":{"line":50,"column":4}},"locations":[{"start":{"line":46,"column":2},"end":{"line":50,"column":4}}]},"1":{"type":"branch","line":49,"loc":{"start":{"line":49,"column":26},"end":{"line":49,"column":64}},"locations":[{"start":{"line":49,"column":26},"end":{"line":49,"column":64}}]}},"b":{"0":[1],"1":[0]},"fnMap":{"0":{"name":"__vite_ssr_import_0__.z.object.strict.refine.message","decl":{"start":{"line":46,"column":2},"end":{"line":50,"column":4}},"loc":{"start":{"line":46,"column":2},"end":{"line":50,"column":4}},"line":46}},"f":{"0":1}}
,"/home/runner/work/Mcp-Plus-Plus/Mcp-Plus-Plus/tests-ts/src/validators/baseMCP.ts": {"path":"/home/runner/work/Mcp-Plus-Plus/Mcp-Plus-Plus/tests-ts/src/validators/baseMCP.ts","all":false,"statementMap":{"0":{"start":{"line":1,"column":0},"end":{"line":1,"column":3}},"1":{"start":{"line":2,"column":0},"end":{"line":2,"column":43}},"2":{"start":{"line":3,"column":0},"end":{"line":3,"column":3}},"3":{"start":{"line":4,"column":0},"end":{"line":4,"column":61}},"4":{"start":{"line":5,"column":0},"end":{"line":5,"column":57}},"5":{"start":{"line":6,"column":0},"end":{"line":6,"column":3}},"6":{"start":{"line":7,"column":0},"end":{"line":7,"column":0}},"7":{"start":{"line":8,"column":0},"end":{"line":8,"column":41}},"8":{"start":{"line":9,"column":0},"end":{"line":9,"column":8}},"9":{"start":{"line":10,"column":0},"end":{"line":10,"column":23}},"10":{"start":{"line":11,"column":0},"end":{"line":11,"column":24}},"11":{"start":{"line":12,"column":0},"end":{"line":12,"column":28}},"12":{"start":{"line":13,"column":0},"end":{"line":13,"column":25}},"13":{"start":{"line":14,"column":0},"end":{"line":14,"column":23}},"14":{"start":{"line":15,"column":0},"end":{"line":15,"column":27}},"15":{"start":{"line":16,"column":0},"end":{"line":16,"column":24}},"16":{"start":{"line":17,"column":0},"end":{"line":17,"column":22}},"17":{"start":{"line":18,"column":0},"end":{"line":18,"column":23}},"18":{"start":{"line":19,"column":0},"end":{"line":19,"column":27}},"19":{"start":{"line":20,"column":0},"end":{"line":20,"column":22}},"20":{"start":{"line":21,"column":0},"end":{"line":21,"column":0}},"21":{"start":{"line":22,"column":0},"end":{"line":22,"column":3}},"22":{"start":{"line":23,"column":0},"end":{"line":23,"column":32}},"23":{"start":{"line":24,"column":0},"end":{"line":24,"column":3}},"24":{"start":{"line":25,"column":0},"end":{"line":25,"column":35}},"25":{"start":{"line":26,"column":0},"end":{"line":26,"column":19}},"26":{"start":{"line":27,"column":0},"end":{"line":27,"column":22}},"27":{"start":{"line":28,"column":0},"end":{"line":28,"column":19}},"28":{"start":{"line":29,"column":0},"end":{"line":29,"column":21}},"29":{"start":{"line":30,"column":0},"end":{"line":30,"column":36}},"30":{"start":{"line":31,"column":0},"end":{"line":31,"column":1}},"31":{"start":{"line":32,"column":0},"end":{"line":32,"column":0}},"32":{"start":{"line":33,"column":0},"end":{"line":33,"column":3}},"33":{"start":{"line":34,"column":0},"end":{"line":34,"column":35}},"34":{"start":{"line":35,"column":0},"end":{"line":35,"column":3}},"35":{"start":{"line":36,"column":0},"end":{"line":36,"column":32}},"36":{"start":{"line":37,"column":0},"end":{"line":37,"column":27}},"37":{"start":{"line":38,"column":0},"end":{"line":38,"column":25}},"38":{"start":{"line":39,"column":0},"end":{"line":39,"column":21}},"39":{"start":{"line":40,"column":0},"end":{"line":40,"column":10}},"40":{"start":{"line":41,"column":0},"end":{"line":41,"column":12}},"41":{"start":{"line":42,"column":0},"end":{"line":42,"column":16}},"42":{"start":{"line":43,"column":0},"end":{"line":43,"column":15}},"43":{"start":{"line":44,"column":0},"end":{"line":44,"column":17}},"44":{"start":{"line":45,"column":0},"end":{"line":45,"column":17}},"45":{"start":{"line":46,"column":0},"end":{"line":46,"column":4}},"46":{"start":{"line":47,"column":0},"end":{"line":47,"column":1}},"47":{"start":{"line":48,"column":0},"end":{"line":48,"column":0}},"48":{"start":{"line":49,"column":0},"end":{"line":49,"column":3}},"49":{"start":{"line":50,"column":0},"end":{"line":50,"column":42}},"50":{"start":{"line":51,"column":0},"end":{"line":51,"column":3}},"51":{"start":{"line":52,"column":0},"end":{"line":52,"column":66}},"52":{"start":{"line":53,"column":0},"end":{"line":53,"column":28}},"53":{"start":{"line":54,"column":0},"end":{"line":54,"column":25}},"54":{"start":{"line":55,"column":0},"end":{"line":55,"column":1}},"55":{"start":{"line":56,"column":0},"end":{"line":56,"column":0}},"56":{"start":{"line":57,"column":0},"end":{"line":57,"column":3}},"57":{"start":{"line":58,"column":0},"end":{"line":58,"column":43}},"58":{"start":{"line":59,"column":0},"end":{"line":59,"column":3}},"59":{"start":{"line":60,"column":0},"end":{"line":60,"column":70}},"60":{"start":{"line":61,"column":0},"end":{"line":61,"column":32}},"61":{"start":{"line":62,"column":0},"end":{"line":62,"column":1}},"62":{"start":{"line":63,"column":0},"end":{"line":63,"column":0}},"63":{"start":{"line":64,"column":0},"end":{"line":64,"column":3}},"64":{"start":{"line":65,"column":0},"end":{"line":65,"column":44}},"65":{"start":{"line":66,"column":0},"end":{"line":66,"column":3}},"66":{"start":{"line":67,"column":0},"end":{"line":67,"column":50}},"67":{"start":{"line":68,"column":0},"end":{"line":68,"column":36}},"68":{"start":{"line":69,"column":0},"end":{"line":69,"column":37}},"69":{"start":{"line":70,"column":0},"end":{"line":70,"column":1}},"70":{"start":{"line":71,"column":0},"end":{"line":71,"column":0}},"71":{"start":{"line":72,"column":0},"end":{"line":72,"column":3}},"72":{"start":{"line":73,"column":0},"end":{"line":73,"column":47}},"73":{"start":{"line":74,"column":0},"end":{"line":74,"column":3}},"74":{"start":{"line":75,"column":0},"end":{"line":75,"column":88}},"75":{"start":{"line":76,"column":0},"end":{"line":76,"column":35}},"76":{"start":{"line":77,"column":0},"end":{"line":77,"column":27}},"77":{"start":{"line":78,"column":0},"end":{"line":78,"column":10}},"78":{"start":{"line":79,"column":0},"end":{"line":79,"column":33}},"79":{"start":{"line":80,"column":0},"end":{"line":80,"column":23}},"80":{"start":{"line":81,"column":0},"end":{"line":81,"column":40}},"81":{"start":{"line":82,"column":0},"end":{"line":82,"column":4}},"82":{"start":{"line":83,"column":0},"end":{"line":83,"column":1}},"83":{"start":{"line":84,"column":0},"end":{"line":84,"column":0}},"84":{"start":{"line":85,"column":0},"end":{"line":85,"column":3}},"85":{"start":{"line":86,"column":0},"end":{"line":86,"column":48}},"86":{"start":{"line":87,"column":0},"end":{"line":87,"column":3}},"87":{"start":{"line":88,"column":0},"end":{"line":88,"column":90}},"88":{"start":{"line":89,"column":0},"end":{"line":89,"column":108}},"89":{"start":{"line":90,"column":0},"end":{"line":90,"column":1}},"90":{"start":{"line":91,"column":0},"end":{"line":91,"column":0}},"91":{"start":{"line":92,"column":0},"end":{"line":92,"column":3}},"92":{"start":{"line":93,"column":0},"end":{"line":93,"column":52}},"93":{"start":{"line":94,"column":0},"end":{"line":94,"column":3}},"94":{"start":{"line":95,"column":0},"end":{"line":95,"column":98}},"95":{"start":{"line":96,"column":0},"end":{"line":96,"column":72}},"96":{"start":{"line":97,"column":0},"end":{"line":97,"column":1}},"97":{"start":{"line":98,"column":0},"end":{"line":98,"column":0}},"98":{"start":{"line":99,"column":0},"end":{"line":99,"column":3}},"99":{"start":{"line":100,"column":0},"end":{"line":100,"column":58}},"100":{"start":{"line":101,"column":0},"end":{"line":101,"column":3}},"101":{"start":{"line":102,"column":0},"end":{"line":102,"column":55}},"102":{"start":{"line":103,"column":0},"end":{"line":103,"column":56}},"103":{"start":{"line":104,"column":0},"end":{"line":104,"column":3}},"104":{"start":{"line":105,"column":0},"end":{"line":105,"column":43}},"105":{"start":{"line":106,"column":0},"end":{"line":106,"column":40}},"106":{"start":{"line":107,"column":0},"end":{"line":107,"column":3}},"107":{"start":{"line":108,"column":0},"end":{"line":108,"column":32}},"108":{"start":{"line":109,"column":0},"end":{"line":109,"column":5}},"109":{"start":{"line":110,"column":0},"end":{"line":110,"column":44}},"110":{"start":{"line":111,"column":0},"end":{"line":111,"column":5}},"111":{"start":{"line":112,"column":0},"end":{"line":112,"column":72}},"112":{"start":{"line":113,"column":0},"end":{"line":113,"column":16}},"113":{"start":{"line":114,"column":0},"end":{"line":114,"column":17}},"114":{"start":{"line":115,"column":0},"end":{"line":115,"column":18}},"115":{"start":{"line":116,"column":0},"end":{"line":116,"column":11}},"116":{"start":{"line":117,"column":0},"end":{"line":117,"column":19}},"117":{"start":{"line":118,"column":0},"end":{"line":118,"column":24}},"118":{"start":{"line":119,"column":0},"end":{"line":119,"column":12}},"119":{"start":{"line":120,"column":0},"end":{"line":120,"column":17}},"120":{"start":{"line":121,"column":0},"end":{"line":121,"column":17}},"121":{"start":{"line":122,"column":0},"end":{"line":122,"column":16}},"122":{"start":{"line":123,"column":0},"end":{"line":123,"column":21}},"123":{"start":{"line":124,"column":0},"end":{"line":124,"column":21}},"124":{"start":{"line":125,"column":0},"end":{"line":125,"column":26}},"125":{"start":{"line":126,"column":0},"end":{"line":126,"column":28}},"126":{"start":{"line":127,"column":0},"end":{"line":127,"column":31}},"127":{"start":{"line":128,"column":0},"end":{"line":128,"column":14}},"128":{"start":{"line":129,"column":0},"end":{"line":129,"column":19}},"129":{"start":{"line":130,"column":0},"end":{"line":130,"column":18}},"130":{"start":{"line":131,"column":0},"end":{"line":131,"column":20}},"131":{"start":{"line":132,"column":0},"end":{"line":132,"column":38}},"132":{"start":{"line":133,"column":0},"end":{"line":133,"column":43}},"133":{"start":{"line":134,"column":0},"end":{"line":134,"column":39}},"134":{"start":{"line":135,"column":0},"end":{"line":135,"column":41}},"135":{"start":{"line":136,"column":0},"end":{"line":136,"column":29}},"136":{"start":{"line":137,"column":0},"end":{"line":137,"column":5}},"137":{"start":{"line":138,"column":0},"end":{"line":138,"column":0}},"138":{"start":{"line":139,"column":0},"end":{"line":139,"column":5}},"139":{"start":{"line":140,"column":0},"end":{"line":140,"column":55}},"140":{"start":{"line":141,"column":0},"end":{"line":141,"column":5}},"141":{"start":{"line":142,"column":0},"end":{"line":142,"column":71}},"142":{"start":{"line":143,"column":0},"end":{"line":143,"column":53}},"143":{"start":{"line":144,"column":0},"end":{"line":144,"column":0}},"144":{"start":{"line":145,"column":0},"end":{"line":145,"column":9}},"145":{"start":{"line":146,"column":0},"end":{"line":146,"column":58}},"146":{"start":{"line":147,"column":0},"end":{"line":147,"column":42}},"147":{"start":{"line":148,"column":0},"end":{"line":148,"column":0}},"148":{"start":{"line":149,"column":0},"end":{"line":149,"column":33}},"149":{"start":{"line":150,"column":0},"end":{"line":150,"column":65}},"150":{"start":{"line":151,"column":0},"end":{"line":151,"column":64}},"151":{"start":{"line":152,"column":0},"end":{"line":152,"column":7}},"152":{"start":{"line":153,"column":0},"end":{"line":153,"column":0}},"153":{"start":{"line":154,"column":0},"end":{"line":154,"column":44}},"154":{"start":{"line":155,"column":0},"end":{"line":155,"column":27}},"155":{"start":{"line":156,"column":0},"end":{"line":156,"column":79}},"156":{"start":{"line":157,"column":0},"end":{"line":157,"column":7}},"157":{"start":{"line":158,"column":0},"end":{"line":158,"column":21}},"158":{"start":{"line":159,"column":0},"end":{"line":159,"column":38}},"159":{"start":{"line":160,"column":0},"end":{"line":160,"column":31}},"160":{"start":{"line":161,"column":0},"end":{"line":161,"column":41}},"161":{"start":{"line":162,"column":0},"end":{"line":162,"column":50}},"162":{"start":{"line":163,"column":0},"end":{"line":163,"column":11}},"163":{"start":{"line":164,"column":0},"end":{"line":164,"column":14}},"164":{"start":{"line":165,"column":0},"end":{"line":165,"column":31}},"165":{"start":{"line":166,"column":0},"end":{"line":166,"column":55}},"166":{"start":{"line":167,"column":0},"end":{"line":167,"column":7}},"167":{"start":{"line":168,"column":0},"end":{"line":168,"column":5}},"168":{"start":{"line":169,"column":0},"end":{"line":169,"column":0}},"169":{"start":{"line":170,"column":0},"end":{"line":170,"column":18}},"170":{"start":{"line":171,"column":0},"end":{"line":171,"column":3}},"171":{"start":{"line":172,"column":0},"end":{"line":172,"column":0}},"172":{"start":{"line":173,"column":0},"end":{"line":173,"column":5}},"173":{"start":{"line":174,"column":0},"end":{"line":174,"column":56}},"174":{"start":{"line":175,"column":0},"end":{"line":175,"column":5}},"175":{"start":{"line":176,"column":0},"end":{"line":176,"column":72}},"176":{"start":{"line":177,"column":0},"end":{"line":177,"column":54}},"177":{"start":{"line":178,"column":0},"end":{"line":178,"column":0}},"178":{"start":{"line":179,"column":0},"end":{"line":179,"column":9}},"179":{"start":{"line":180,"column":0},"end":{"line":180,"column":60}},"180":{"start":{"line":181,"column":0},"end":{"line":181,"column":0}},"181":{"start":{"line":182,"column":0},"end":{"line":182,"column":67}},"182":{"start":{"line":183,"column":0},"end":{"line":183,"column":27}},"183":{"start":{"line":184,"column":0},"end":{"line":184,"column":43}},"184":{"start":{"line":185,"column":0},"end":{"line":185,"column":59}},"185":{"start":{"line":186,"column":0},"end":{"line":186,"column":14}},"186":{"start":{"line":187,"column":0},"end":{"line":187,"column":44}},"187":{"start":{"line":188,"column":0},"end":{"line":188,"column":7}},"188":{"start":{"line":189,"column":0},"end":{"line":189,"column":21}},"189":{"start":{"line":190,"column":0},"end":{"line":190,"column":38}},"190":{"start":{"line":191,"column":0},"end":{"line":191,"column":31}},"191":{"start":{"line":192,"column":0},"end":{"line":192,"column":41}},"192":{"start":{"line":193,"column":0},"end":{"line":193,"column":50}},"193":{"start":{"line":194,"column":0},"end":{"line":194,"column":11}},"194":{"start":{"line":195,"column":0},"end":{"line":195,"column":14}},"195":{"start":{"line":196,"column":0},"end":{"line":196,"column":31}},"196":{"start":{"line":197,"column":0},"end":{"line":197,"column":55}},"197":{"start":{"line":198,"column":0},"end":{"line":198,"column":7}},"198":{"start":{"line":199,"column":0},"end":{"line":199,"column":5}},"199":{"start":{"line":200,"column":0},"end":{"line":200,"column":0}},"200":{"start":{"line":201,"column":0},"end":{"line":201,"column":18}},"201":{"start":{"line":202,"column":0},"end":{"line":202,"column":3}},"202":{"start":{"line":203,"column":0},"end":{"line":203,"column":0}},"203":{"start":{"line":204,"column":0},"end":{"line":204,"column":5}},"204":{"start":{"line":205,"column":0},"end":{"line":205,"column":60}},"205":{"start":{"line":206,"column":0},"end":{"line":206,"column":5}},"206":{"start":{"line":207,"column":0},"end":{"line":207,"column":76}},"207":{"start":{"line":208,"column":0},"end":{"line":208,"column":58}},"208":{"start":{"line":209,"column":0},"end":{"line":209,"column":0}},"209":{"start":{"line":210,"column":0},"end":{"line":210,"column":9}},"210":{"start":{"line":211,"column":0},"end":{"line":211,"column":68}},"211":{"start":{"line":212,"column":0},"end":{"line":212,"column":47}},"212":{"start":{"line":213,"column":0},"end":{"line":213,"column":0}},"213":{"start":{"line":214,"column":0},"end":{"line":214,"column":50}},"214":{"start":{"line":215,"column":0},"end":{"line":215,"column":70}},"215":{"start":{"line":216,"column":0},"end":{"line":216,"column":82}},"216":{"start":{"line":217,"column":0},"end":{"line":217,"column":7}},"217":{"start":{"line":218,"column":0},"end":{"line":218,"column":21}},"218":{"start":{"line":219,"column":0},"end":{"line":219,"column":38}},"219":{"start":{"line":220,"column":0},"end":{"line":220,"column":31}},"220":{"start":{"line":221,"column":0},"end":{"line":221,"column":41}},"221":{"start":{"line":222,"column":0},"end":{"line":222,"column":50}},"222":{"start":{"line":223,"column":0},"end":{"line":223,"column":11}},"223":{"start":{"line":224,"column":0},"end":{"line":224,"column":14}},"224":{"start":{"line":225,"column":0},"end":{"line":225,"column":31}},"225":{"start":{"line":226,"column":0},"end":{"line":226,"column":55}},"226":{"start":{"line":227,"column":0},"end":{"line":227,"column":7}},"227":{"start":{"line":228,"column":0},"end":{"line":228,"column":5}},"228":{"start":{"line":229,"column":0},"end":{"line":229,"column":0}},"229":{"start":{"line":230,"column":0},"end":{"line":230,"column":18}},"230":{"start":{"line":231,"column":0},"end":{"line":231,"column":3}},"231":{"start":{"line":232,"column":0},"end":{"line":232,"column":0}},"232":{"start":{"line":233,"column":0},"end":{"line":233,"column":5}},"233":{"start":{"line":234,"column":0},"end":{"line":234,"column":60}},"234":{"start":{"line":235,"column":0},"end":{"line":235,"column":5}},"235":{"start":{"line":236,"column":0},"end":{"line":236,"column":36}},"236":{"start":{"line":237,"column":0},"end":{"line":237,"column":19}},"237":{"start":{"line":238,"column":0},"end":{"line":238,"column":36}},"238":{"start":{"line":239,"column":0},"end":{"line":239,"column":28}},"239":{"start":{"line":240,"column":0},"end":{"line":240,"column":11}},"240":{"start":{"line":241,"column":0},"end":{"line":241,"column":9}},"241":{"start":{"line":242,"column":0},"end":{"line":242,"column":23}},"242":{"start":{"line":243,"column":0},"end":{"line":243,"column":26}},"243":{"start":{"line":244,"column":0},"end":{"line":244,"column":45}},"244":{"start":{"line":245,"column":0},"end":{"line":245,"column":16}},"245":{"start":{"line":246,"column":0},"end":{"line":246,"column":30}},"246":{"start":{"line":247,"column":0},"end":{"line":247,"column":49}},"247":{"start":{"line":248,"column":0},"end":{"line":248,"column":16}},"248":{"start":{"line":249,"column":0},"end":{"line":249,"column":27}},"249":{"start":{"line":250,"column":0},"end":{"line":250,"column":46}},"250":{"start":{"line":251,"column":0},"end":{"line":251,"column":16}},"251":{"start":{"line":252,"column":0},"end":{"line":252,"column":26}},"252":{"start":{"line":253,"column":0},"end":{"line":253,"column":47}},"253":{"start":{"line":254,"column":0},"end":{"line":254,"column":16}},"254":{"start":{"line":255,"column":0},"end":{"line":255,"column":7}},"255":{"start":{"line":256,"column":0},"end":{"line":256,"column":21}},"256":{"start":{"line":257,"column":0},"end":{"line":257,"column":38}},"257":{"start":{"line":258,"column":0},"end":{"line":258,"column":41}},"258":{"start":{"line":259,"column":0},"end":{"line":259,"column":44}},"259":{"start":{"line":260,"column":0},"end":{"line":260,"column":63}},"260":{"start":{"line":261,"column":0},"end":{"line":261,"column":11}},"261":{"start":{"line":262,"column":0},"end":{"line":262,"column":7}},"262":{"start":{"line":263,"column":0},"end":{"line":263,"column":5}},"263":{"start":{"line":264,"column":0},"end":{"line":264,"column":3}},"264":{"start":{"line":265,"column":0},"end":{"line":265,"column":0}},"265":{"start":{"line":266,"column":0},"end":{"line":266,"column":5}},"266":{"start":{"line":267,"column":0},"end":{"line":267,"column":67}},"267":{"start":{"line":268,"column":0},"end":{"line":268,"column":5}},"268":{"start":{"line":269,"column":0},"end":{"line":269,"column":71}},"269":{"start":{"line":270,"column":0},"end":{"line":270,"column":48}},"270":{"start":{"line":271,"column":0},"end":{"line":271,"column":34}},"271":{"start":{"line":272,"column":0},"end":{"line":272,"column":48}},"272":{"start":{"line":273,"column":0},"end":{"line":273,"column":36}},"273":{"start":{"line":274,"column":0},"end":{"line":274,"column":43}},"274":{"start":{"line":275,"column":0},"end":{"line":275,"column":37}},"275":{"start":{"line":276,"column":0},"end":{"line":276,"column":44}},"276":{"start":{"line":277,"column":0},"end":{"line":277,"column":12}},"277":{"start":{"line":278,"column":0},"end":{"line":278,"column":62}},"278":{"start":{"line":279,"column":0},"end":{"line":279,"column":56}},"279":{"start":{"line":280,"column":0},"end":{"line":280,"column":20}},"280":{"start":{"line":281,"column":0},"end":{"line":281,"column":5}},"281":{"start":{"line":282,"column":0},"end":{"line":282,"column":3}},"282":{"start":{"line":283,"column":0},"end":{"line":283,"column":0}},"283":{"start":{"line":284,"column":0},"end":{"line":284,"column":5}},"284":{"start":{"line":285,"column":0},"end":{"line":285,"column":47}},"285":{"start":{"line":286,"column":0},"end":{"line":286,"column":5}},"286":{"start":{"line":287,"column":0},"end":{"line":287,"column":57}},"287":{"start":{"line":288,"column":0},"end":{"line":288,"column":9}},"288":{"start":{"line":289,"column":0},"end":{"line":289,"column":69}},"289":{"start":{"line":290,"column":0},"end":{"line":290,"column":43}},"290":{"start":{"line":291,"column":0},"end":{"line":291,"column":21}},"291":{"start":{"line":292,"column":0},"end":{"line":292,"column":55}},"292":{"start":{"line":293,"column":0},"end":{"line":293,"column":49}},"293":{"start":{"line":294,"column":0},"end":{"line":294,"column":20}},"294":{"start":{"line":295,"column":0},"end":{"line":295,"column":5}},"295":{"start":{"line":296,"column":0},"end":{"line":296,"column":3}},"296":{"start":{"line":297,"column":0},"end":{"line":297,"column":1}},"297":{"start":{"line":298,"column":0},"end":{"line":298,"column":0}},"298":{"start":{"line":299,"column":0},"end":{"line":299,"column":48}},"299":{"start":{"line":300,"column":0},"end":{"line":300,"column":0}},"300":{"start":{"line":301,"column":0},"end":{"line":301,"column":3}},"301":{"start":{"line":302,"column":0},"end":{"line":302,"column":51}},"302":{"start":{"line":303,"column":0},"end":{"line":303,"column":3}},"303":{"start":{"line":304,"column":0},"end":{"line":304,"column":88}},"304":{"start":{"line":305,"column":0},"end":{"line":305,"column":44}},"305":{"start":{"line":306,"column":0},"end":{"line":306,"column":44}},"306":{"start":{"line":307,"column":0},"end":{"line":307,"column":1}},"307":{"start":{"line":308,"column":0},"end":{"line":308,"column":0}},"308":{"start":{"line":309,"column":0},"end":{"line":309,"column":3}},"309":{"start":{"line":310,"column":0},"end":{"line":310,"column":52}},"310":{"start":{"line":311,"column":0},"end":{"line":311,"column":3}},"311":{"start":{"line":312,"column":0},"end":{"line":312,"column":89}},"312":{"start":{"line":313,"column":0},"end":{"line":313,"column":44}},"313":{"start":{"line":314,"column":0},"end":{"line":314,"column":45}},"314":{"start":{"line":315,"column":0},"end":{"line":315,"column":1}},"315":{"start":{"line":316,"column":0},"end":{"line":316,"column":0}},"316":{"start":{"line":317,"column":0},"end":{"line":317,"column":3}},"317":{"start":{"line":318,"column":0},"end":{"line":318,"column":56}},"318":{"start":{"line":319,"column":0},"end":{"line":319,"column":3}},"319":{"start":{"line":320,"column":0},"end":{"line":320,"column":93}},"320":{"start":{"line":321,"column":0},"end":{"line":321,"column":44}},"321":{"start":{"line":322,"column":0},"end":{"line":322,"column":49}},"322":{"start":{"line":323,"column":0},"end":{"line":323,"column":1}},"323":{"start":{"line":324,"column":0},"end":{"line":324,"column":0}},"324":{"start":{"line":325,"column":0},"end":{"line":325,"column":3}},"325":{"start":{"line":326,"column":0},"end":{"line":326,"column":52}},"326":{"start":{"line":327,"column":0},"end":{"line":327,"column":3}},"327":{"start":{"line":328,"column":0},"end":{"line":328,"column":88}},"328":{"start":{"line":329,"column":0},"end":{"line":329,"column":44}},"329":{"start":{"line":330,"column":0},"end":{"line":330,"column":44}},"330":{"start":{"line":331,"column":0},"end":{"line":331,"column":1}}},"s":{"0":1,"1":1,"2":1,"3":1,"4":1,"5":1,"6":1,"7":1,"8":1,"9":1,"10":1,"11":1,"12":1,"13":1,"14":1,"15":1,"16":1,"17":1,"18":1,"19":1,"20":1,"21":1,"22":1,"23":1,"24":1,"25":1,"26":1,"27":1,"28":1,"29":1,"30":1,"31":1,"32":1,"33":1,"34":1,"35":7,"36":7,"37":7,"38":7,"39":7,"40":7,"41":7,"42":7,"43":7,"44":7,"45":7,"46":7,"47":1,"48":1,"49":1,"50":1,"51":3,"52":3,"53":3,"54":3,"55":1,"56":1,"57":1,"58":1,"59":0,"60":0,"61":0,"62":1,"63":1,"64":1,"65":1,"66":2,"67":2,"68":2,"69":2,"70":1,"71":1,"72":1,"73":1,"74":1,"75":0,"76":0,"77":0,"78":0,"79":0,"80":0,"81":0,"82":0,"83":1,"84":1,"85":1,"86":1,"87":1,"88":0,"89":0,"90":1,"91":1,"92":1,"93":1,"94":1,"95":0,"96":0,"97":1,"98":1,"99":1,"100":1,"101":1,"102":1,"103":1,"104":1,"105":1,"106":1,"107":1,"108":1,"109":1,"110":1,"111":1,"112":1,"113":1,"114":1,"115":1,"116":1,"117":1,"118":1,"119":1,"120":1,"121":1,"122":1,"123":1,"124":1,"125":1,"126":1,"127":1,"128":1,"129":1,"130":1,"131":1,"132":1,"133":1,"134":1,"135":1,"136":1,"137":1,"138":1,"139":1,"140":1,"141":1,"142":5,"143":5,"144":5,"145":5,"146":5,"147":5,"148":5,"149":5,"150":0,"151":0,"152":3,"153":3,"154":3,"155":3,"156":3,"157":5,"158":2,"159":2,"160":2,"161":2,"162":2,"163":2,"164":0,"165":0,"166":0,"167":2,"168":5,"169":5,"170":5,"171":1,"172":1,"173":1,"174":1,"175":1,"176":1,"177":1,"178":1,"179":1,"180":1,"181":1,"182":1,"183":0,"184":0,"185":1,"186":1,"187":1,"188":1,"189":0,"190":0,"191":0,"192":0,"193":0,"194":0,"195":0,"196":0,"197":0,"198":0,"199":1,"200":1,"201":1,"202":1,"203":1,"204":1,"205":1,"206":1,"207":1,"208":1,"209":1,"210":1,"211":1,"212":1,"213":1,"214":1,"215":0,"216":0,"217":1,"218":0,"219":0,"220":0,"221":0,"222":0,"223":0,"224":0,"225":0,"226":0,"227":0,"228":1,"229":1,"230":1,"231":1,"232":1,"233":1,"234":1,"235":1,"236":3,"237":3,"238":3,"239":3,"240":3,"241":3,"242":3,"243":3,"244":3,"245":3,"246":0,"247":0,"248":3,"249":0,"250":0,"251":3,"252":0,"253":0,"254":3,"255":3,"256":1,"257":1,"258":1,"259":1,"260":1,"261":1,"262":1,"263":3,"264":1,"265":1,"266":1,"267":1,"268":1,"269":0,"270":0,"271":0,"272":0,"273":0,"274":0,"275":0,"276":0,"277":0,"278":0,"279":0,"280":0,"281":0,"282":1,"283":1,"284":1,"285":1,"286":1,"287":0,"288":0,"289":0,"290":0,"291":0,"292":0,"293":0,"294":0,"295":0,"296":1,"297":1,"298":1,"299":1,"300":1,"301":1,"302":1,"303":1,"304":0,"305":0,"306":0,"307":1,"308":1,"309":1,"310":1,"311":1,"312":0,"313":0,"314":0,"315":1,"316":1,"317":1,"318":1,"319":1,"320":0,"321":0,"322":0,"323":1,"324":1,"325":1,"326":1,"327":1,"328":0,"329":0,"330":0},"branchMap":{"0":{"type":"branch","line":36,"loc":{"start":{"line":36,"column":0},"end":{"line":47,"column":1}},"locations":[{"start":{"line":36,"column":0},"end":{"line":47,"column":1}}]},"1":{"type":"branch","line":52,"loc":{"start":{"line":52,"column":0},"end":{"line":55,"column":1}},"locations":[{"start":{"line":52,"column":0},"end":{"line":55,"column":1}}]},"2":{"type":"branch","line":67,"loc":{"start":{"line":67,"column":0},"end":{"line":70,"column":1}},"locations":[{"start":{"line":67,"column":0},"end":{"line":70,"column":1}}]},"3":{"type":"branch","line":112,"loc":{"start":{"line":112,"column":2},"end":{"line":137,"column":5}},"locations":[{"start":{"line":112,"column":2},"end":{"line":137,"column":5}}]},"4":{"type":"branch","line":142,"loc":{"start":{"line":142,"column":2},"end":{"line":171,"column":3}},"locations":[{"start":{"line":142,"column":2},"end":{"line":171,"column":3}}]},"5":{"type":"branch","line":150,"loc":{"start":{"line":150,"column":64},"end":{"line":152,"column":7}},"locations":[{"start":{"line":150,"column":64},"end":{"line":152,"column":7}}]},"6":{"type":"branch","line":152,"loc":{"start":{"line":152,"column":6},"end":{"line":157,"column":7}},"locations":[{"start":{"line":152,"column":6},"end":{"line":157,"column":7}}]},"7":{"type":"branch","line":158,"loc":{"start":{"line":158,"column":4},"end":{"line":168,"column":5}},"locations":[{"start":{"line":158,"column":4},"end":{"line":168,"column":5}}]},"8":{"type":"branch","line":164,"loc":{"start":{"line":164,"column":6},"end":{"line":167,"column":7}},"locations":[{"start":{"line":164,"column":6},"end":{"line":167,"column":7}}]},"9":{"type":"branch","line":161,"loc":{"start":{"line":161,"column":29},"end":{"line":163,"column":9}},"locations":[{"start":{"line":161,"column":29},"end":{"line":163,"column":9}}]},"10":{"type":"branch","line":176,"loc":{"start":{"line":176,"column":2},"end":{"line":202,"column":3}},"locations":[{"start":{"line":176,"column":2},"end":{"line":202,"column":3}}]},"11":{"type":"branch","line":183,"loc":{"start":{"line":183,"column":26},"end":{"line":186,"column":13}},"locations":[{"start":{"line":183,"column":26},"end":{"line":186,"column":13}}]},"12":{"type":"branch","line":189,"loc":{"start":{"line":189,"column":4},"end":{"line":199,"column":5}},"locations":[{"start":{"line":189,"column":4},"end":{"line":199,"column":5}}]},"13":{"type":"branch","line":207,"loc":{"start":{"line":207,"column":2},"end":{"line":231,"column":3}},"locations":[{"start":{"line":207,"column":2},"end":{"line":231,"column":3}}]},"14":{"type":"branch","line":215,"loc":{"start":{"line":215,"column":69},"end":{"line":217,"column":7}},"locations":[{"start":{"line":215,"column":69},"end":{"line":217,"column":7}}]},"15":{"type":"branch","line":218,"loc":{"start":{"line":218,"column":4},"end":{"line":228,"column":5}},"locations":[{"start":{"line":218,"column":4},"end":{"line":228,"column":5}}]},"16":{"type":"branch","line":236,"loc":{"start":{"line":236,"column":10},"end":{"line":264,"column":3}},"locations":[{"start":{"line":236,"column":10},"end":{"line":264,"column":3}}]},"17":{"type":"branch","line":246,"loc":{"start":{"line":246,"column":8},"end":{"line":248,"column":16}},"locations":[{"start":{"line":246,"column":8},"end":{"line":248,"column":16}}]},"18":{"type":"branch","line":249,"loc":{"start":{"line":249,"column":8},"end":{"line":251,"column":16}},"locations":[{"start":{"line":249,"column":8},"end":{"line":251,"column":16}}]},"19":{"type":"branch","line":252,"loc":{"start":{"line":252,"column":8},"end":{"line":254,"column":16}},"locations":[{"start":{"line":252,"column":8},"end":{"line":254,"column":16}}]},"20":{"type":"branch","line":256,"loc":{"start":{"line":256,"column":4},"end":{"line":263,"column":5}},"locations":[{"start":{"line":256,"column":4},"end":{"line":263,"column":5}}]},"21":{"type":"branch","line":258,"loc":{"start":{"line":258,"column":29},"end":{"line":261,"column":9}},"locations":[{"start":{"line":258,"column":29},"end":{"line":261,"column":9}}]}},"b":{"0":[7],"1":[3],"2":[2],"3":[1],"4":[5],"5":[0],"6":[3],"7":[2],"8":[0],"9":[2],"10":[1],"11":[0],"12":[0],"13":[1],"14":[0],"15":[0],"16":[3],"17":[0],"18":[0],"19":[0],"20":[1],"21":[1]},"fnMap":{"0":{"name":"createValidationResult","decl":{"start":{"line":36,"column":0},"end":{"line":47,"column":1}},"loc":{"start":{"line":36,"column":0},"end":{"line":47,"column":1}},"line":36},"1":{"name":"addError","decl":{"start":{"line":52,"column":0},"end":{"line":55,"column":1}},"loc":{"start":{"line":52,"column":0},"end":{"line":55,"column":1}},"line":52},"2":{"name":"addWarning","decl":{"start":{"line":60,"column":0},"end":{"line":62,"column":1}},"loc":{"start":{"line":60,"column":0},"end":{"line":62,"column":1}},"line":60},"3":{"name":"formatZodError","decl":{"start":{"line":67,"column":0},"end":{"line":70,"column":1}},"loc":{"start":{"line":67,"column":0},"end":{"line":70,"column":1}},"line":67},"4":{"name":"isRequest","decl":{"start":{"line":75,"column":7},"end":{"line":83,"column":1}},"loc":{"start":{"line":75,"column":7},"end":{"line":83,"column":1}},"line":75},"5":{"name":"isResponse","decl":{"start":{"line":88,"column":7},"end":{"line":90,"column":1}},"loc":{"start":{"line":88,"column":7},"end":{"line":90,"column":1}},"line":88},"6":{"name":"isNotification","decl":{"start":{"line":95,"column":7},"end":{"line":97,"column":1}},"loc":{"start":{"line":95,"column":7},"end":{"line":97,"column":1}},"line":95},"7":{"name":"<static_initializer>","decl":{"start":{"line":112,"column":2},"end":{"line":137,"column":5}},"loc":{"start":{"line":112,"column":2},"end":{"line":137,"column":5}},"line":112},"8":{"name":"validateRequest","decl":{"start":{"line":142,"column":2},"end":{"line":171,"column":3}},"loc":{"start":{"line":142,"column":2},"end":{"line":171,"column":3}},"line":142},"9":{"name":"validateResponse","decl":{"start":{"line":176,"column":2},"end":{"line":202,"column":3}},"loc":{"start":{"line":176,"column":2},"end":{"line":202,"column":3}},"line":176},"10":{"name":"validateNotification","decl":{"start":{"line":207,"column":2},"end":{"line":231,"column":3}},"loc":{"start":{"line":207,"column":2},"end":{"line":231,"column":3}},"line":207},"11":{"name":"validateMethodParamsTyped","decl":{"start":{"line":236,"column":10},"end":{"line":264,"column":3}},"loc":{"start":{"line":236,"column":10},"end":{"line":264,"column":3}},"line":236},"12":{"name":"validateMessage","decl":{"start":{"line":269,"column":2},"end":{"line":282,"column":3}},"loc":{"start":{"line":269,"column":2},"end":{"line":282,"column":3}},"line":269},"13":{"name":"validateJsonString","decl":{"start":{"line":287,"column":2},"end":{"line":296,"column":3}},"loc":{"start":{"line":287,"column":2},"end":{"line":296,"column":3}},"line":287},"14":{"name":"validateMCPRequest","decl":{"start":{"line":304,"column":7},"end":{"line":307,"column":1}},"loc":{"start":{"line":304,"column":7},"end":{"line":307,"column":1}},"line":304},"15":{"name":"validateMCPResponse","decl":{"start":{"line":312,"column":7},"end":{"line":315,"column":1}},"loc":{"start":{"line":312,"column":7},"end":{"line":315,"column":1}},"line":312},"16":{"name":"validateMCPNotification","decl":{"start":{"line":320,"column":7},"end":{"line":323,"column":1}},"loc":{"start":{"line":320,"column":7},"end":{"line":323,"column":1}},"line":320},"17":{"name":"validateMCPMessage","decl":{"start":{"line":328,"column":7},"end":{"line":331,"column":1}},"loc":{"start":{"line":328,"column":7},"end":{"line":331,"column":1}},"line":328}},"f":{"0":7,"1":3,"2":0,"3":2,"4":0,"5":0,"6":0,"7":1,"8":5,"9":1,"10":1,"11":3,"12":0,"13":0,"14":0,"15":0,"16":0,"17":0}}
,"/home/runner/work/Mcp-Plus-Plus/Mcp-Plus-Plus/tests-ts/src/validators/cidArtifacts.ts": {"path":"/home/runner/work/Mcp-Plus-Plus/Mcp-Plus-Plus/tests-ts/src/validators/cidArtifacts.ts","all":false,"statementMap":{"0":{"start":{"line":1,"column":0},"end":{"line":1,"column":3}},"1":{"start":{"line":2,"column":0},"end":{"line":2,"column":39}},"2":{"start":{"line":3,"column":0},"end":{"line":3,"column":46}},"3":{"start":{"line":4,"column":0},"end":{"line":4,"column":3}},"4":{"start":{"line":5,"column":0},"end":{"line":5,"column":0}},"5":{"start":{"line":6,"column":0},"end":{"line":6,"column":31}},"6":{"start":{"line":7,"column":0},"end":{"line":7,"column":79}},"7":{"start":{"line":8,"column":0},"end":{"line":8,"column":0}},"8":{"start":{"line":9,"column":0},"end":{"line":9,"column":35}},"9":{"start":{"line":10,"column":0},"end":{"line":10,"column":19}},"10":{"start":{"line":11,"column":0},"end":{"line":11,"column":22}},"11":{"start":{"line":12,"column":0},"end":{"line":12,"column":19}},"12":{"start":{"line":13,"column":0},"end":{"line":13,"column":21}},"13":{"start":{"line":14,"column":0},"end":{"line":14,"column":36}},"14":{"start":{"line":15,"column":0},"end":{"line":15,"column":1}},"15":{"start":{"line":16,"column":0},"end":{"line":16,"column":0}},"16":{"start":{"line":17,"column":0},"end":{"line":17,"column":27}},"17":{"start":{"line":18,"column":0},"end":{"line":18,"column":73}},"18":{"start":{"line":19,"column":0},"end":{"line":19,"column":38}},"19":{"start":{"line":20,"column":0},"end":{"line":20,"column":20}},"20":{"start":{"line":21,"column":0},"end":{"line":21,"column":40}},"21":{"start":{"line":22,"column":0},"end":{"line":22,"column":17}},"22":{"start":{"line":23,"column":0},"end":{"line":23,"column":19}},"23":{"start":{"line":24,"column":0},"end":{"line":24,"column":19}},"24":{"start":{"line":25,"column":0},"end":{"line":25,"column":6}},"25":{"start":{"line":26,"column":0},"end":{"line":26,"column":0}},"26":{"start":{"line":27,"column":0},"end":{"line":27,"column":9}},"27":{"start":{"line":28,"column":0},"end":{"line":28,"column":46}},"28":{"start":{"line":29,"column":0},"end":{"line":29,"column":21}},"29":{"start":{"line":30,"column":0},"end":{"line":30,"column":38}},"30":{"start":{"line":31,"column":0},"end":{"line":31,"column":31}},"31":{"start":{"line":32,"column":0},"end":{"line":32,"column":41}},"32":{"start":{"line":33,"column":0},"end":{"line":33,"column":74}},"33":{"start":{"line":34,"column":0},"end":{"line":34,"column":11}},"34":{"start":{"line":35,"column":0},"end":{"line":35,"column":7}},"35":{"start":{"line":36,"column":0},"end":{"line":36,"column":5}},"36":{"start":{"line":37,"column":0},"end":{"line":37,"column":0}},"37":{"start":{"line":38,"column":0},"end":{"line":38,"column":18}},"38":{"start":{"line":39,"column":0},"end":{"line":39,"column":3}},"39":{"start":{"line":40,"column":0},"end":{"line":40,"column":0}},"40":{"start":{"line":41,"column":0},"end":{"line":41,"column":71}},"41":{"start":{"line":42,"column":0},"end":{"line":42,"column":38}},"42":{"start":{"line":43,"column":0},"end":{"line":43,"column":20}},"43":{"start":{"line":44,"column":0},"end":{"line":44,"column":39}},"44":{"start":{"line":45,"column":0},"end":{"line":45,"column":17}},"45":{"start":{"line":46,"column":0},"end":{"line":46,"column":19}},"46":{"start":{"line":47,"column":0},"end":{"line":47,"column":19}},"47":{"start":{"line":48,"column":0},"end":{"line":48,"column":6}},"48":{"start":{"line":49,"column":0},"end":{"line":49,"column":0}},"49":{"start":{"line":50,"column":0},"end":{"line":50,"column":9}},"50":{"start":{"line":51,"column":0},"end":{"line":51,"column":44}},"51":{"start":{"line":52,"column":0},"end":{"line":52,"column":21}},"52":{"start":{"line":53,"column":0},"end":{"line":53,"column":38}},"53":{"start":{"line":54,"column":0},"end":{"line":54,"column":31}},"54":{"start":{"line":55,"column":0},"end":{"line":55,"column":41}},"55":{"start":{"line":56,"column":0},"end":{"line":56,"column":74}},"56":{"start":{"line":57,"column":0},"end":{"line":57,"column":11}},"57":{"start":{"line":58,"column":0},"end":{"line":58,"column":7}},"58":{"start":{"line":59,"column":0},"end":{"line":59,"column":5}},"59":{"start":{"line":60,"column":0},"end":{"line":60,"column":0}},"60":{"start":{"line":61,"column":0},"end":{"line":61,"column":18}},"61":{"start":{"line":62,"column":0},"end":{"line":62,"column":3}},"62":{"start":{"line":63,"column":0},"end":{"line":63,"column":1}}},"s":{"0":1,"1":1,"2":1,"3":1,"4":1,"5":1,"6":1,"7":1,"8":1,"9":1,"10":1,"11":1,"12":1,"13":1,"14":1,"15":1,"16":1,"17":1,"18":2,"19":2,"20":2,"21":2,"22":2,"23":2,"24":2,"25":2,"26":2,"27":2,"28":2,"29":1,"30":1,"31":1,"32":1,"33":1,"34":1,"35":1,"36":2,"37":2,"38":2,"39":1,"40":1,"41":1,"42":1,"43":1,"44":1,"45":1,"46":1,"47":1,"48":1,"49":1,"50":1,"51":1,"52":0,"53":0,"54":0,"55":0,"56":0,"57":0,"58":0,"59":1,"60":1,"61":1,"62":1},"branchMap":{"0":{"type":"branch","line":18,"loc":{"start":{"line":18,"column":2},"end":{"line":39,"column":3}},"locations":[{"start":{"line":18,"column":2},"end":{"line":39,"column":3}}]},"1":{"type":"branch","line":29,"loc":{"start":{"line":29,"column":4},"end":{"line":36,"column":5}},"locations":[{"start":{"line":29,"column":4},"end":{"line":36,"column":5}}]},"2":{"type":"branch","line":32,"loc":{"start":{"line":32,"column":29},"end":{"line":34,"column":9}},"locations":[{"start":{"line":32,"column":29},"end":{"line":34,"column":9}}]},"3":{"type":"branch","line":41,"loc":{"start":{"line":41,"column":2},"end":{"line":62,"column":3}},"locations":[{"start":{"line":41,"column":2},"end":{"line":62,"column":3}}]},"4":{"type":"branch","line":52,"loc":{"start":{"line":52,"column":4},"end":{"line":59,"column":5}},"locations":[{"start":{"line":52,"column":4},"end":{"line":59,"column":5}}]}},"b":{"0":[2],"1":[1],"2":[1],"3":[1],"4":[0]},"fnMap":{"0":{"name":"validateEnvelope","decl":{"start":{"line":18,"column":2},"end":{"line":39,"column":3}},"loc":{"start":{"line":18,"column":2},"end":{"line":39,"column":3}},"line":18},"1":{"name":"validateReceipt","decl":{"start":{"line":41,"column":2},"end":{"line":62,"column":3}},"loc":{"start":{"line":41,"column":2},"end":{"line":62,"column":3}},"line":41}},"f":{"0":2,"1":1}}
,"/home/runner/work/Mcp-Plus-Plus/Mcp-Plus-Plus/tests-ts/src/validators/eventDAG.ts": {"path":"/home/runner/work/Mcp-Plus-Plus/Mcp-Plus-Plus/tests-ts/src/validators/eventDAG.ts","all":false,"statementMap":{"0":{"start":{"line":1,"column":0},"end":{"line":1,"column":3}},"1":{"start":{"line":2,"column":0},"end":{"line":2,"column":35}},"2":{"start":{"line":3,"column":0},"end":{"line":3,"column":47}},"3":{"start":{"line":4,"column":0},"end":{"line":4,"column":3}},"4":{"start":{"line":5,"column":0},"end":{"line":5,"column":0}},"5":{"start":{"line":6,"column":0},"end":{"line":6,"column":31}},"6":{"start":{"line":7,"column":0},"end":{"line":7,"column":46}},"7":{"start":{"line":8,"column":0},"end":{"line":8,"column":0}},"8":{"start":{"line":9,"column":0},"end":{"line":9,"column":35}},"9":{"start":{"line":10,"column":0},"end":{"line":10,"column":19}},"10":{"start":{"line":11,"column":0},"end":{"line":11,"column":22}},"11":{"start":{"line":12,"column":0},"end":{"line":12,"column":19}},"12":{"start":{"line":13,"column":0},"end":{"line":13,"column":21}},"13":{"start":{"line":14,"column":0},"end":{"line":14,"column":36}},"14":{"start":{"line":15,"column":0},"end":{"line":15,"column":1}},"15":{"start":{"line":16,"column":0},"end":{"line":16,"column":0}},"16":{"start":{"line":17,"column":0},"end":{"line":17,"column":32}},"17":{"start":{"line":18,"column":0},"end":{"line":18,"column":67}},"18":{"start":{"line":19,"column":0},"end":{"line":19,"column":38}},"19":{"start":{"line":20,"column":0},"end":{"line":20,"column":20}},"20":{"start":{"line":21,"column":0},"end":{"line":21,"column":31}},"21":{"start":{"line":22,"column":0},"end":{"line":22,"column":17}},"22":{"start":{"line":23,"column":0},"end":{"line":23,"column":19}},"23":{"start":{"line":24,"column":0},"end":{"line":24,"column":19}},"24":{"start":{"line":25,"column":0},"end":{"line":25,"column":6}},"25":{"start":{"line":26,"column":0},"end":{"line":26,"column":0}},"26":{"start":{"line":27,"column":0},"end":{"line":27,"column":9}},"27":{"start":{"line":28,"column":0},"end":{"line":28,"column":34}},"28":{"start":{"line":29,"column":0},"end":{"line":29,"column":21}},"29":{"start":{"line":30,"column":0},"end":{"line":30,"column":38}},"30":{"start":{"line":31,"column":0},"end":{"line":31,"column":31}},"31":{"start":{"line":32,"column":0},"end":{"line":32,"column":41}},"32":{"start":{"line":33,"column":0},"end":{"line":33,"column":74}},"33":{"start":{"line":34,"column":0},"end":{"line":34,"column":11}},"34":{"start":{"line":35,"column":0},"end":{"line":35,"column":7}},"35":{"start":{"line":36,"column":0},"end":{"line":36,"column":5}},"36":{"start":{"line":37,"column":0},"end":{"line":37,"column":0}},"37":{"start":{"line":38,"column":0},"end":{"line":38,"column":18}},"38":{"start":{"line":39,"column":0},"end":{"line":39,"column":3}},"39":{"start":{"line":40,"column":0},"end":{"line":40,"column":0}},"40":{"start":{"line":41,"column":0},"end":{"line":41,"column":93}},"41":{"start":{"line":42,"column":0},"end":{"line":42,"column":63}},"42":{"start":{"line":43,"column":0},"end":{"line":43,"column":20}},"43":{"start":{"line":44,"column":0},"end":{"line":44,"column":25}},"44":{"start":{"line":45,"column":0},"end":{"line":45,"column":17}},"45":{"start":{"line":46,"column":0},"end":{"line":46,"column":19}},"46":{"start":{"line":47,"column":0},"end":{"line":47,"column":46}},"47":{"start":{"line":48,"column":0},"end":{"line":48,"column":22}},"48":{"start":{"line":49,"column":0},"end":{"line":49,"column":6}},"49":{"start":{"line":50,"column":0},"end":{"line":50,"column":0}},"50":{"start":{"line":51,"column":0},"end":{"line":51,"column":26}},"51":{"start":{"line":52,"column":0},"end":{"line":52,"column":33}},"52":{"start":{"line":53,"column":0},"end":{"line":53,"column":52}},"53":{"start":{"line":54,"column":0},"end":{"line":54,"column":33}},"54":{"start":{"line":55,"column":0},"end":{"line":55,"column":31}},"55":{"start":{"line":56,"column":0},"end":{"line":56,"column":50}},"56":{"start":{"line":57,"column":0},"end":{"line":57,"column":7}},"57":{"start":{"line":58,"column":0},"end":{"line":58,"column":5}},"58":{"start":{"line":59,"column":0},"end":{"line":59,"column":0}},"59":{"start":{"line":60,"column":0},"end":{"line":60,"column":42}},"60":{"start":{"line":61,"column":0},"end":{"line":61,"column":60}},"61":{"start":{"line":62,"column":0},"end":{"line":62,"column":33}},"62":{"start":{"line":63,"column":0},"end":{"line":63,"column":48}},"63":{"start":{"line":64,"column":0},"end":{"line":64,"column":20}},"64":{"start":{"line":65,"column":0},"end":{"line":65,"column":39}},"65":{"start":{"line":66,"column":0},"end":{"line":66,"column":39}},"66":{"start":{"line":67,"column":0},"end":{"line":67,"column":35}},"67":{"start":{"line":68,"column":0},"end":{"line":68,"column":96}},"68":{"start":{"line":69,"column":0},"end":{"line":69,"column":11}},"69":{"start":{"line":70,"column":0},"end":{"line":70,"column":9}},"70":{"start":{"line":71,"column":0},"end":{"line":71,"column":7}},"71":{"start":{"line":72,"column":0},"end":{"line":72,"column":5}},"72":{"start":{"line":73,"column":0},"end":{"line":73,"column":0}},"73":{"start":{"line":74,"column":0},"end":{"line":74,"column":33}},"74":{"start":{"line":75,"column":0},"end":{"line":75,"column":46}},"75":{"start":{"line":76,"column":0},"end":{"line":76,"column":19}},"76":{"start":{"line":77,"column":0},"end":{"line":77,"column":29}},"77":{"start":{"line":78,"column":0},"end":{"line":78,"column":29}},"78":{"start":{"line":79,"column":0},"end":{"line":79,"column":50}},"79":{"start":{"line":80,"column":0},"end":{"line":80,"column":5}},"80":{"start":{"line":81,"column":0},"end":{"line":81,"column":0}},"81":{"start":{"line":82,"column":0},"end":{"line":82,"column":18}},"82":{"start":{"line":83,"column":0},"end":{"line":83,"column":3}},"83":{"start":{"line":84,"column":0},"end":{"line":84,"column":0}},"84":{"start":{"line":85,"column":0},"end":{"line":85,"column":67}},"85":{"start":{"line":86,"column":0},"end":{"line":86,"column":46}},"86":{"start":{"line":87,"column":0},"end":{"line":87,"column":38}},"87":{"start":{"line":88,"column":0},"end":{"line":88,"column":45}},"88":{"start":{"line":89,"column":0},"end":{"line":89,"column":0}},"89":{"start":{"line":90,"column":0},"end":{"line":90,"column":27}},"90":{"start":{"line":91,"column":0},"end":{"line":91,"column":33}},"91":{"start":{"line":92,"column":0},"end":{"line":92,"column":44}},"92":{"start":{"line":93,"column":0},"end":{"line":93,"column":56}},"93":{"start":{"line":94,"column":0},"end":{"line":94,"column":30}},"94":{"start":{"line":95,"column":0},"end":{"line":95,"column":5}},"95":{"start":{"line":96,"column":0},"end":{"line":96,"column":0}},"96":{"start":{"line":97,"column":0},"end":{"line":97,"column":44}},"97":{"start":{"line":98,"column":0},"end":{"line":98,"column":37}},"98":{"start":{"line":99,"column":0},"end":{"line":99,"column":38}},"99":{"start":{"line":100,"column":0},"end":{"line":100,"column":7}},"100":{"start":{"line":101,"column":0},"end":{"line":101,"column":30}},"101":{"start":{"line":102,"column":0},"end":{"line":102,"column":21}},"102":{"start":{"line":103,"column":0},"end":{"line":103,"column":7}},"103":{"start":{"line":104,"column":0},"end":{"line":104,"column":0}},"104":{"start":{"line":105,"column":0},"end":{"line":105,"column":24}},"105":{"start":{"line":106,"column":0},"end":{"line":106,"column":31}},"106":{"start":{"line":107,"column":0},"end":{"line":107,"column":0}},"107":{"start":{"line":108,"column":0},"end":{"line":108,"column":44}},"108":{"start":{"line":109,"column":0},"end":{"line":109,"column":37}},"109":{"start":{"line":110,"column":0},"end":{"line":110,"column":26}},"110":{"start":{"line":111,"column":0},"end":{"line":111,"column":22}},"111":{"start":{"line":112,"column":0},"end":{"line":112,"column":9}},"112":{"start":{"line":113,"column":0},"end":{"line":113,"column":7}},"113":{"start":{"line":114,"column":0},"end":{"line":114,"column":0}},"114":{"start":{"line":115,"column":0},"end":{"line":115,"column":34}},"115":{"start":{"line":116,"column":0},"end":{"line":116,"column":19}},"116":{"start":{"line":117,"column":0},"end":{"line":117,"column":6}},"117":{"start":{"line":118,"column":0},"end":{"line":118,"column":0}},"118":{"start":{"line":119,"column":0},"end":{"line":119,"column":33}},"119":{"start":{"line":120,"column":0},"end":{"line":120,"column":44}},"120":{"start":{"line":121,"column":0},"end":{"line":121,"column":30}},"121":{"start":{"line":122,"column":0},"end":{"line":122,"column":23}},"122":{"start":{"line":123,"column":0},"end":{"line":123,"column":22}},"123":{"start":{"line":124,"column":0},"end":{"line":124,"column":9}},"124":{"start":{"line":125,"column":0},"end":{"line":125,"column":7}},"125":{"start":{"line":126,"column":0},"end":{"line":126,"column":5}},"126":{"start":{"line":127,"column":0},"end":{"line":127,"column":0}},"127":{"start":{"line":128,"column":0},"end":{"line":128,"column":17}},"128":{"start":{"line":129,"column":0},"end":{"line":129,"column":3}},"129":{"start":{"line":130,"column":0},"end":{"line":130,"column":0}},"130":{"start":{"line":131,"column":0},"end":{"line":131,"column":79}},"131":{"start":{"line":132,"column":0},"end":{"line":132,"column":38}},"132":{"start":{"line":133,"column":0},"end":{"line":133,"column":20}},"133":{"start":{"line":134,"column":0},"end":{"line":134,"column":37}},"134":{"start":{"line":135,"column":0},"end":{"line":135,"column":17}},"135":{"start":{"line":136,"column":0},"end":{"line":136,"column":19}},"136":{"start":{"line":137,"column":0},"end":{"line":137,"column":19}},"137":{"start":{"line":138,"column":0},"end":{"line":138,"column":6}},"138":{"start":{"line":139,"column":0},"end":{"line":139,"column":0}},"139":{"start":{"line":140,"column":0},"end":{"line":140,"column":49}},"140":{"start":{"line":141,"column":0},"end":{"line":141,"column":33}},"141":{"start":{"line":142,"column":0},"end":{"line":142,"column":44}},"142":{"start":{"line":143,"column":0},"end":{"line":143,"column":50}},"143":{"start":{"line":144,"column":0},"end":{"line":144,"column":36}},"144":{"start":{"line":145,"column":0},"end":{"line":145,"column":39}},"145":{"start":{"line":146,"column":0},"end":{"line":146,"column":7}},"146":{"start":{"line":147,"column":0},"end":{"line":147,"column":5}},"147":{"start":{"line":148,"column":0},"end":{"line":148,"column":0}},"148":{"start":{"line":149,"column":0},"end":{"line":149,"column":53}},"149":{"start":{"line":150,"column":0},"end":{"line":150,"column":33}},"150":{"start":{"line":151,"column":0},"end":{"line":151,"column":44}},"151":{"start":{"line":152,"column":0},"end":{"line":152,"column":44}},"152":{"start":{"line":153,"column":0},"end":{"line":153,"column":56}},"153":{"start":{"line":154,"column":0},"end":{"line":154,"column":0}},"154":{"start":{"line":155,"column":0},"end":{"line":155,"column":36}},"155":{"start":{"line":156,"column":0},"end":{"line":156,"column":39}},"156":{"start":{"line":157,"column":0},"end":{"line":157,"column":57}},"157":{"start":{"line":158,"column":0},"end":{"line":158,"column":77}},"158":{"start":{"line":159,"column":0},"end":{"line":159,"column":35}},"159":{"start":{"line":160,"column":0},"end":{"line":160,"column":31}},"160":{"start":{"line":161,"column":0},"end":{"line":161,"column":97}},"161":{"start":{"line":162,"column":0},"end":{"line":162,"column":14}},"162":{"start":{"line":163,"column":0},"end":{"line":163,"column":11}},"163":{"start":{"line":164,"column":0},"end":{"line":164,"column":9}},"164":{"start":{"line":165,"column":0},"end":{"line":165,"column":7}},"165":{"start":{"line":166,"column":0},"end":{"line":166,"column":5}},"166":{"start":{"line":167,"column":0},"end":{"line":167,"column":0}},"167":{"start":{"line":168,"column":0},"end":{"line":168,"column":18}},"168":{"start":{"line":169,"column":0},"end":{"line":169,"column":3}},"169":{"start":{"line":170,"column":0},"end":{"line":170,"column":1}}},"s":{"0":1,"1":1,"2":1,"3":1,"4":1,"5":1,"6":1,"7":1,"8":1,"9":1,"10":1,"11":1,"12":1,"13":1,"14":1,"15":1,"16":1,"17":1,"18":3,"19":3,"20":3,"21":3,"22":3,"23":3,"24":3,"25":3,"26":3,"27":3,"28":3,"29":0,"30":0,"31":0,"32":0,"33":0,"34":0,"35":0,"36":3,"37":3,"38":3,"39":1,"40":1,"41":1,"42":1,"43":1,"44":1,"45":1,"46":1,"47":1,"48":1,"49":1,"50":1,"51":1,"52":2,"53":2,"54":0,"55":0,"56":0,"57":2,"58":1,"59":1,"60":1,"61":1,"62":2,"63":2,"64":2,"65":1,"66":0,"67":0,"68":0,"69":1,"70":2,"71":2,"72":1,"73":1,"74":1,"75":1,"76":0,"77":0,"78":0,"79":0,"80":1,"81":1,"82":1,"83":1,"84":1,"85":1,"86":1,"87":1,"88":1,"89":1,"90":1,"91":2,"92":2,"93":2,"94":2,"95":1,"96":1,"97":3,"98":0,"99":0,"100":3,"101":1,"102":1,"103":2,"104":2,"105":2,"106":2,"107":3,"108":3,"109":1,"110":0,"111":0,"112":1,"113":2,"114":2,"115":2,"116":3,"117":1,"118":1,"119":2,"120":2,"121":2,"122":0,"123":0,"124":2,"125":2,"126":1,"127":1,"128":1,"129":1,"130":1,"131":0,"132":0,"133":0,"134":0,"135":0,"136":0,"137":0,"138":0,"139":0,"140":0,"141":0,"142":0,"143":0,"144":0,"145":0,"146":0,"147":0,"148":0,"149":0,"150":0,"151":0,"152":0,"153":0,"154":0,"155":0,"156":0,"157":0,"158":0,"159":0,"160":0,"161":0,"162":0,"163":0,"164":0,"165":0,"166":0,"167":0,"168":0,"169":1},"branchMap":{"0":{"type":"branch","line":18,"loc":{"start":{"line":18,"column":2},"end":{"line":39,"column":3}},"locations":[{"start":{"line":18,"column":2},"end":{"line":39,"column":3}}]},"1":{"type":"branch","line":29,"loc":{"start":{"line":29,"column":4},"end":{"line":36,"column":5}},"locations":[{"start":{"line":29,"column":4},"end":{"line":36,"column":5}}]},"2":{"type":"branch","line":41,"loc":{"start":{"line":41,"column":2},"end":{"line":83,"column":3}},"locations":[{"start":{"line":41,"column":2},"end":{"line":83,"column":3}}]},"3":{"type":"branch","line":52,"loc":{"start":{"line":52,"column":32},"end":{"line":58,"column":5}},"locations":[{"start":{"line":52,"column":32},"end":{"line":58,"column":5}}]},"4":{"type":"branch","line":54,"loc":{"start":{"line":54,"column":32},"end":{"line":57,"column":7}},"locations":[{"start":{"line":54,"column":32},"end":{"line":57,"column":7}}]},"5":{"type":"branch","line":62,"loc":{"start":{"line":62,"column":32},"end":{"line":72,"column":5}},"locations":[{"start":{"line":62,"column":32},"end":{"line":72,"column":5}}]},"6":{"type":"branch","line":65,"loc":{"start":{"line":65,"column":38},"end":{"line":70,"column":9}},"locations":[{"start":{"line":65,"column":38},"end":{"line":70,"column":9}}]},"7":{"type":"branch","line":66,"loc":{"start":{"line":66,"column":38},"end":{"line":69,"column":11}},"locations":[{"start":{"line":66,"column":38},"end":{"line":69,"column":11}}]},"8":{"type":"branch","line":76,"loc":{"start":{"line":76,"column":18},"end":{"line":80,"column":5}},"locations":[{"start":{"line":76,"column":18},"end":{"line":80,"column":5}}]},"9":{"type":"branch","line":61,"loc":{"start":{"line":61,"column":41},"end":{"line":61,"column":57}},"locations":[{"start":{"line":61,"column":41},"end":{"line":61,"column":57}}]},"10":{"type":"branch","line":85,"loc":{"start":{"line":85,"column":10},"end":{"line":129,"column":3}},"locations":[{"start":{"line":85,"column":10},"end":{"line":129,"column":3}}]},"11":{"type":"branch","line":91,"loc":{"start":{"line":91,"column":32},"end":{"line":95,"column":5}},"locations":[{"start":{"line":91,"column":32},"end":{"line":95,"column":5}}]},"12":{"type":"branch","line":93,"loc":{"start":{"line":93,"column":29},"end":{"line":93,"column":56}},"locations":[{"start":{"line":93,"column":29},"end":{"line":93,"column":56}}]},"13":{"type":"branch","line":119,"loc":{"start":{"line":
[...]
olumn":0}},"26":{"start":{"line":27,"column":0},"end":{"line":27,"column":9}},"27":{"start":{"line":28,"column":0},"end":{"line":28,"column":44}},"28":{"start":{"line":29,"column":0},"end":{"line":29,"column":21}},"29":{"start":{"line":30,"column":0},"end":{"line":30,"column":38}},"30":{"start":{"line":31,"column":0},"end":{"line":31,"column":31}},"31":{"start":{"line":32,"column":0},"end":{"line":32,"column":41}},"32":{"start":{"line":33,"column":0},"end":{"line":33,"column":74}},"33":{"start":{"line":34,"column":0},"end":{"line":34,"column":11}},"34":{"start":{"line":35,"column":0},"end":{"line":35,"column":7}},"35":{"start":{"line":36,"column":0},"end":{"line":36,"column":5}},"36":{"start":{"line":37,"column":0},"end":{"line":37,"column":0}},"37":{"start":{"line":38,"column":0},"end":{"line":38,"column":18}},"38":{"start":{"line":39,"column":0},"end":{"line":39,"column":3}},"39":{"start":{"line":40,"column":0},"end":{"line":40,"column":0}},"40":{"start":{"line":41,"column":0},"end":{"line":41,"column":71}},"41":{"start":{"line":42,"column":0},"end":{"line":42,"column":38}},"42":{"start":{"line":43,"column":0},"end":{"line":43,"column":20}},"43":{"start":{"line":44,"column":0},"end":{"line":44,"column":39}},"44":{"start":{"line":45,"column":0},"end":{"line":45,"column":17}},"45":{"start":{"line":46,"column":0},"end":{"line":46,"column":19}},"46":{"start":{"line":47,"column":0},"end":{"line":47,"column":19}},"47":{"start":{"line":48,"column":0},"end":{"line":48,"column":6}},"48":{"start":{"line":49,"column":0},"end":{"line":49,"column":0}},"49":{"start":{"line":50,"column":0},"end":{"line":50,"column":9}},"50":{"start":{"line":51,"column":0},"end":{"line":51,"column":44}},"51":{"start":{"line":52,"column":0},"end":{"line":52,"column":21}},"52":{"start":{"line":53,"column":0},"end":{"line":53,"column":38}},"53":{"start":{"line":54,"column":0},"end":{"line":54,"column":31}},"54":{"start":{"line":55,"column":0},"end":{"line":55,"column":41}},"55":{"start":{"line":56,"column":0},"end":{"line":56,"column":74}},"56":{"start":{"line":57,"column":0},"end":{"line":57,"column":11}},"57":{"start":{"line":58,"column":0},"end":{"line":58,"column":7}},"58":{"start":{"line":59,"column":0},"end":{"line":59,"column":5}},"59":{"start":{"line":60,"column":0},"end":{"line":60,"column":0}},"60":{"start":{"line":61,"column":0},"end":{"line":61,"column":18}},"61":{"start":{"line":62,"column":0},"end":{"line":62,"column":3}},"62":{"start":{"line":63,"column":0},"end":{"line":63,"column":0}},"63":{"start":{"line":64,"column":0},"end":{"line":64,"column":60}},"64":{"start":{"line":65,"column":0},"end":{"line":65,"column":38}},"65":{"start":{"line":66,"column":0},"end":{"line":66,"column":20}},"66":{"start":{"line":67,"column":0},"end":{"line":67,"column":33}},"67":{"start":{"line":68,"column":0},"end":{"line":68,"column":17}},"68":{"start":{"line":69,"column":0},"end":{"line":69,"column":19}},"69":{"start":{"line":70,"column":0},"end":{"line":70,"column":19}},"70":{"start":{"line":71,"column":0},"end":{"line":71,"column":6}},"71":{"start":{"line":72,"column":0},"end":{"line":72,"column":0}},"72":{"start":{"line":73,"column":0},"end":{"line":73,"column":58}},"73":{"start":{"line":74,"column":0},"end":{"line":74,"column":44}},"74":{"start":{"line":75,"column":0},"end":{"line":75,"column":29}},"75":{"start":{"line":76,"column":0},"end":{"line":76,"column":25}},"76":{"start":{"line":77,"column":0},"end":{"line":77,"column":81}},"77":{"start":{"line":78,"column":0},"end":{"line":78,"column":8}},"78":{"start":{"line":79,"column":0},"end":{"line":79,"column":5}},"79":{"start":{"line":80,"column":0},"end":{"line":80,"column":0}},"80":{"start":{"line":81,"column":0},"end":{"line":81,"column":18}},"81":{"start":{"line":82,"column":0},"end":{"line":82,"column":3}},"82":{"start":{"line":83,"column":0},"end":{"line":83,"column":0}},"83":{"start":{"line":84,"column":0},"end":{"line":84,"column":67}},"84":{"start":{"line":85,"column":0},"end":{"line":85,"column":38}},"85":{"start":{"line":86,"column":0},"end":{"line":86,"column":20}},"86":{"start":{"line":87,"column":0},"end":{"line":87,"column":37}},"87":{"start":{"line":88,"column":0},"end":{"line":88,"column":17}},"88":{"start":{"line":89,"column":0},"end":{"line":89,"column":19}},"89":{"start":{"line":90,"column":0},"end":{"line":90,"column":19}},"90":{"start":{"line":91,"column":0},"end":{"line":91,"column":6}},"91":{"start":{"line":92,"column":0},"end":{"line":92,"column":0}},"92":{"start":{"line":93,"column":0},"end":{"line":93,"column":24}},"93":{"start":{"line":94,"column":0},"end":{"line":94,"column":29}},"94":{"start":{"line":95,"column":0},"end":{"line":95,"column":49}},"95":{"start":{"line":96,"column":0},"end":{"line":96,"column":5}},"96":{"start":{"line":97,"column":0},"end":{"line":97,"column":0}},"97":{"start":{"line":98,"column":0},"end":{"line":98,"column":25}},"98":{"start":{"line":99,"column":0},"end":{"line":99,"column":29}},"99":{"start":{"line":100,"column":0},"end":{"line":100,"column":50}},"100":{"start":{"line":101,"column":0},"end":{"line":101,"column":5}},"101":{"start":{"line":102,"column":0},"end":{"line":102,"column":0}},"102":{"start":{"line":103,"column":0},"end":{"line":103,"column":40}},"103":{"start":{"line":104,"column":0},"end":{"line":104,"column":40}},"104":{"start":{"line":105,"column":0},"end":{"line":105,"column":55}},"105":{"start":{"line":106,"column":0},"end":{"line":106,"column":45}},"106":{"start":{"line":107,"column":0},"end":{"line":107,"column":42}},"107":{"start":{"line":108,"column":0},"end":{"line":108,"column":29}},"108":{"start":{"line":109,"column":0},"end":{"line":109,"column":77}},"109":{"start":{"line":110,"column":0},"end":{"line":110,"column":10}},"110":{"start":{"line":111,"column":0},"end":{"line":111,"column":7}},"111":{"start":{"line":112,"column":0},"end":{"line":112,"column":5}},"112":{"start":{"line":113,"column":0},"end":{"line":113,"column":0}},"113":{"start":{"line":114,"column":0},"end":{"line":114,"column":18}},"114":{"start":{"line":115,"column":0},"end":{"line":115,"column":3}},"115":{"start":{"line":116,"column":0},"end":{"line":116,"column":1}}},"s":{"0":1,"1":1,"2":1,"3":1,"4":1,"5":1,"6":1,"7":1,"8":1,"9":1,"10":1,"11":1,"12":1,"13":1,"14":1,"15":1,"16":1,"17":1,"18":2,"19":2,"20":2,"21":2,"22":2,"23":2,"24":2,"25":2,"26":2,"27":2,"28":2,"29":1,"30":1,"31":1,"32":1,"33":1,"34":1,"35":1,"36":2,"37":2,"38":2,"39":1,"40":1,"41":1,"42":1,"43":1,"44":1,"45":1,"46":1,"47":1,"48":1,"49":1,"50":1,"51":1,"52":0,"53":0,"54":0,"55":0,"56":0,"57":0,"58":0,"59":1,"60":1,"61":1,"62":1,"63":1,"64":0,"65":0,"66":0,"67":0,"68":0,"69":0,"70":0,"71":0,"72":0,"73":0,"74":0,"75":0,"76":0,"77":0,"78":0,"79":0,"80":0,"81":0,"82":1,"83":1,"84":0,"85":0,"86":0,"87":0,"88":0,"89":0,"90":0,"91":0,"92":0,"93":0,"94":0,"95":0,"96":0,"97":0,"98":0,"99":0,"100":0,"101":0,"102":0,"103":0,"104":0,"105":0,"106":0,"107":0,"108":0,"109":0,"110":0,"111":0,"112":0,"113":0,"114":0,"115":1},"branchMap":{"0":{"type":"branch","line":18,"loc":{"start":{"line":18,"column":2},"end":{"line":39,"column":3}},"locations":[{"start":{"line":18,"column":2},"end":{"line":39,"column":3}}]},"1":{"type":"branch","line":29,"loc":{"start":{"line":29,"column":4},"end":{"line":36,"column":5}},"locations":[{"start":{"line":29,"column":4},"end":{"line":36,"column":5}}]},"2":{"type":"branch","line":32,"loc":{"start":{"line":32,"column":29},"end":{"line":34,"column":9}},"locations":[{"start":{"line":32,"column":29},"end":{"line":34,"column":9}}]},"3":{"type":"branch","line":41,"loc":{"start":{"line":41,"column":2},"end":{"line":62,"column":3}},"locations":[{"start":{"line":41,"column":2},"end":{"line":62,"column":3}}]},"4":{"type":"branch","line":52,"loc":{"start":{"line":52,"column":4},"end":{"line":59,"column":5}},"locations":[{"start":{"line":52,"column":4},"end":{"line":59,"column":5}}]}},"b":{"0":[2],"1":[1],"2":[1],"3":[1],"4":[0]},"fnMap":{"0":{"name":"validateMessage","decl":{"start":{"line":18,"column":2},"end":{"line":39,"column":3}},"loc":{"start":{"line":18,"column":2},"end":{"line":39,"column":3}},"line":18},"1":{"name":"validateSession","decl":{"start":{"line":41,"column":2},"end":{"line":62,"column":3}},"loc":{"start":{"line":41,"column":2},"end":{"line":62,"column":3}},"line":41},"2":{"name":"validateProtocolID","decl":{"start":{"line":64,"column":2},"end":{"line":82,"column":3}},"loc":{"start":{"line":64,"column":2},"end":{"line":82,"column":3}},"line":64},"3":{"name":"validateFrame","decl":{"start":{"line":84,"column":2},"end":{"line":115,"column":3}},"loc":{"start":{"line":84,"column":2},"end":{"line":115,"column":3}},"line":84}},"f":{"0":2,"1":1,"2":0,"3":0}}
,"/home/runner/work/Mcp-Plus-Plus/Mcp-Plus-Plus/tests-ts/src/validators/ucanDelegation.ts": {"path":"/home/runner/work/Mcp-Plus-Plus/Mcp-Plus-Plus/tests-ts/src/validators/ucanDelegation.ts","all":false,"statementMap":{"0":{"start":{"line":1,"column":0},"end":{"line":1,"column":3}},"1":{"start":{"line":2,"column":0},"end":{"line":2,"column":41}},"2":{"start":{"line":3,"column":0},"end":{"line":3,"column":36}},"3":{"start":{"line":4,"column":0},"end":{"line":4,"column":3}},"4":{"start":{"line":5,"column":0},"end":{"line":5,"column":0}},"5":{"start":{"line":6,"column":0},"end":{"line":6,"column":31}},"6":{"start":{"line":7,"column":0},"end":{"line":7,"column":70}},"7":{"start":{"line":8,"column":0},"end":{"line":8,"column":0}},"8":{"start":{"line":9,"column":0},"end":{"line":9,"column":35}},"9":{"start":{"line":10,"column":0},"end":{"line":10,"column":19}},"10":{"start":{"line":11,"column":0},"end":{"line":11,"column":22}},"11":{"start":{"line":12,"column":0},"end":{"line":12,"column":19}},"12":{"start":{"line":13,"column":0},"end":{"line":13,"column":21}},"13":{"start":{"line":14,"column":0},"end":{"line":14,"column":36}},"14":{"start":{"line":15,"column":0},"end":{"line":15,"column":1}},"15":{"start":{"line":16,"column":0},"end":{"line":16,"column":0}},"16":{"start":{"line":17,"column":0},"end":{"line":17,"column":28}},"17":{"start":{"line":18,"column":0},"end":{"line":18,"column":67}},"18":{"start":{"line":19,"column":0},"end":{"line":19,"column":38}},"19":{"start":{"line":20,"column":0},"end":{"line":20,"column":20}},"20":{"start":{"line":21,"column":0},"end":{"line":21,"column":32}},"21":{"start":{"line":22,"column":0},"end":{"line":22,"column":17}},"22":{"start":{"line":23,"column":0},"end":{"line":23,"column":19}},"23":{"start":{"line":24,"column":0},"end":{"line":24,"column":19}},"24":{"start":{"line":25,"column":0},"end":{"line":25,"column":6}},"25":{"start":{"line":26,"column":0},"end":{"line":26,"column":0}},"26":{"start":{"line":27,"column":0},"end":{"line":27,"column":9}},"27":{"start":{"line":28,"column":0},"end":{"line":28,"column":35}},"28":{"start":{"line":29,"column":0},"end":{"line":29,"column":21}},"29":{"start":{"line":30,"column":0},"end":{"line":30,"column":38}},"30":{"start":{"line":31,"column":0},"end":{"line":31,"column":31}},"31":{"start":{"line":32,"column":0},"end":{"line":32,"column":41}},"32":{"start":{"line":33,"column":0},"end":{"line":33,"column":74}},"33":{"start":{"line":34,"column":0},"end":{"line":34,"column":11}},"34":{"start":{"line":35,"column":0},"end":{"line":35,"column":7}},"35":{"start":{"line":36,"column":0},"end":{"line":36,"column":5}},"36":{"start":{"line":37,"column":0},"end":{"line":37,"column":0}},"37":{"start":{"line":38,"column":0},"end":{"line":38,"column":18}},"38":{"start":{"line":39,"column":0},"end":{"line":39,"column":3}},"39":{"start":{"line":40,"column":0},"end":{"line":40,"column":0}},"40":{"start":{"line":41,"column":0},"end":{"line":41,"column":67}},"41":{"start":{"line":42,"column":0},"end":{"line":42,"column":38}},"42":{"start":{"line":43,"column":0},"end":{"line":43,"column":20}},"43":{"start":{"line":44,"column":0},"end":{"line":44,"column":38}},"44":{"start":{"line":45,"column":0},"end":{"line":45,"column":17}},"45":{"start":{"line":46,"column":0},"end":{"line":46,"column":19}},"46":{"start":{"line":47,"column":0},"end":{"line":47,"column":19}},"47":{"start":{"line":48,"column":0},"end":{"line":48,"column":6}},"48":{"start":{"line":49,"column":0},"end":{"line":49,"column":0}},"49":{"start":{"line":50,"column":0},"end":{"line":50,"column":9}},"50":{"start":{"line":51,"column":0},"end":{"line":51,"column":41}},"51":{"start":{"line":52,"column":0},"end":{"line":52,"column":21}},"52":{"start":{"line":53,"column":0},"end":{"line":53,"column":38}},"53":{"start":{"line":54,"column":0},"end":{"line":54,"column":31}},"54":{"start":{"line":55,"column":0},"end":{"line":55,"column":41}},"55":{"start":{"line":56,"column":0},"end":{"line":56,"column":74}},"56":{"start":{"line":57,"column":0},"end":{"line":57,"column":11}},"57":{"start":{"line":58,"column":0},"end":{"line":58,"column":7}},"58":{"start":{"line":59,"column":0},"end":{"line":59,"column":5}},"59":{"start":{"line":60,"column":0},"end":{"line":60,"column":0}},"60":{"start":{"line":61,"column":0},"end":{"line":61,"column":18}},"61":{"start":{"line":62,"column":0},"end":{"line":62,"column":3}},"62":{"start":{"line":63,"column":0},"end":{"line":63,"column":0}},"63":{"start":{"line":64,"column":0},"end":{"line":64,"column":80}},"64":{"start":{"line":65,"column":0},"end":{"line":65,"column":38}},"65":{"start":{"line":66,"column":0},"end":{"line":66,"column":20}},"66":{"start":{"line":67,"column":0},"end":{"line":67,"column":38}},"67":{"start":{"line":68,"column":0},"end":{"line":68,"column":17}},"68":{"start":{"line":69,"column":0},"end":{"line":69,"column":19}},"69":{"start":{"line":70,"column":0},"end":{"line":70,"column":47}},"70":{"start":{"line":71,"column":0},"end":{"line":71,"column":6}},"71":{"start":{"line":72,"column":0},"end":{"line":72,"column":0}},"72":{"start":{"line":73,"column":0},"end":{"line":73,"column":26}},"73":{"start":{"line":74,"column":0},"end":{"line":74,"column":45}},"74":{"start":{"line":75,"column":0},"end":{"line":75,"column":56}},"75":{"start":{"line":76,"column":0},"end":{"line":76,"column":33}},"76":{"start":{"line":77,"column":0},"end":{"line":77,"column":31}},"77":{"start":{"line":78,"column":0},"end":{"line":78,"column":75}},"78":{"start":{"line":79,"column":0},"end":{"line":79,"column":7}},"79":{"start":{"line":80,"column":0},"end":{"line":80,"column":5}},"80":{"start":{"line":81,"column":0},"end":{"line":81,"column":0}},"81":{"start":{"line":82,"column":0},"end":{"line":82,"column":78}},"82":{"start":{"line":83,"column":0},"end":{"line":83,"column":49}},"83":{"start":{"line":84,"column":0},"end":{"line":84,"column":39}},"84":{"start":{"line":85,"column":0},"end":{"line":85,"column":40}},"85":{"start":{"line":86,"column":0},"end":{"line":86,"column":35}},"86":{"start":{"line":87,"column":0},"end":{"line":87,"column":31}},"87":{"start":{"line":88,"column":0},"end":{"line":88,"column":27}},"88":{"start":{"line":89,"column":0},"end":{"line":89,"column":60}},"89":{"start":{"line":90,"column":0},"end":{"line":90,"column":49}},"90":{"start":{"line":91,"column":0},"end":{"line":91,"column":10}},"91":{"start":{"line":92,"column":0},"end":{"line":92,"column":7}},"92":{"start":{"line":93,"column":0},"end":{"line":93,"column":5}},"93":{"start":{"line":94,"column":0},"end":{"line":94,"column":0}},"94":{"start":{"line":95,"column":0},"end":{"line":95,"column":18}},"95":{"start":{"line":96,"column":0},"end":{"line":96,"column":3}},"96":{"start":{"line":97,"column":0},"end":{"line":97,"column":0}},"97":{"start":{"line":98,"column":0},"end":{"line":98,"column":77}},"98":{"start":{"line":99,"column":0},"end":{"line":99,"column":38}},"99":{"start":{"line":100,"column":0},"end":{"line":100,"column":20}},"100":{"start":{"line":101,"column":0},"end":{"line":101,"column":37}},"101":{"start":{"line":102,"column":0},"end":{"line":102,"column":17}},"102":{"start":{"line":103,"column":0},"end":{"line":103,"column":19}},"103":{"start":{"line":104,"column":0},"end":{"line":104,"column":19}},"104":{"start":{"line":105,"column":0},"end":{"line":105,"column":6}},"105":{"start":{"line":106,"column":0},"end":{"line":106,"column":0}},"106":{"start":{"line":107,"column":0},"end":{"line":107,"column":28}},"107":{"start":{"line":108,"column":0},"end":{"line":108,"column":36}},"108":{"start":{"line":109,"column":0},"end":{"line":109,"column":29}},"109":{"start":{"line":110,"column":0},"end":{"line":110,"column":50}},"110":{"start":{"line":111,"column":0},"end":{"line":111,"column":5}},"111":{"start":{"line":112,"column":0},"end":{"line":112,"column":0}},"112":{"start":{"line":113,"column":0},"end":{"line":113,"column":32}},"113":{"start":{"line":114,"column":0},"end":{"line":114,"column":29}},"114":{"start":{"line":115,"column":0},"end":{"line":115,"column":46}},"115":{"start":{"line":116,"column":0},"end":{"line":116,"column":5}},"116":{"start":{"line":117,"column":0},"end":{"line":117,"column":0}},"117":{"start":{"line":118,"column":0},"end":{"line":118,"column":32}},"118":{"start":{"line":119,"column":0},"end":{"line":119,"column":29}},"119":{"start":{"line":120,"column":0},"end":{"line":120,"column":61}},"120":{"start":{"line":121,"column":0},"end":{"line":121,"column":5}},"121":{"start":{"line":122,"column":0},"end":{"line":122,"column":0}},"122":{"start":{"line":123,"column":0},"end":{"line":123,"column":18}},"123":{"start":{"line":124,"column":0},"end":{"line":124,"column":3}},"124":{"start":{"line":125,"column":0},"end":{"line":125,"column":1}}},"s":{"0":1,"1":1,"2":1,"3":1,"4":1,"5":1,"6":1,"7":1,"8":1,"9":1,"10":1,"11":1,"12":1,"13":1,"14":1,"15":1,"16":1,"17":1,"18":2,"19":2,"20":2,"21":2,"22":2,"23":2,"24":2,"25":2,"26":2,"27":2,"28":2,"29":1,"30":1,"31":1,"32":3,"33":1,"34":1,"35":1,"36":2,"37":2,"38":2,"39":1,"40":1,"41":1,"42":1,"43":1,"44":1,"45":1,"46":1,"47":1,"48":1,"49":1,"50":1,"51":1,"52":0,"53":0,"54":0,"55":0,"56":0,"57":0,"58":0,"59":1,"60":1,"61":1,"62":1,"63":1,"64":0,"65":0,"66":0,"67":0,"68":0,"69":0,"70":0,"71":0,"72":0,"73":0,"74":0,"75":0,"76":0,"77":0,"78":0,"79":0,"80":0,"81":0,"82":0,"83":0,"84":0,"85":0,"86":0,"87":0,"88":0,"89":0,"90":0,"91":0,"92":0,"93":0,"94":0,"95":0,"96":1,"97":1,"98":0,"99":0,"100":0,"101":0,"102":0,"103":0,"104":0,"105":0,"106":0,"107":0,"108":0,"109":0,"110":0,"111":0,"112":0,"113":0,"114":0,"115":0,"116":0,"117":0,"118":0,"119":0,"120":0,"121":0,"122":0,"123":0,"124":1},"branchMap":{"0":{"type":"branch","line":18,"loc":{"start":{"line":18,"column":2},"end":{"line":39,"column":3}},"locations":[{"start":{"line":18,"column":2},"end":{"line":39,"column":3}}]},"1":{"type":"branch","line":29,"loc":{"start":{"line":29,"column":4},"end":{"line":36,"column":5}},"locations":[{"start":{"line":29,"column":4},"end":{"line":36,"column":5}}]},"2":{"type":"branch","line":32,"loc":{"start":{"line":32,"column":29},"end":{"line":34,"column":9}},"locations":[{"start":{"line":32,"column":29},"end":{"line":34,"column":9}}]},"3":{"type":"branch","line":41,"loc":{"start":{"line":41,"column":2},"end":{"line":62,"column":3}},"locations":[{"start":{"line":41,"column":2},"end":{"line":62,"column":3}}]},"4":{"type":"branch","line":52,"loc":{"start":{"line":52,"column":4},"end":{"line":59,"column":5}},"locations":[{"start":{"line":52,"column":4},"end":{"line":59,"column":5}}]}},"b":{"0":[2],"1":[1],"2":[3],"3":[1],"4":[0]},"fnMap":{"0":{"name":"validateToken","decl":{"start":{"line":18,"column":2},"end":{"line":39,"column":3}},"loc":{"start":{"line":18,"column":2},"end":{"line":39,"column":3}},"line":18},"1":{"name":"validateChain","decl":{"start":{"line":41,"column":2},"end":{"line":62,"column":3}},"loc":{"start":{"line":41,"column":2},"end":{"line":62,"column":3}},"line":41},"2":{"name":"validateDelegationChain","decl":{"start":{"line":64,"column":2},"end":{"line":96,"column":3}},"loc":{"start":{"line":64,"column":2},"end":{"line":96,"column":3}},"line":64},"3":{"name":"validateInvocation","decl":{"start":{"line":98,"column":2},"end":{"line":124,"column":3}},"loc":{"start":{"line":98,"column":2},"end":{"line":124,"column":3}},"line":98}},"f":{"0":2,"1":1,"2":0,"3":0}}
}
